#
# There is insufficient memory for the Java Runtime Environment to continue.
# Native memory allocation (malloc) failed to allocate 997376 bytes for Chunk::new
# Possible reasons:
#   The system is out of physical RAM or swap space
#   The process is running with CompressedOops enabled, and the Java Heap may be blocking the growth of the native heap
# Possible solutions:
#   Reduce memory load on the system
#   Increase physical memory or swap space
#   Check if swap backing store is full
#   Decrease Java heap size (-Xmx/-Xms)
#   Decrease number of Java threads
#   Decrease Java thread stack sizes (-Xss)
#   Set larger code cache with -XX:ReservedCodeCacheSize=
#   JVM is running with Unscaled Compressed Oops mode in which the Java heap is
#     placed in the first 4GB address space. The Java Heap base address is the
#     maximum limit for the native heap growth. Please use -XX:HeapBaseMinAddress
#     to set the Java Heap base and to place the Java Heap above 4GB virtual address.
# This output file may be truncated or incomplete.
#
#  Out of Memory Error (./open/src/hotspot/share/memory/arena.cpp:195), pid=12188, tid=9552
#
# JRE version: Java(TM) SE Runtime Environment (14.0.2+12) (build 14.0.2+12-46)
# Java VM: Java HotSpot(TM) 64-Bit Server VM (14.0.2+12-46, mixed mode, sharing, tiered, compressed oops, g1 gc, windows-amd64)
# No core dump will be written. Minidumps are not enabled by default on client versions of Windows
#

---------------  S U M M A R Y ------------

Command Line: -agentlib:jdwp=transport=dt_socket,address=127.0.0.1:53114,suspend=y,server=n -ea -Didea.test.cyclic.buffer.size=1048576 -javaagent:C:\Users\ALKODS\AppData\Local\JetBrains\IdeaIC2020.3\captureAgent\debugger-agent.jar -Dfile.encoding=UTF-8 com.intellij.rt.junit.JUnitStarter -ideVersion5 -junit4 com.udacity.vehicles.api.CarControllerTest,listCars

Host: Intel(R) Core(TM) i5-3337U CPU @ 1.80GHz, 4 cores, 5G,  Windows 10 , 64 bit Build 19041 (10.0.19041.928)
Time: Tue Apr 20 17:35:16 2021 Egypt Standard Time elapsed time: 21 seconds (0d 0h 0m 21s)

---------------  T H R E A D  ---------------

Current thread (0x00000236851f6000):  JavaThread "C2 CompilerThread0" daemon [_thread_in_native, id=9552, stack(0x000000822de00000,0x000000822df00000)]


Current CompileTask:
C2:  21347 5524       4       org.springframework.asm.ClassReader::readCode (5085 bytes)

Stack: [0x000000822de00000,0x000000822df00000]
Native frames: (J=compiled Java code, j=interpreted, Vv=VM code, C=native code)
V  [jvm.dll+0x5f8a9a]
V  [jvm.dll+0x74247a]
V  [jvm.dll+0x743c2f]
V  [jvm.dll+0x744273]
V  [jvm.dll+0x20d288]
V  [jvm.dll+0xabb07]
V  [jvm.dll+0xac1fc]
V  [jvm.dll+0x276db4]
V  [jvm.dll+0x50cffa]
V  [jvm.dll+0x1ee1da]
V  [jvm.dll+0x1e7cfb]
V  [jvm.dll+0x1e4f98]
V  [jvm.dll+0x1779cc]
V  [jvm.dll+0x1f4105]
V  [jvm.dll+0x1f22eb]
V  [jvm.dll+0x7070cd]
V  [jvm.dll+0x6ffeda]
V  [jvm.dll+0x5f78f6]
C  [ucrtbase.dll+0x21bb2]
C  [KERNEL32.DLL+0x17034]
C  [ntdll.dll+0x52651]


---------------  P R O C E S S  ---------------

Threads class SMR info:
_java_thread_list=0x0000023689636fa0, length=17, elements={
0x00000236e7c5d000, 0x00000236851d3800, 0x00000236851d4800, 0x00000236851ef800,
0x00000236851f2800, 0x00000236851f5000, 0x00000236851f6000, 0x00000236851fa000,
0x0000023685ba3000, 0x0000023685df5000, 0x0000023685ea6800, 0x0000023685eb9000,
0x0000023685ed2800, 0x000002368662b800, 0x000002368c12b800, 0x000002368c994000,
0x00000236872f8800
}

Java Threads: ( => current thread )
  0x00000236e7c5d000 JavaThread "main" [_thread_in_vm, id=2016, stack(0x000000822d200000,0x000000822d300000)]
  0x00000236851d3800 JavaThread "Reference Handler" daemon [_thread_blocked, id=7864, stack(0x000000822d900000,0x000000822da00000)]
  0x00000236851d4800 JavaThread "Finalizer" daemon [_thread_blocked, id=2760, stack(0x000000822da00000,0x000000822db00000)]
  0x00000236851ef800 JavaThread "Signal Dispatcher" daemon [_thread_blocked, id=8548, stack(0x000000822db00000,0x000000822dc00000)]
  0x00000236851f2800 JavaThread "Attach Listener" daemon [_thread_blocked, id=7696, stack(0x000000822dc00000,0x000000822dd00000)]
  0x00000236851f5000 JavaThread "Service Thread" daemon [_thread_blocked, id=6408, stack(0x000000822dd00000,0x000000822de00000)]
=>0x00000236851f6000 JavaThread "C2 CompilerThread0" daemon [_thread_in_native, id=9552, stack(0x000000822de00000,0x000000822df00000)]
  0x00000236851fa000 JavaThread "C1 CompilerThread0" daemon [_thread_blocked, id=1300, stack(0x000000822df00000,0x000000822e000000)]
  0x0000023685ba3000 JavaThread "Sweeper thread" daemon [_thread_blocked, id=9844, stack(0x000000822e000000,0x000000822e100000)]
  0x0000023685df5000 JavaThread "Common-Cleaner" daemon [_thread_blocked, id=1424, stack(0x000000822e100000,0x000000822e200000)]
  0x0000023685ea6800 JavaThread "JDWP Transport Listener: dt_socket" daemon [_thread_blocked, id=9604, stack(0x000000822e200000,0x000000822e300000)]
  0x0000023685eb9000 JavaThread "JDWP Event Helper Thread" daemon [_thread_blocked, id=344, stack(0x000000822e300000,0x000000822e400000)]
  0x0000023685ed2800 JavaThread "JDWP Command Reader" daemon [_thread_in_native, id=6436, stack(0x000000822e400000,0x000000822e500000)]
  0x000002368662b800 JavaThread "Notification Thread" daemon [_thread_blocked, id=2744, stack(0x000000822e500000,0x000000822e600000)]
  0x000002368c12b800 JavaThread "C2 CompilerThread1" daemon [_thread_in_native, id=5708, stack(0x000000822e800000,0x000000822e900000)]
  0x000002368c994000 JavaThread "HikariPool-1 housekeeper" daemon [_thread_blocked, id=4540, stack(0x000000822eb00000,0x000000822ec00000)]
  0x00000236872f8800 JavaThread "HikariPool-1 connection adder" daemon [_thread_blocked, id=10468, stack(0x000000822ec00000,0x000000822ed00000)]

Other Threads:
  0x00000236851ce000 VMThread "VM Thread" [stack: 0x000000822d800000,0x000000822d900000] [id=2668]
  0x00000236860ab800 WatcherThread [stack: 0x000000822e600000,0x000000822e700000] [id=3584]
  0x00000236e7c96800 GCTaskThread "GC Thread#0" [stack: 0x000000822d300000,0x000000822d400000] [id=5256]
  0x0000023686670800 GCTaskThread "GC Thread#1" [stack: 0x000000822e700000,0x000000822e800000] [id=7584]
  0x0000023686fc3800 GCTaskThread "GC Thread#2" [stack: 0x000000822e900000,0x000000822ea00000] [id=6364]
  0x0000023687013800 GCTaskThread "GC Thread#3" [stack: 0x000000822ea00000,0x000000822eb00000] [id=9704]
  0x00000236e7ca4800 ConcurrentGCThread "G1 Main Marker" [stack: 0x000000822d400000,0x000000822d500000] [id=5224]
  0x00000236e7ca6000 ConcurrentGCThread "G1 Conc#0" [stack: 0x000000822d500000,0x000000822d600000] [id=1120]
  0x00000236e7d13800 ConcurrentGCThread "G1 Refine#0" [stack: 0x000000822d600000,0x000000822d700000] [id=12108]
  0x00000236e7d16800 ConcurrentGCThread "G1 Young RemSet Sampling" [stack: 0x000000822d700000,0x000000822d800000] [id=11788]

Threads with active compile tasks:
C2 CompilerThread0    21510 5524       4       org.springframework.asm.ClassReader::readCode (5085 bytes)
C1 CompilerThread0    21511 5594       3       java.beans.Introspector::getTargetEventInfo (529 bytes)
C2 CompilerThread1    21511 5379       4       org.springframework.core.ResolvableType::as (86 bytes)

VM state:not at safepoint (normal execution)

VM Mutex/Monitor currently owned by a thread: None

Heap address: 0x00000000a1800000, size: 1512 MB, Compressed Oops mode: 32-bit
Narrow klass base: 0x0000000800000000, Narrow klass shift: 3
Compressed class space size: 1073741824 Address: 0x0000000800b30000

Heap:
 garbage-first heap   total 96256K, used 66999K [0x00000000a1800000, 0x0000000100000000)
  region size 1024K, 41 young (41984K), 3 survivors (3072K)
 Metaspace       used 56788K, capacity 57809K, committed 57856K, reserved 1099776K
  class space    used 7550K, capacity 7906K, committed 7936K, reserved 1048576K
Heap Regions: E=young(eden), S=young(survivor), O=old, HS=humongous(starts), HC=humongous(continues), CS=collection set, F=free, OA=open archive, CA=closed archive, TAMS=top-at-mark-start (previous, next)
|   0|0x00000000a1800000, 0x00000000a1900000, 0x00000000a1900000|100%|HS|  |TAMS 0x00000000a1900000, 0x00000000a1800000| Complete 
|   1|0x00000000a1900000, 0x00000000a1a00000, 0x00000000a1a00000|100%| O|  |TAMS 0x00000000a1a00000, 0x00000000a1900000| Untracked 
|   2|0x00000000a1a00000, 0x00000000a1b00000, 0x00000000a1b00000|100%| O|  |TAMS 0x00000000a1b00000, 0x00000000a1a00000| Untracked 
|   3|0x00000000a1b00000, 0x00000000a1c00000, 0x00000000a1c00000|100%| O|  |TAMS 0x00000000a1c00000, 0x00000000a1b00000| Untracked 
|   4|0x00000000a1c00000, 0x00000000a1d00000, 0x00000000a1d00000|100%| O|  |TAMS 0x00000000a1d00000, 0x00000000a1c00000| Untracked 
|   5|0x00000000a1d00000, 0x00000000a1e00000, 0x00000000a1e00000|100%| O|  |TAMS 0x00000000a1e00000, 0x00000000a1d00000| Untracked 
|   6|0x00000000a1e00000, 0x00000000a1f00000, 0x00000000a1f00000|100%| O|  |TAMS 0x00000000a1f00000, 0x00000000a1e00000| Untracked 
|   7|0x00000000a1f00000, 0x00000000a2000000, 0x00000000a2000000|100%| O|  |TAMS 0x00000000a2000000, 0x00000000a1f00000| Untracked 
|   8|0x00000000a2000000, 0x00000000a2065c00, 0x00000000a2100000| 39%| O|  |TAMS 0x00000000a2065c00, 0x00000000a2000000| Untracked 
|   9|0x00000000a2100000, 0x00000000a2200000, 0x00000000a2200000|100%| O|  |TAMS 0x00000000a2200000, 0x00000000a2100000| Untracked 
|  10|0x00000000a2200000, 0x00000000a2300000, 0x00000000a2300000|100%| O|  |TAMS 0x00000000a2300000, 0x00000000a2200000| Untracked 
|  11|0x00000000a2300000, 0x00000000a2400000, 0x00000000a2400000|100%| O|  |TAMS 0x00000000a2400000, 0x00000000a2300000| Untracked 
|  12|0x00000000a2400000, 0x00000000a2500000, 0x00000000a2500000|100%| O|  |TAMS 0x00000000a2500000, 0x00000000a2400000| Untracked 
|  13|0x00000000a2500000, 0x00000000a2600000, 0x00000000a2600000|100%| O|  |TAMS 0x00000000a2600000, 0x00000000a2500000| Untracked 
|  14|0x00000000a2600000, 0x00000000a2700000, 0x00000000a2700000|100%| O|  |TAMS 0x00000000a2700000, 0x00000000a2600000| Untracked 
|  15|0x00000000a2700000, 0x00000000a2800000, 0x00000000a2800000|100%| O|  |TAMS 0x00000000a2800000, 0x00000000a2700000| Untracked 
|  16|0x00000000a2800000, 0x00000000a2900000, 0x00000000a2900000|100%| O|  |TAMS 0x00000000a2900000, 0x00000000a2800000| Untracked 
|  17|0x00000000a2900000, 0x00000000a2a00000, 0x00000000a2a00000|100%| O|  |TAMS 0x00000000a2a00000, 0x00000000a2900000| Untracked 
|  18|0x00000000a2a00000, 0x00000000a2b00000, 0x00000000a2b00000|100%| O|  |TAMS 0x00000000a2a7fc00, 0x00000000a2a00000| Untracked 
|  19|0x00000000a2b00000, 0x00000000a2c00000, 0x00000000a2c00000|100%| O|  |TAMS 0x00000000a2b00000, 0x00000000a2b00000| Untracked 
|  20|0x00000000a2c00000, 0x00000000a2d00000, 0x00000000a2d00000|100%| O|  |TAMS 0x00000000a2c00000, 0x00000000a2c00000| Untracked 
|  21|0x00000000a2d00000, 0x00000000a2e00000, 0x00000000a2e00000|100%| O|  |TAMS 0x00000000a2d00000, 0x00000000a2d00000| Untracked 
|  22|0x00000000a2e00000, 0x00000000a2f00000, 0x00000000a2f00000|100%| O|  |TAMS 0x00000000a2e00000, 0x00000000a2e00000| Untracked 
|  23|0x00000000a2f00000, 0x00000000a3000000, 0x00000000a3000000|100%| O|  |TAMS 0x00000000a2f00000, 0x00000000a2f00000| Untracked 
|  24|0x00000000a3000000, 0x00000000a3100000, 0x00000000a3100000|100%| O|  |TAMS 0x00000000a3000000, 0x00000000a3000000| Untracked 
|  25|0x00000000a3100000, 0x00000000a3200000, 0x00000000a3200000|100%| O|  |TAMS 0x00000000a3100000, 0x00000000a3100000| Untracked 
|  26|0x00000000a3200000, 0x00000000a32c8000, 0x00000000a3300000| 78%| O|  |TAMS 0x00000000a3200000, 0x00000000a3200000| Untracked 
|  27|0x00000000a3300000, 0x00000000a3300000, 0x00000000a3400000|  0%| F|  |TAMS 0x00000000a3300000, 0x00000000a3300000| Untracked 
|  28|0x00000000a3400000, 0x00000000a3400000, 0x00000000a3500000|  0%| F|  |TAMS 0x00000000a3400000, 0x00000000a3400000| Untracked 
|  29|0x00000000a3500000, 0x00000000a3500000, 0x00000000a3600000|  0%| F|  |TAMS 0x00000000a3500000, 0x00000000a3500000| Untracked 
|  30|0x00000000a3600000, 0x00000000a3600000, 0x00000000a3700000|  0%| F|  |TAMS 0x00000000a3600000, 0x00000000a3600000| Untracked 
|  31|0x00000000a3700000, 0x00000000a3700000, 0x00000000a3800000|  0%| F|  |TAMS 0x00000000a3700000, 0x00000000a3700000| Untracked 
|  32|0x00000000a3800000, 0x00000000a3800000, 0x00000000a3900000|  0%| F|  |TAMS 0x00000000a3800000, 0x00000000a3800000| Untracked 
|  33|0x00000000a3900000, 0x00000000a3900000, 0x00000000a3a00000|  0%| F|  |TAMS 0x00000000a3900000, 0x00000000a3900000| Untracked 
|  34|0x00000000a3a00000, 0x00000000a3a00000, 0x00000000a3b00000|  0%| F|  |TAMS 0x00000000a3a00000, 0x00000000a3a00000| Untracked 
|  35|0x00000000a3b00000, 0x00000000a3b00000, 0x00000000a3c00000|  0%| F|  |TAMS 0x00000000a3b00000, 0x00000000a3b00000| Untracked 
|  36|0x00000000a3c00000, 0x00000000a3c00000, 0x00000000a3d00000|  0%| F|  |TAMS 0x00000000a3c00000, 0x00000000a3c00000| Untracked 
|  37|0x00000000a3d00000, 0x00000000a3d00000, 0x00000000a3e00000|  0%| F|  |TAMS 0x00000000a3d00000, 0x00000000a3d00000| Untracked 
|  38|0x00000000a3e00000, 0x00000000a3e40188, 0x00000000a3f00000| 25%| S|CS|TAMS 0x00000000a3e00000, 0x00000000a3e00000| Complete 
|  39|0x00000000a3f00000, 0x00000000a3f00000, 0x00000000a4000000|  0%| F|  |TAMS 0x00000000a3f00000, 0x00000000a3f00000| Untracked 
|  40|0x00000000a4000000, 0x00000000a4100000, 0x00000000a4100000|100%| S|CS|TAMS 0x00000000a4000000, 0x00000000a4000000| Complete 
|  41|0x00000000a4100000, 0x00000000a4200000, 0x00000000a4200000|100%| S|CS|TAMS 0x00000000a4100000, 0x00000000a4100000| Complete 
|  42|0x00000000a4200000, 0x00000000a4200000, 0x00000000a4300000|  0%| F|  |TAMS 0x00000000a4200000, 0x00000000a4200000| Untracked 
|  43|0x00000000a4300000, 0x00000000a4300000, 0x00000000a4400000|  0%| F|  |TAMS 0x00000000a4300000, 0x00000000a4300000| Untracked 
|  44|0x00000000a4400000, 0x00000000a4400000, 0x00000000a4500000|  0%| F|  |TAMS 0x00000000a4400000, 0x00000000a4400000| Untracked 
|  45|0x00000000a4500000, 0x00000000a4500000, 0x00000000a4600000|  0%| F|  |TAMS 0x00000000a4500000, 0x00000000a4500000| Untracked 
|  46|0x00000000a4600000, 0x00000000a4600000, 0x00000000a4700000|  0%| F|  |TAMS 0x00000000a4600000, 0x00000000a4600000| Untracked 
|  47|0x00000000a4700000, 0x00000000a4700000, 0x00000000a4800000|  0%| F|  |TAMS 0x00000000a4700000, 0x00000000a4700000| Untracked 
|  48|0x00000000a4800000, 0x00000000a4800000, 0x00000000a4900000|  0%| F|  |TAMS 0x00000000a4800000, 0x00000000a4800000| Untracked 
|  49|0x00000000a4900000, 0x00000000a4900000, 0x00000000a4a00000|  0%| F|  |TAMS 0x00000000a4900000, 0x00000000a4900000| Untracked 
|  50|0x00000000a4a00000, 0x00000000a4a00000, 0x00000000a4b00000|  0%| F|  |TAMS 0x00000000a4a00000, 0x00000000a4a00000| Untracked 
|  51|0x00000000a4b00000, 0x00000000a4b00000, 0x00000000a4c00000|  0%| F|  |TAMS 0x00000000a4b00000, 0x00000000a4b00000| Untracked 
|  52|0x00000000a4c00000, 0x00000000a4c00000, 0x00000000a4d00000|  0%| F|  |TAMS 0x00000000a4c00000, 0x00000000a4c00000| Untracked 
|  53|0x00000000a4d00000, 0x00000000a4d00000, 0x00000000a4e00000|  0%| F|  |TAMS 0x00000000a4d00000, 0x00000000a4d00000| Untracked 
|  54|0x00000000a4e00000, 0x00000000a4e00000, 0x00000000a4f00000|  0%| F|  |TAMS 0x00000000a4e00000, 0x00000000a4e00000| Untracked 
|  55|0x00000000a4f00000, 0x00000000a4f00000, 0x00000000a5000000|  0%| F|  |TAMS 0x00000000a4f00000, 0x00000000a4f00000| Untracked 
|  56|0x00000000a5000000, 0x00000000a5080800, 0x00000000a5100000| 50%| E|  |TAMS 0x00000000a5000000, 0x00000000a5000000| Complete 
|  57|0x00000000a5100000, 0x00000000a5200000, 0x00000000a5200000|100%| E|CS|TAMS 0x00000000a5100000, 0x00000000a5100000| Complete 
|  58|0x00000000a5200000, 0x00000000a5300000, 0x00000000a5300000|100%| E|CS|TAMS 0x00000000a5200000, 0x00000000a5200000| Complete 
|  59|0x00000000a5300000, 0x00000000a5400000, 0x00000000a5400000|100%| E|CS|TAMS 0x00000000a5300000, 0x00000000a5300000| Complete 
|  60|0x00000000a5400000, 0x00000000a5500000, 0x00000000a5500000|100%| E|CS|TAMS 0x00000000a5400000, 0x00000000a5400000| Complete 
|  61|0x00000000a5500000, 0x00000000a5600000, 0x00000000a5600000|100%| E|CS|TAMS 0x00000000a5500000, 0x00000000a5500000| Complete 
|  62|0x00000000a5600000, 0x00000000a5700000, 0x00000000a5700000|100%| E|CS|TAMS 0x00000000a5600000, 0x00000000a5600000| Complete 
|  63|0x00000000a5700000, 0x00000000a5800000, 0x00000000a5800000|100%| E|CS|TAMS 0x00000000a5700000, 0x00000000a5700000| Complete 
|  64|0x00000000a5800000, 0x00000000a5900000, 0x00000000a5900000|100%| E|CS|TAMS 0x00000000a5800000, 0x00000000a5800000| Complete 
|  65|0x00000000a5900000, 0x00000000a5a00000, 0x00000000a5a00000|100%| E|CS|TAMS 0x00000000a5900000, 0x00000000a5900000| Complete 
|  66|0x00000000a5a00000, 0x00000000a5b00000, 0x00000000a5b00000|100%| E|CS|TAMS 0x00000000a5a00000, 0x00000000a5a00000| Complete 
|  67|0x00000000a5b00000, 0x00000000a5c00000, 0x00000000a5c00000|100%| E|CS|TAMS 0x00000000a5b00000, 0x00000000a5b00000| Complete 
|  68|0x00000000a5c00000, 0x00000000a5d00000, 0x00000000a5d00000|100%| E|CS|TAMS 0x00000000a5c00000, 0x00000000a5c00000| Complete 
|  69|0x00000000a5d00000, 0x00000000a5e00000, 0x00000000a5e00000|100%| E|CS|TAMS 0x00000000a5d00000, 0x00000000a5d00000| Complete 
|  70|0x00000000a5e00000, 0x00000000a5f00000, 0x00000000a5f00000|100%| E|CS|TAMS 0x00000000a5e00000, 0x00000000a5e00000| Complete 
|  71|0x00000000a5f00000, 0x00000000a6000000, 0x00000000a6000000|100%| E|CS|TAMS 0x00000000a5f00000, 0x00000000a5f00000| Complete 
|  72|0x00000000a6000000, 0x00000000a6100000, 0x00000000a6100000|100%| E|CS|TAMS 0x00000000a6000000, 0x00000000a6000000| Complete 
|  73|0x00000000a6100000, 0x00000000a6200000, 0x00000000a6200000|100%| E|CS|TAMS 0x00000000a6100000, 0x00000000a6100000| Complete 
|  74|0x00000000a6200000, 0x00000000a6300000, 0x00000000a6300000|100%| E|CS|TAMS 0x00000000a6200000, 0x00000000a6200000| Complete 
|  75|0x00000000a6300000, 0x00000000a6400000, 0x00000000a6400000|100%| E|CS|TAMS 0x00000000a6300000, 0x00000000a6300000| Complete 
|  76|0x00000000a6400000, 0x00000000a6500000, 0x00000000a6500000|100%| E|CS|TAMS 0x00000000a6400000, 0x00000000a6400000| Complete 
|  77|0x00000000a6500000, 0x00000000a6600000, 0x00000000a6600000|100%| E|CS|TAMS 0x00000000a6500000, 0x00000000a6500000| Complete 
|  78|0x00000000a6600000, 0x00000000a6700000, 0x00000000a6700000|100%| E|CS|TAMS 0x00000000a6600000, 0x00000000a6600000| Complete 
|  79|0x00000000a6700000, 0x00000000a6800000, 0x00000000a6800000|100%| E|CS|TAMS 0x00000000a6700000, 0x00000000a6700000| Complete 
|  80|0x00000000a6800000, 0x00000000a6900000, 0x00000000a6900000|100%| E|CS|TAMS 0x00000000a6800000, 0x00000000a6800000| Complete 
|  81|0x00000000a6900000, 0x00000000a6a00000, 0x00000000a6a00000|100%| E|CS|TAMS 0x00000000a6900000, 0x00000000a6900000| Complete 
|  82|0x00000000a6a00000, 0x00000000a6b00000, 0x00000000a6b00000|100%| E|CS|TAMS 0x00000000a6a00000, 0x00000000a6a00000| Complete 
|  83|0x00000000a6b00000, 0x00000000a6c00000, 0x00000000a6c00000|100%| E|CS|TAMS 0x00000000a6b00000, 0x00000000a6b00000| Complete 
|  84|0x00000000a6c00000, 0x00000000a6d00000, 0x00000000a6d00000|100%| E|CS|TAMS 0x00000000a6c00000, 0x00000000a6c00000| Complete 
|  85|0x00000000a6d00000, 0x00000000a6e00000, 0x00000000a6e00000|100%| E|CS|TAMS 0x00000000a6d00000, 0x00000000a6d00000| Complete 
|  86|0x00000000a6e00000, 0x00000000a6f00000, 0x00000000a6f00000|100%| E|CS|TAMS 0x00000000a6e00000, 0x00000000a6e00000| Complete 
|  87|0x00000000a6f00000, 0x00000000a7000000, 0x00000000a7000000|100%| E|CS|TAMS 0x00000000a6f00000, 0x00000000a6f00000| Complete 
|  88|0x00000000a7000000, 0x00000000a7100000, 0x00000000a7100000|100%| E|CS|TAMS 0x00000000a7000000, 0x00000000a7000000| Complete 
|  89|0x00000000a7100000, 0x00000000a7200000, 0x00000000a7200000|100%| E|CS|TAMS 0x00000000a7100000, 0x00000000a7100000| Complete 
|  90|0x00000000a7200000, 0x00000000a7300000, 0x00000000a7300000|100%| E|CS|TAMS 0x00000000a7200000, 0x00000000a7200000| Complete 
|  91|0x00000000a7300000, 0x00000000a7400000, 0x00000000a7400000|100%| E|CS|TAMS 0x00000000a7300000, 0x00000000a7300000| Complete 
|  92|0x00000000a7400000, 0x00000000a7500000, 0x00000000a7500000|100%| E|CS|TAMS 0x00000000a7400000, 0x00000000a7400000| Complete 
|  95|0x00000000a7700000, 0x00000000a7800000, 0x00000000a7800000|100%| E|CS|TAMS 0x00000000a7700000, 0x00000000a7700000| Complete 

Card table byte_map: [0x00000236ff6f0000,0x00000236ff9f0000] _byte_map_base: 0x00000236ff1e4000

Marking Bits (Prev, Next): (CMBitMap*) 0x00000236e7c97148, (CMBitMap*) 0x00000236e7c97188
 Prev Bits: [0x0000023680000000, 0x00000236817a0000)
 Next Bits: [0x00000236817a0000, 0x0000023682f40000)

Polling page: 0x00000236e5b00000

Metaspace:

Usage:
  Non-class:     48.73 MB capacity,    48.08 MB ( 99%) used,   537.00 KB (  1%) free+waste,   127.00 KB ( <1%) overhead. 
      Class:      7.72 MB capacity,     7.37 MB ( 96%) used,   298.61 KB (  4%) free+waste,    56.75 KB ( <1%) overhead. 
       Both:     56.45 MB capacity,    55.46 MB ( 98%) used,   835.61 KB (  1%) free+waste,   183.75 KB ( <1%) overhead. 

Virtual space:
  Non-class space:       50.00 MB reserved,      48.75 MB ( 98%) committed 
      Class space:        1.00 GB reserved,       7.75 MB ( <1%) committed 
             Both:        1.05 GB reserved,      56.50 MB (  5%) committed 

Chunk freelists:
   Non-Class:  17.00 KB
       Class:  0 bytes
        Both:  17.00 KB

MaxMetaspaceSize: 17179869184.00 GB
CompressedClassSpaceSize: 1.00 GB

CodeHeap 'non-profiled nmethods': size=120000Kb used=3844Kb max_used=3844Kb free=116155Kb
 bounds [0x00000236f7ec0000, 0x00000236f8290000, 0x00000236ff3f0000]
CodeHeap 'profiled nmethods': size=120000Kb used=12137Kb max_used=12137Kb free=107862Kb
 bounds [0x00000236f0990000, 0x00000236f1570000, 0x00000236f7ec0000]
CodeHeap 'non-nmethods': size=5760Kb used=1419Kb max_used=1455Kb free=4340Kb
 bounds [0x00000236f03f0000, 0x00000236f0660000, 0x00000236f0990000]
 total_blobs=5573 nmethods=4945 adapters=540
 compilation: enabled
              stopped_count=0, restarted_count=0
 full_count=0

Compilation events (20 events):
Event: 21.245 Thread 0x00000236851fa000 5550       1       java.lang.reflect.Constructor::getSignature (5 bytes)
Event: 21.245 Thread 0x00000236851fa000 nmethod 5550 0x00000236f827f810 code [0x00000236f827f9a0, 0x00000236f827fa78]
Event: 21.279 Thread 0x00000236851fa000 5551       3       java.util.Collections$UnmodifiableMap::entrySet (32 bytes)
Event: 21.280 Thread 0x00000236851fa000 nmethod 5551 0x00000236f1547e90 code [0x00000236f1548080, 0x00000236f1548698]
Event: 21.284 Thread 0x00000236851fa000 5552       3       org.springframework.core.LocalVariableTableParameterNameDiscoverer$LocalVariableTableVisitor::isWideType (20 bytes)
Event: 21.285 Thread 0x00000236851fa000 nmethod 5552 0x00000236f1548890 code [0x00000236f1548a20, 0x00000236f1548bb8]
Event: 21.287 Thread 0x00000236851fa000 5553       1       org.springframework.beans.factory.support.AbstractAutowireCapableBeanFactory::getInstantiationStrategy (5 bytes)
Event: 21.288 Thread 0x00000236851fa000 nmethod 5553 0x00000236f827fb10 code [0x00000236f827fca0, 0x00000236f827fd78]
Event: 21.298 Thread 0x00000236851fa000 5555       3       java.util.Collections$UnmodifiableMap$UnmodifiableEntrySet::iterator (9 bytes)
Event: 21.299 Thread 0x00000236851fa000 nmethod 5555 0x00000236f1548c90 code [0x00000236f1548e60, 0x00000236f1549248]
Event: 21.299 Thread 0x00000236851fa000 5556       3       java.util.Collections$UnmodifiableMap$UnmodifiableEntrySet$1::<init> (26 bytes)
Event: 21.299 Thread 0x00000236851fa000 nmethod 5556 0x00000236f1549390 code [0x00000236f1549540, 0x00000236f1549868]
Event: 21.301 Thread 0x00000236851fa000 5557       3       org.springframework.beans.factory.support.AbstractAutowireCapableBeanFactory::populateBean (412 bytes)
Event: 21.306 Thread 0x00000236851fa000 nmethod 5557 0x00000236f1549990 code [0x00000236f1549ec0, 0x00000236f154dd88]
Event: 21.309 Thread 0x00000236851fa000 5558       3       java.lang.reflect.Executable::sharedGetParameterAnnotations (76 bytes)
Event: 21.310 Thread 0x00000236851fa000 nmethod 5558 0x00000236f154ed90 code [0x00000236f154f020, 0x00000236f154fd18]
Event: 21.310 Thread 0x00000236851fa000 5559       3       org.springframework.beans.factory.support.AbstractAutowireCapableBeanFactory::applyMergedBeanDefinitionPostProcessors (62 bytes)
Event: 21.310 Thread 0x00000236851fa000 nmethod 5559 0x00000236f1550210 code [0x00000236f1550420, 0x00000236f1550db8]
Event: 21.333 Thread 0x00000236851fa000 5561       3       com.sun.beans.util.Cache$Kind$Soft::isStale (14 bytes)
Event: 21.333 Thread 0x00000236851fa000 nmethod 5561 0x00000236f1551010 code [0x00000236f15511c0, 0x00000236f15514f8]

GC Heap History (20 events):
Event: 11.821 GC heap before
{Heap before GC invocations=11 (full 0):
 garbage-first heap   total 55296K, used 44158K [0x00000000a1800000, 0x0000000100000000)
  region size 1024K, 28 young (28672K), 2 survivors (2048K)
 Metaspace       used 24857K, capacity 25534K, committed 25728K, reserved 1071104K
  class space    used 3093K, capacity 3334K, committed 3456K, reserved 1048576K
}
Event: 11.830 GC heap after
{Heap after GC invocations=12 (full 0):
 garbage-first heap   total 55296K, used 18545K [0x00000000a1800000, 0x0000000100000000)
  region size 1024K, 3 young (3072K), 3 survivors (3072K)
 Metaspace       used 24857K, capacity 25534K, committed 25728K, reserved 1071104K
  class space    used 3093K, capacity 3334K, committed 3456K, reserved 1048576K
}
Event: 12.500 GC heap before
{Heap before GC invocations=12 (full 0):
 garbage-first heap   total 55296K, used 44145K [0x00000000a1800000, 0x0000000100000000)
  region size 1024K, 28 young (28672K), 3 survivors (3072K)
 Metaspace       used 28904K, capacity 29617K, committed 29824K, reserved 1075200K
  class space    used 3610K, capacity 3862K, committed 3968K, reserved 1048576K
}
Event: 12.512 GC heap after
{Heap after GC invocations=13 (full 0):
 garbage-first heap   total 66560K, used 19323K [0x00000000a1800000, 0x0000000100000000)
  region size 1024K, 3 young (3072K), 3 survivors (3072K)
 Metaspace       used 28904K, capacity 29617K, committed 29824K, reserved 1075200K
  class space    used 3610K, capacity 3862K, committed 3968K, reserved 1048576K
}
Event: 13.337 GC heap before
{Heap before GC invocations=13 (full 0):
 garbage-first heap   total 66560K, used 52091K [0x00000000a1800000, 0x0000000100000000)
  region size 1024K, 35 young (35840K), 3 survivors (3072K)
 Metaspace       used 31351K, capacity 32136K, committed 32256K, reserved 1077248K
  class space    used 3990K, capacity 4252K, committed 4352K, reserved 1048576K
}
Event: 13.349 GC heap after
{Heap after GC invocations=14 (full 0):
 garbage-first heap   total 66560K, used 20102K [0x00000000a1800000, 0x0000000100000000)
  region size 1024K, 3 young (3072K), 3 survivors (3072K)
 Metaspace       used 31351K, capacity 32136K, committed 32256K, reserved 1077248K
  class space    used 3990K, capacity 4252K, committed 4352K, reserved 1048576K
}
Event: 14.337 GC heap before
{Heap before GC invocations=14 (full 0):
 garbage-first heap   total 66560K, used 52870K [0x00000000a1800000, 0x0000000100000000)
  region size 1024K, 35 young (35840K), 3 survivors (3072K)
 Metaspace       used 34560K, capacity 35302K, committed 35584K, reserved 1079296K
  class space    used 4498K, capacity 4757K, committed 4864K, reserved 1048576K
}
Event: 14.355 GC heap after
{Heap after GC invocations=15 (full 0):
 garbage-first heap   total 66560K, used 21957K [0x00000000a1800000, 0x0000000100000000)
  region size 1024K, 4 young (4096K), 4 survivors (4096K)
 Metaspace       used 34560K, capacity 35302K, committed 35584K, reserved 1079296K
  class space    used 4498K, capacity 4757K, committed 4864K, reserved 1048576K
}
Event: 14.458 GC heap before
{Heap before GC invocations=15 (full 0):
 garbage-first heap   total 66560K, used 24005K [0x00000000a1800000, 0x0000000100000000)
  region size 1024K, 7 young (7168K), 4 survivors (4096K)
 Metaspace       used 35012K, capacity 35797K, committed 35840K, reserved 1081344K
  class space    used 4570K, capacity 4858K, committed 4864K, reserved 1048576K
}
Event: 14.469 GC heap after
{Heap after GC invocations=16 (full 0):
 garbage-first heap   total 66560K, used 21713K [0x00000000a1800000, 0x0000000100000000)
  region size 1024K, 2 young (2048K), 2 survivors (2048K)
 Metaspace       used 35012K, capacity 35797K, committed 35840K, reserved 1081344K
  class space    used 4570K, capacity 4858K, committed 4864K, reserved 1048576K
}
Event: 15.482 GC heap before
{Heap before GC invocations=17 (full 0):
 garbage-first heap   total 66560K, used 53457K [0x00000000a1800000, 0x0000000100000000)
  region size 1024K, 33 young (33792K), 2 survivors (2048K)
 Metaspace       used 38056K, capacity 38921K, committed 39040K, reserved 1083392K
  class space    used 5091K, capacity 5398K, committed 5504K, reserved 1048576K
}
Event: 15.496 GC heap after
{Heap after GC invocations=18 (full 0):
 garbage-first heap   total 79872K, used 23108K [0x00000000a1800000, 0x0000000100000000)
  region size 1024K, 3 young (3072K), 3 survivors (3072K)
 Metaspace       used 38056K, capacity 38921K, committed 39040K, reserved 1083392K
  class space    used 5091K, capacity 5398K, committed 5504K, reserved 1048576K
}
Event: 16.837 GC heap before
{Heap before GC invocations=18 (full 0):
 garbage-first heap   total 79872K, used 65092K [0x00000000a1800000, 0x0000000100000000)
  region size 1024K, 44 young (45056K), 3 survivors (3072K)
 Metaspace       used 41142K, capacity 42091K, committed 42240K, reserved 1085440K
  class space    used 5435K, capacity 5787K, committed 5888K, reserved 1048576K
}
Event: 16.856 GC heap after
{Heap after GC invocations=19 (full 0):
 garbage-first heap   total 79872K, used 24967K [0x00000000a1800000, 0x0000000100000000)
  region size 1024K, 5 young (5120K), 5 survivors (5120K)
 Metaspace       used 41142K, capacity 42091K, committed 42240K, reserved 1085440K
  class space    used 5435K, capacity 5787K, committed 5888K, reserved 1048576K
}
Event: 18.490 GC heap before
{Heap before GC invocations=19 (full 0):
 garbage-first heap   total 79872K, used 64903K [0x00000000a1800000, 0x0000000100000000)
  region size 1024K, 44 young (45056K), 5 survivors (5120K)
 Metaspace       used 46874K, capacity 47830K, committed 48128K, reserved 1091584K
  class space    used 6254K, capacity 6611K, committed 6656K, reserved 1048576K
}
Event: 18.513 GC heap after
{Heap after GC invocations=20 (full 0):
 garbage-first heap   total 79872K, used 26931K [0x00000000a1800000, 0x0000000100000000)
  region size 1024K, 4 young (4096K), 4 survivors (4096K)
 Metaspace       used 46874K, capacity 47830K, committed 48128K, reserved 1091584K
  class space    used 6254K, capacity 6611K, committed 6656K, reserved 1048576K
}
Event: 19.666 GC heap before
{Heap before GC invocations=20 (full 0):
 garbage-first heap   total 79872K, used 65843K [0x00000000a1800000, 0x0000000100000000)
  region size 1024K, 42 young (43008K), 4 survivors (4096K)
 Metaspace       used 52498K, capacity 53392K, committed 53504K, reserved 1095680K
  class space    used 7009K, capacity 7356K, committed 7424K, reserved 1048576K
}
Event: 19.683 GC heap after
{Heap after GC invocations=21 (full 0):
 garbage-first heap   total 79872K, used 28186K [0x00000000a1800000, 0x0000000100000000)
  region size 1024K, 4 young (4096K), 4 survivors (4096K)
 Metaspace       used 52498K, capacity 53392K, committed 53504K, reserved 1095680K
  class space    used 7009K, capacity 7356K, committed 7424K, reserved 1048576K
}
Event: 20.676 GC heap before
{Heap before GC invocations=21 (full 0):
 garbage-first heap   total 79872K, used 65050K [0x00000000a1800000, 0x0000000100000000)
  region size 1024K, 40 young (40960K), 4 survivors (4096K)
 Metaspace       used 56062K, capacity 57043K, committed 57216K, reserved 1099776K
  class space    used 7471K, capacity 7802K, committed 7808K, reserved 1048576K
}
Event: 20.691 GC heap after
{Heap after GC invocations=22 (full 0):
 garbage-first heap   total 96256K, used 29111K [0x00000000a1800000, 0x0000000100000000)
  region size 1024K, 3 young (3072K), 3 survivors (3072K)
 Metaspace       used 56062K, capacity 57043K, committed 57216K, reserved 1099776K
  class space    used 7471K, capacity 7802K, committed 7808K, reserved 1048576K
}

Deoptimization events (20 events):
Event: 21.336 Thread 0x00000236e7c5d000 DEOPT PACKING pc=0x00000236f1533c74 sp=0x000000822d2fd480
Event: 21.336 Thread 0x00000236e7c5d000 DEOPT UNPACKING pc=0x00000236f043964e sp=0x000000822d2fc9d0 mode 1
Event: 21.336 Thread 0x00000236e7c5d000 DEOPT PACKING pc=0x00000236f13ff5bc sp=0x000000822d2fc900
Event: 21.336 Thread 0x00000236e7c5d000 DEOPT UNPACKING pc=0x00000236f043964e sp=0x000000822d2fbdb8 mode 1
Event: 21.336 Thread 0x00000236e7c5d000 DEOPT PACKING pc=0x00000236f80e3b54 sp=0x000000822d2fd3d0
Event: 21.336 Thread 0x00000236e7c5d000 DEOPT UNPACKING pc=0x00000236f043964e sp=0x000000822d2fc848 mode 1
Event: 21.336 Thread 0x00000236e7c5d000 DEOPT PACKING pc=0x00000236f14c94bc sp=0x000000822d2fd410
Event: 21.336 Thread 0x00000236e7c5d000 DEOPT UNPACKING pc=0x00000236f043964e sp=0x000000822d2fc960 mode 1
Event: 21.336 Thread 0x00000236e7c5d000 DEOPT PACKING pc=0x00000236f0c4046c sp=0x000000822d2fd420
Event: 21.336 Thread 0x00000236e7c5d000 DEOPT UNPACKING pc=0x00000236f043964e sp=0x000000822d2fc8f0 mode 1
Event: 21.340 Thread 0x00000236e7c5d000 DEOPT PACKING pc=0x00000236f13ff5bc sp=0x000000822d2fc8f0
Event: 21.340 Thread 0x00000236e7c5d000 DEOPT UNPACKING pc=0x00000236f043964e sp=0x000000822d2fbda8 mode 1
Event: 21.340 Thread 0x00000236e7c5d000 DEOPT PACKING pc=0x00000236f80e3b54 sp=0x000000822d2fd3c0
Event: 21.340 Thread 0x00000236e7c5d000 DEOPT UNPACKING pc=0x00000236f043964e sp=0x000000822d2fc838 mode 1
Event: 21.340 Thread 0x00000236e7c5d000 DEOPT PACKING pc=0x00000236f14c94bc sp=0x000000822d2fd400
Event: 21.340 Thread 0x00000236e7c5d000 DEOPT UNPACKING pc=0x00000236f043964e sp=0x000000822d2fc948 mode 1
Event: 21.340 Thread 0x00000236e7c5d000 DEOPT PACKING pc=0x00000236f0c4046c sp=0x000000822d2fd400
Event: 21.341 Thread 0x00000236e7c5d000 DEOPT UNPACKING pc=0x00000236f043964e sp=0x000000822d2fc8d0 mode 1
Event: 21.341 Thread 0x00000236e7c5d000 DEOPT PACKING pc=0x00000236f1533ce4 sp=0x000000822d2fd4f0
Event: 21.341 Thread 0x00000236e7c5d000 DEOPT UNPACKING pc=0x00000236f043964e sp=0x000000822d2fca40 mode 1

Classes unloaded (0 events):
No events

Classes redefined (0 events):
No events

Internal exceptions (20 events):
Event: 21.280 Thread 0x00000236e7c5d000 Exception <a 'java/lang/ClassNotFoundException'{0x00000000a5d5b058}: org/springframework/beans/factory/AwareCustomizer> (0x00000000a5d5b058) 
thrown [./open/src/hotspot/share/classfile/systemDictionary.cpp, line 226]
Event: 21.298 Thread 0x00000236e7c5d000 Exception <a 'java/lang/ClassNotFoundException'{0x00000000a5df5608}: java/lang/ObjectCustomizer> (0x00000000a5df5608) 
thrown [./open/src/hotspot/share/classfile/systemDictionary.cpp, line 226]
Event: 21.299 Thread 0x00000236e7c5d000 Exception <a 'java/lang/ClassNotFoundException'{0x00000000a5c17418}: springfox/documentation/spring/web/DescriptionResolverCustomizer> (0x00000000a5c17418) 
thrown [./open/src/hotspot/share/classfile/systemDictionary.cpp, line 226]
Event: 21.301 Thread 0x00000236e7c5d000 Exception <a 'java/lang/ClassNotFoundException'{0x00000000a5c1e960}: java/lang/ObjectCustomizer> (0x00000000a5c1e960) 
thrown [./open/src/hotspot/share/classfile/systemDictionary.cpp, line 226]
Event: 21.302 Thread 0x00000236e7c5d000 Exception <a 'java/lang/ClassNotFoundException'{0x00000000a5c45988}: springfox/documentation/spring/web/readers/parameter/ParameterRequiredReaderCustomizer> (0x00000000a5c45988) 
thrown [./open/src/hotspot/share/classfile/systemDictionary.cpp, line 226]
Event: 21.304 Thread 0x00000236e7c5d000 Exception <a 'java/lang/ClassNotFoundException'{0x00000000a5c67d10}: springfox/documentation/spi/service/ParameterBuilderPluginCustomizer> (0x00000000a5c67d10) 
thrown [./open/src/hotspot/share/classfile/systemDictionary.cpp, line 226]
Event: 21.305 Thread 0x00000236e7c5d000 Exception <a 'java/lang/ClassNotFoundException'{0x00000000a5c823d8}: org/springframework/plugin/core/PluginCustomizer> (0x00000000a5c823d8) 
thrown [./open/src/hotspot/share/classfile/systemDictionary.cpp, line 226]
Event: 21.310 Thread 0x00000236e7c5d000 Exception <a 'java/lang/ClassNotFoundException'{0x00000000a5cab808}: java/lang/ObjectCustomizer> (0x00000000a5cab808) 
thrown [./open/src/hotspot/share/classfile/systemDictionary.cpp, line 226]
Event: 21.311 Thread 0x00000236e7c5d000 Exception <a 'java/lang/ClassNotFoundException'{0x00000000a5cd2830}: springfox/documentation/spring/web/readers/parameter/ParameterDataTypeReaderCustomizer> (0x00000000a5cd2830) 
thrown [./open/src/hotspot/share/classfile/systemDictionary.cpp, line 226]
Event: 21.313 Thread 0x00000236e7c5d000 Exception <a 'java/lang/ClassNotFoundException'{0x00000000a5cf4be8}: springfox/documentation/spi/service/ParameterBuilderPluginCustomizer> (0x00000000a5cf4be8) 
thrown [./open/src/hotspot/share/classfile/systemDictionary.cpp, line 226]
Event: 21.314 Thread 0x00000236e7c5d000 Exception <a 'java/lang/ClassNotFoundException'{0x00000000a5b0f4d0}: org/springframework/plugin/core/PluginCustomizer> (0x00000000a5b0f4d0) 
thrown [./open/src/hotspot/share/classfile/systemDictionary.cpp, line 226]
Event: 21.324 Thread 0x00000236e7c5d000 Exception <a 'java/lang/ClassNotFoundException'{0x00000000a5b31390}: java/lang/ObjectCustomizer> (0x00000000a5b31390) 
thrown [./open/src/hotspot/share/classfile/systemDictionary.cpp, line 226]
Event: 21.326 Thread 0x00000236e7c5d000 Exception <a 'java/lang/ClassNotFoundException'{0x00000000a5b57ed8}: springfox/documentation/spring/web/readers/parameter/ParameterDefaultReaderCustomizer> (0x00000000a5b57ed8) 
thrown [./open/src/hotspot/share/classfile/systemDictionary.cpp, line 226]
Event: 21.328 Thread 0x00000236e7c5d000 Exception <a 'java/lang/ClassNotFoundException'{0x00000000a5b7a248}: springfox/documentation/spi/service/ParameterBuilderPluginCustomizer> (0x00000000a5b7a248) 
thrown [./open/src/hotspot/share/classfile/systemDictionary.cpp, line 226]
Event: 21.329 Thread 0x00000236e7c5d000 Exception <a 'java/lang/ClassNotFoundException'{0x00000000a5b948b8}: org/springframework/plugin/core/PluginCustomizer> (0x00000000a5b948b8) 
thrown [./open/src/hotspot/share/classfile/systemDictionary.cpp, line 226]
Event: 21.331 Thread 0x00000236e7c5d000 Exception <a 'java/lang/ClassNotFoundException'{0x00000000a5b9ee00}: java/lang/ObjectCustomizer> (0x00000000a5b9ee00) 
thrown [./open/src/hotspot/share/classfile/systemDictionary.cpp, line 226]
Event: 21.332 Thread 0x00000236e7c5d000 Exception <a 'java/lang/ClassNotFoundException'{0x00000000a5bc4b98}: springfox/documentation/spring/web/readers/parameter/ParameterNameReaderCustomizer> (0x00000000a5bc4b98) 
thrown [./open/src/hotspot/share/classfile/systemDictionary.cpp, line 226]
Event: 21.335 Thread 0x00000236e7c5d000 Exception <a 'java/lang/ClassNotFoundException'{0x00000000a5be76e0}: springfox/documentation/spi/service/ParameterBuilderPluginCustomizer> (0x00000000a5be76e0) 
thrown [./open/src/hotspot/share/classfile/systemDictionary.cpp, line 226]
Event: 21.336 Thread 0x00000236e7c5d000 Exception <a 'java/lang/ClassNotFoundException'{0x00000000a5a02000}: org/springframework/plugin/core/PluginCustomizer> (0x00000000a5a02000) 
thrown [./open/src/hotspot/share/classfile/systemDictionary.cpp, line 226]
Event: 21.340 Thread 0x00000236e7c5d000 Exception <a 'java/lang/ClassNotFoundException'{0x00000000a5a2be00}: java/lang/ObjectCustomizer> (0x00000000a5a2be00) 
thrown [./open/src/hotspot/share/classfile/systemDictionary.cpp, line 226]

Events (20 events):
Event: 21.332 loading class springfox/documentation/spring/web/readers/parameter/ParameterNameReaderCustomizer
Event: 21.332 loading class springfox/documentation/spring/web/readers/parameter/ParameterNameReaderCustomizer done
Event: 21.334 loading class springfox/documentation/spi/service/ParameterBuilderPluginCustomizer
Event: 21.334 loading class springfox/documentation/spi/service/ParameterBuilderPluginCustomizer done
Event: 21.334 loading class springfox/documentation/spi/service/ParameterBuilderPluginCustomizer
Event: 21.334 loading class springfox/documentation/spi/service/ParameterBuilderPluginCustomizer done
Event: 21.335 loading class springfox/documentation/spi/service/ParameterBuilderPluginCustomizer
Event: 21.335 loading class springfox/documentation/spi/service/ParameterBuilderPluginCustomizer done
Event: 21.335 loading class org/springframework/plugin/core/PluginCustomizer
Event: 21.335 loading class org/springframework/plugin/core/PluginCustomizer done
Event: 21.336 loading class org/springframework/plugin/core/PluginCustomizer
Event: 21.336 loading class org/springframework/plugin/core/PluginCustomizer done
Event: 21.336 loading class org/springframework/plugin/core/PluginCustomizer
Event: 21.336 loading class org/springframework/plugin/core/PluginCustomizer done
Event: 21.340 loading class java/lang/ObjectCustomizer
Event: 21.340 loading class java/lang/ObjectCustomizer done
Event: 21.340 loading class java/lang/ObjectCustomizer
Event: 21.340 loading class java/lang/ObjectCustomizer done
Event: 21.341 loading class springfox/documentation/spring/web/readers/parameter/ExpandedParameterBuilderCustomizer
Event: 21.341 loading class springfox/documentation/spring/web/readers/parameter/ExpandedParameterBuilderCustomizer done


Dynamic libraries:
0x00007ff744530000 - 0x00007ff74453f000 	C:\Program Files\Java\jdk-14.0.2\bin\java.exe
0x00007ffdaac90000 - 0x00007ffdaae85000 	C:\WINDOWS\SYSTEM32\ntdll.dll
0x00007ffda8ee0000 - 0x00007ffda8f9d000 	C:\WINDOWS\System32\KERNEL32.DLL
0x00007ffda8a20000 - 0x00007ffda8ce8000 	C:\WINDOWS\System32\KERNELBASE.dll
0x00007ffda8890000 - 0x00007ffda8990000 	C:\WINDOWS\System32\ucrtbase.dll
0x00007ffd98e30000 - 0x00007ffd98e48000 	C:\Program Files\Java\jdk-14.0.2\bin\jli.dll
0x00007ffd9e9b0000 - 0x00007ffd9e9c5000 	C:\Program Files\Java\jdk-14.0.2\bin\VCRUNTIME140.dll
0x00007ffda8d00000 - 0x00007ffda8dac000 	C:\WINDOWS\System32\ADVAPI32.dll
0x00007ffda9480000 - 0x00007ffda951e000 	C:\WINDOWS\System32\msvcrt.dll
0x00007ffda9e00000 - 0x00007ffda9e9b000 	C:\WINDOWS\System32\sechost.dll
0x00007ffda8db0000 - 0x00007ffda8edb000 	C:\WINDOWS\System32\RPCRT4.dll
0x00007ffda90f0000 - 0x00007ffda9290000 	C:\WINDOWS\System32\USER32.dll
0x00007ffda85f0000 - 0x00007ffda8612000 	C:\WINDOWS\System32\win32u.dll
0x00007ffdaa070000 - 0x00007ffdaa09a000 	C:\WINDOWS\System32\GDI32.dll
0x00007ffda8620000 - 0x00007ffda872b000 	C:\WINDOWS\System32\gdi32full.dll
0x00007ffda83d0000 - 0x00007ffda846d000 	C:\WINDOWS\System32\msvcp_win.dll
0x00007ffd92530000 - 0x00007ffd927ca000 	C:\WINDOWS\WinSxS\amd64_microsoft.windows.common-controls_6595b64144ccf1df_6.0.19041.844_none_ca00b6081b84eb1d\COMCTL32.dll
0x00007ffd9efd0000 - 0x00007ffd9efda000 	C:\WINDOWS\SYSTEM32\VERSION.dll
0x00007ffda9fd0000 - 0x00007ffdaa000000 	C:\WINDOWS\System32\IMM32.DLL
0x00007ffd8f9d0000 - 0x00007ffd8fa6b000 	C:\Program Files\Java\jdk-14.0.2\bin\msvcp140.dll
0x00007ffd675f0000 - 0x00007ffd6810e000 	C:\Program Files\Java\jdk-14.0.2\bin\server\jvm.dll
0x00007ffda90e0000 - 0x00007ffda90e8000 	C:\WINDOWS\System32\PSAPI.DLL
0x00007ffd98420000 - 0x00007ffd98447000 	C:\WINDOWS\SYSTEM32\WINMM.dll
0x00007ffd95ba0000 - 0x00007ffd95ba9000 	C:\WINDOWS\SYSTEM32\WSOCK32.dll
0x00007ffdaabe0000 - 0x00007ffdaac4b000 	C:\WINDOWS\System32\WS2_32.dll
0x00007ffda6cf0000 - 0x00007ffda6d02000 	C:\WINDOWS\SYSTEM32\kernel.appcore.dll
0x00007ffd9e9a0000 - 0x00007ffd9e9aa000 	C:\Program Files\Java\jdk-14.0.2\bin\jimage.dll
0x00007ffda6a80000 - 0x00007ffda6c64000 	C:\WINDOWS\SYSTEM32\DBGHELP.DLL
0x00007ffd976d0000 - 0x00007ffd976fc000 	C:\WINDOWS\SYSTEM32\dbgcore.DLL
0x00007ffda8470000 - 0x00007ffda84f0000 	C:\WINDOWS\System32\bcryptPrimitives.dll
0x00007ffd8f950000 - 0x00007ffd8f988000 	C:\Program Files\Java\jdk-14.0.2\bin\jdwp.dll
0x00007ffd94cf0000 - 0x00007ffd94d15000 	C:\Program Files\Java\jdk-14.0.2\bin\java.dll
0x00007ffd946c0000 - 0x00007ffd946ce000 	C:\Program Files\Java\jdk-14.0.2\bin\instrument.dll
0x00007ffd8fbb0000 - 0x00007ffd8fbc6000 	C:\Program Files\Java\jdk-14.0.2\bin\zip.dll
0x00007ffdaa270000 - 0x00007ffdaa9b2000 	C:\WINDOWS\System32\SHELL32.dll
0x00007ffda62e0000 - 0x00007ffda6a71000 	C:\WINDOWS\SYSTEM32\windows.storage.dll
0x00007ffda99f0000 - 0x00007ffda9d45000 	C:\WINDOWS\System32\combase.dll
0x00007ffda7d70000 - 0x00007ffda7d9c000 	C:\WINDOWS\SYSTEM32\Wldp.dll
0x00007ffda9d50000 - 0x00007ffda9dfe000 	C:\WINDOWS\System32\SHCORE.dll
0x00007ffdaab00000 - 0x00007ffdaab55000 	C:\WINDOWS\System32\shlwapi.dll
0x00007ffda82c0000 - 0x00007ffda82df000 	C:\WINDOWS\SYSTEM32\profapi.dll
0x00007ffda12a0000 - 0x00007ffda12ab000 	C:\Program Files\Java\jdk-14.0.2\bin\dt_socket.dll
0x00007ffda77d0000 - 0x00007ffda780b000 	C:\WINDOWS\SYSTEM32\IPHLPAPI.DLL
0x00007ffda7ae0000 - 0x00007ffda7b4a000 	C:\WINDOWS\system32\mswsock.dll
0x00007ffd8fb90000 - 0x00007ffd8fba9000 	C:\Program Files\Java\jdk-14.0.2\bin\net.dll
0x00007ffda14f0000 - 0x00007ffda15fb000 	C:\WINDOWS\SYSTEM32\WINHTTP.dll
0x00007ffd8fb70000 - 0x00007ffd8fb82000 	C:\Program Files\Java\jdk-14.0.2\bin\nio.dll
0x00007ffd947c0000 - 0x00007ffd947d0000 	C:\Program Files\Java\jdk-14.0.2\bin\verify.dll
0x00007ffd94610000 - 0x00007ffd94619000 	C:\Program Files\Java\jdk-14.0.2\bin\management.dll
0x00007ffd94160000 - 0x00007ffd9416b000 	C:\Program Files\Java\jdk-14.0.2\bin\management_ext.dll
0x00007ffd92330000 - 0x00007ffd92347000 	C:\WINDOWS\system32\napinsp.dll
0x00007ffd92290000 - 0x00007ffd922ab000 	C:\WINDOWS\system32\pnrpnsp.dll
0x00007ffda0cd0000 - 0x00007ffda0ce5000 	C:\WINDOWS\system32\wshbth.dll
0x00007ffda3790000 - 0x00007ffda37ad000 	C:\WINDOWS\system32\NLAapi.dll
0x00007ffda7870000 - 0x00007ffda793c000 	C:\WINDOWS\SYSTEM32\DNSAPI.dll
0x00007ffda8cf0000 - 0x00007ffda8cf8000 	C:\WINDOWS\System32\NSI.dll
0x00007ffda3690000 - 0x00007ffda36a2000 	C:\WINDOWS\System32\winrnr.dll
0x00007ffd9b7f0000 - 0x00007ffd9b7fa000 	C:\Windows\System32\rasadhlp.dll
0x00007ffd9dc80000 - 0x00007ffd9dcff000 	C:\WINDOWS\System32\fwpuclnt.dll
0x00007ffda8990000 - 0x00007ffda89b7000 	C:\WINDOWS\System32\bcrypt.dll
0x00007ffd9f700000 - 0x00007ffd9f70e000 	C:\Program Files\Java\jdk-14.0.2\bin\sunmscapi.dll
0x00007ffda8730000 - 0x00007ffda888f000 	C:\WINDOWS\System32\CRYPT32.dll
0x00007ffda7de0000 - 0x00007ffda7e07000 	C:\WINDOWS\SYSTEM32\ncrypt.dll
0x00007ffda7da0000 - 0x00007ffda7ddb000 	C:\WINDOWS\SYSTEM32\NTASN1.dll
0x00007ffd98e50000 - 0x00007ffd98e75000 	C:\Program Files\Java\jdk-14.0.2\bin\sunec.dll
0x00007ffda7cb0000 - 0x00007ffda7cc8000 	C:\WINDOWS\SYSTEM32\CRYPTSP.dll
0x00007ffda7480000 - 0x00007ffda74b4000 	C:\WINDOWS\system32\rsaenh.dll
0x00007ffda8260000 - 0x00007ffda828e000 	C:\WINDOWS\SYSTEM32\USERENV.dll
0x00007ffda7cd0000 - 0x00007ffda7cdc000 	C:\WINDOWS\SYSTEM32\CRYPTBASE.dll
0x00007ffd9f000000 - 0x00007ffd9f017000 	C:\WINDOWS\SYSTEM32\dhcpcsvc6.DLL
0x00007ffd9ea90000 - 0x00007ffd9eaad000 	C:\WINDOWS\SYSTEM32\dhcpcsvc.DLL

dbghelp: loaded successfully - version: 4.0.5 - missing functions: none
symbol engine: initialized successfully - sym options: 0x614 - pdb path: .;C:\Program Files\Java\jdk-14.0.2\bin;C:\WINDOWS\SYSTEM32;C:\WINDOWS\WinSxS\amd64_microsoft.windows.common-controls_6595b64144ccf1df_6.0.19041.844_none_ca00b6081b84eb1d;C:\Program Files\Java\jdk-14.0.2\bin\server

VM Arguments:
jvm_args: -agentlib:jdwp=transport=dt_socket,address=127.0.0.1:53114,suspend=y,server=n -ea -Didea.test.cyclic.buffer.size=1048576 -javaagent:C:\Users\ALKODS\AppData\Local\JetBrains\IdeaIC2020.3\captureAgent\debugger-agent.jar -Dfile.encoding=UTF-8 
java_command: com.intellij.rt.junit.JUnitStarter -ideVersion5 -junit4 com.udacity.vehicles.api.CarControllerTest,listCars
java_class_path (initial): C:\Program Files\JetBrains\IntelliJ IDEA Community Edition 2020.3.3\lib\idea_rt.jar;C:\Program Files\JetBrains\IntelliJ IDEA Community Edition 2020.3.3\plugins\junit\lib\junit5-rt.jar;C:\Program Files\JetBrains\IntelliJ IDEA Community Edition 2020.3.3\plugins\junit\lib\junit-rt.jar;E:\SaMeH\Career\Programming\Courses\For Java\Java Web Developer Nanodegree\Part 2\Vehicles APIs\vehicles-api\target\test-classes;E:\SaMeH\Career\Programming\Courses\For Java\Java Web Developer Nanodegree\Part 2\Vehicles APIs\vehicles-api\target\classes;C:\Users\ALKODS\.m2\repository\org\springframework\boot\spring-boot-starter-data-jpa\2.1.6.RELEASE\spring-boot-starter-data-jpa-2.1.6.RELEASE.jar;C:\Users\ALKODS\.m2\repository\org\springframework\boot\spring-boot-starter-aop\2.1.6.RELEASE\spring-boot-starter-aop-2.1.6.RELEASE.jar;C:\Users\ALKODS\.m2\repository\org\springframework\spring-aop\5.1.8.RELEASE\spring-aop-5.1.8.RELEASE.jar;C:\Users\ALKODS\.m2\repository\org\aspectj\aspectjweaver\1.9.4\aspectjweaver-1.9.4.jar;C:\Users\ALKODS\.m2\repository\org\springframework\boot\spring-boot-starter-jdbc\2.1.6.RELEASE\spring-boot-starter-jdbc-2.1.6.RELEASE.jar;C:\Users\ALKODS\.m2\repository\com\zaxxer\HikariCP\3.2.0\HikariCP-3.2.0.jar;C:\Users\ALKODS\.m2\repository\org\springframework\spring-jdbc\5.1.8.RELEASE\spring-jdbc-5.1.8.RELEASE.jar;C:\Users\ALKODS\.m2\repository\javax\transaction\javax.transaction-api\1.3\javax.transaction-api-1.3.jar;C:\Users\ALKODS\.m2\repository\javax\xml\bind\jaxb-api\2.3.1\jaxb-api-2.3.1.jar;C:\Users\ALKODS\.m2\repository\javax\activation\javax.activation-api\1.2.0\javax.activation-api-1.2.0.jar;C:\Users\ALKODS\.m2\repository\org\hibernate\hibernate-core\5.3.10.Final\hibernate-core-5.3.10.Final.jar;C:\Users\ALKODS\.m2\repository\org\jboss\logging\jboss-logging\3.3.2.Final\jboss-logging-3.3.2.Final.jar;C:\Users\ALKODS\.m2\repository\javax\persistence\javax.persistence-api\2.2\javax.persistence-api-2.2.jar;C:\Users\ALKODS\.m2\repository\org
Launcher Type: SUN_STANDARD

[Global flags]
     intx CICompilerCount                          = 3                                         {product} {ergonomic}
     uint ConcGCThreads                            = 1                                         {product} {ergonomic}
     uint G1ConcRefinementThreads                  = 4                                         {product} {ergonomic}
   size_t G1HeapRegionSize                         = 1048576                                   {product} {ergonomic}
    uintx GCDrainStackTargetSize                   = 64                                        {product} {ergonomic}
   size_t InitialHeapSize                          = 100663296                                 {product} {ergonomic}
   size_t MarkStackSize                            = 4194304                                   {product} {ergonomic}
   size_t MaxHeapSize                              = 1585446912                                {product} {ergonomic}
   size_t MaxNewSize                               = 951058432                                 {product} {ergonomic}
   size_t MinHeapDeltaBytes                        = 1048576                                   {product} {ergonomic}
   size_t MinHeapSize                              = 8388608                                   {product} {ergonomic}
    uintx NonNMethodCodeHeapSize                   = 5832780                                {pd product} {ergonomic}
    uintx NonProfiledCodeHeapSize                  = 122912730                              {pd product} {ergonomic}
    uintx ProfiledCodeHeapSize                     = 122912730                              {pd product} {ergonomic}
    uintx ReservedCodeCacheSize                    = 251658240                              {pd product} {ergonomic}
     bool SegmentedCodeCache                       = true                                      {product} {ergonomic}
   size_t SoftMaxHeapSize                          = 1585446912                             {manageable} {ergonomic}
     bool UseCompressedClassPointers               = true                                 {lp64_product} {ergonomic}
     bool UseCompressedOops                        = true                                 {lp64_product} {ergonomic}
     bool UseG1GC                                  = true                                      {product} {ergonomic}
     bool UseLargePagesIndividualAllocation        = false                                  {pd product} {ergonomic}

Logging:
Log output configuration:
 #0: stdout all=warning uptime,level,tags
 #1: stderr all=off uptime,level,tags

Environment Variables:
PATH=C:\Program Files (x86)\Common Files\Oracle\Java\javapath;C:\WINDOWS\system32;C:\WINDOWS;C:\WINDOWS\System32\Wbem;C:\WINDOWS\System32\WindowsPowerShell\v1.0\;C:\Program Files\Microsoft SQL Server\130\Tools\Binn\;C:\Program Files (x86)\Windows Kits\10\Windows Performance Toolkit\;C:\xampp\php;C:\composer;C:\WINDOWS\System32\OpenSSH\;C:\Program Files\nodejs\;C:\Users\ALKODS\AppData\Local\Programs\Python\Python36\Scripts;C:\Program Files\Git\cmd;C:\Program Files\Git\mingw64\bin;C:\Program Files\Git\usr\bin;C:\Users\ALKODS\AppData\Local\Microsoft\WindowsApps;C:\Users\ALKODS\AppData\Roaming\Composer\vendor\bin;C:\Users\ALKODS\AppData\Roaming\npm;;C:\Users\ALKODS\AppData\Local\Programs\Microsoft VS Code\bin
USERNAME=ALKODS
OS=Windows_NT
PROCESSOR_IDENTIFIER=Intel64 Family 6 Model 58 Stepping 9, GenuineIntel



---------------  S Y S T E M  ---------------

OS: Windows 10 , 64 bit Build 19041 (10.0.19041.928)
OS uptime: 0 days 13:35 hours

CPU:total 4 (initial active 4) (2 cores per cpu, 2 threads per core) family 6 model 58 stepping 9, cmov, cx8, fxsr, mmx, sse, sse2, sse3, ssse3, sse4.1, sse4.2, popcnt, avx, aes, clmul, erms, ht, tsc, tscinvbit, tscinv

Memory: 4k page, system-wide physical 6046M (736M free)
TotalPageFile size 7697M (AvailPageFile size 5M)
current process WorkingSet (physical memory assigned to process): 311M, peak: 311M
current process commit charge ("private bytes"): 344M, peak: 345M

vm_info: Java HotSpot(TM) 64-Bit Server VM (14.0.2+12-46) for windows-amd64 JRE (14.0.2+12-46), built on Jul  9 2020 00:35:52 by "mach5one" with MS VC++ 15.9 (VS2017)

END.
