#
# There is insufficient memory for the Java Runtime Environment to continue.
# Native memory allocation (malloc) failed to allocate 721072 bytes for Chunk::new
# Possible reasons:
#   The system is out of physical RAM or swap space
#   The process is running with CompressedOops enabled, and the Java Heap may be blocking the growth of the native heap
# Possible solutions:
#   Reduce memory load on the system
#   Increase physical memory or swap space
#   Check if swap backing store is full
#   Decrease Java heap size (-Xmx/-Xms)
#   Decrease number of Java threads
#   Decrease Java thread stack sizes (-Xss)
#   Set larger code cache with -XX:ReservedCodeCacheSize=
#   JVM is running with Unscaled Compressed Oops mode in which the Java heap is
#     placed in the first 4GB address space. The Java Heap base address is the
#     maximum limit for the native heap growth. Please use -XX:HeapBaseMinAddress
#     to set the Java Heap base and to place the Java Heap above 4GB virtual address.
# This output file may be truncated or incomplete.
#
#  Out of Memory Error (./open/src/hotspot/share/memory/arena.cpp:195), pid=8980, tid=676
#
# JRE version: Java(TM) SE Runtime Environment (14.0.2+12) (build 14.0.2+12-46)
# Java VM: Java HotSpot(TM) 64-Bit Server VM (14.0.2+12-46, mixed mode, sharing, tiered, compressed oops, g1 gc, windows-amd64)
# No core dump will be written. Minidumps are not enabled by default on client versions of Windows
#

---------------  S U M M A R Y ------------

Command Line: -javaagent:C:\Program Files\JetBrains\IntelliJ IDEA Community Edition 2020.3.3\lib\idea_rt.jar=54017:C:\Program Files\JetBrains\IntelliJ IDEA Community Edition 2020.3.3\bin -Dfile.encoding=UTF-8 com.udacity.vehicles.VehiclesApiApplication

Host: Intel(R) Core(TM) i5-3337U CPU @ 1.80GHz, 4 cores, 5G,  Windows 10 , 64 bit Build 19041 (10.0.19041.928)
Time: Tue Apr 20 18:09:13 2021 Egypt Standard Time elapsed time: 3 seconds (0d 0h 0m 3s)

---------------  T H R E A D  ---------------

Current thread (0x000002c822659000):  JavaThread "C2 CompilerThread0" daemon [_thread_in_native, id=676, stack(0x000000e781900000,0x000000e781a00000)]


Current CompileTask:
C2:   3092 1576   !   4       java.net.URL::<init> (543 bytes)

Stack: [0x000000e781900000,0x000000e781a00000]
Native frames: (J=compiled Java code, j=interpreted, Vv=VM code, C=native code)
V  [jvm.dll+0x5f8a9a]
V  [jvm.dll+0x74247a]
V  [jvm.dll+0x743c2f]
V  [jvm.dll+0x744273]
V  [jvm.dll+0x20d288]
V  [jvm.dll+0xabb07]
V  [jvm.dll+0xac1fc]
V  [jvm.dll+0x31c495]
V  [jvm.dll+0x2e6b38]
V  [jvm.dll+0x2e5f3a]
V  [jvm.dll+0x1e5e16]
V  [jvm.dll+0x1e50b8]
V  [jvm.dll+0x1779cc]
V  [jvm.dll+0x1f4105]
V  [jvm.dll+0x1f22eb]
V  [jvm.dll+0x7070cd]
V  [jvm.dll+0x6ffeda]
V  [jvm.dll+0x5f78f6]
C  [ucrtbase.dll+0x21bb2]
C  [KERNEL32.DLL+0x17034]
C  [ntdll.dll+0x52651]


---------------  P R O C E S S  ---------------

Threads class SMR info:
_java_thread_list=0x000002c824045a60, length=15, elements={
0x000002c8051ab000, 0x000002c82262d800, 0x000002c82262f000, 0x000002c82264c000,
0x000002c82264f800, 0x000002c822652000, 0x000002c822659000, 0x000002c82265b000,
0x000002c822666800, 0x000002c822610800, 0x000002c823501000, 0x000002c823826000,
0x000002c8242fc800, 0x000002c823a8a800, 0x000002c8241d4800
}

Java Threads: ( => current thread )
  0x000002c8051ab000 JavaThread "main" [_thread_blocked, id=9932, stack(0x000000e780d00000,0x000000e780e00000)]
  0x000002c82262d800 JavaThread "Reference Handler" daemon [_thread_blocked, id=11040, stack(0x000000e781400000,0x000000e781500000)]
  0x000002c82262f000 JavaThread "Finalizer" daemon [_thread_blocked, id=9036, stack(0x000000e781500000,0x000000e781600000)]
  0x000002c82264c000 JavaThread "Signal Dispatcher" daemon [_thread_blocked, id=3036, stack(0x000000e781600000,0x000000e781700000)]
  0x000002c82264f800 JavaThread "Attach Listener" daemon [_thread_blocked, id=2836, stack(0x000000e781700000,0x000000e781800000)]
  0x000002c822652000 JavaThread "Service Thread" daemon [_thread_blocked, id=6720, stack(0x000000e781800000,0x000000e781900000)]
=>0x000002c822659000 JavaThread "C2 CompilerThread0" daemon [_thread_in_native, id=676, stack(0x000000e781900000,0x000000e781a00000)]
  0x000002c82265b000 JavaThread "C1 CompilerThread0" daemon [_thread_blocked, id=10940, stack(0x000000e781a00000,0x000000e781b00000)]
  0x000002c822666800 JavaThread "Sweeper thread" daemon [_thread_blocked, id=500, stack(0x000000e781b00000,0x000000e781c00000)]
  0x000002c822610800 JavaThread "Common-Cleaner" daemon [_thread_blocked, id=11520, stack(0x000000e781c00000,0x000000e781d00000)]
  0x000002c823501000 JavaThread "Monitor Ctrl-Break" daemon [_thread_in_native, id=3920, stack(0x000000e781d00000,0x000000e781e00000)]
  0x000002c823826000 JavaThread "Notification Thread" daemon [_thread_blocked, id=8548, stack(0x000000e781e00000,0x000000e781f00000)]
  0x000002c8242fc800 JavaThread "Thread-0" [_thread_blocked, id=10308, stack(0x000000e782200000,0x000000e782300000)]
  0x000002c823a8a800 JavaThread "restartedMain" [_thread_blocked, id=7192, stack(0x000000e782300000,0x000000e782400000)]
  0x000002c8241d4800 JavaThread "background-preinit" [_thread_blocked, id=392, stack(0x000000e782400000,0x000000e782500000)]

Other Threads:
  0x000002c82262a000 VMThread "VM Thread" [stack: 0x000000e781300000,0x000000e781400000] [id=7668]
  0x000002c823501800 WatcherThread [stack: 0x000000e781f00000,0x000000e782000000] [id=9380]
  0x000002c8051de800 GCTaskThread "GC Thread#0" [stack: 0x000000e780e00000,0x000000e780f00000] [id=9896]
  0x000002c823a52800 GCTaskThread "GC Thread#1" [stack: 0x000000e782000000,0x000000e782100000] [id=7728]
  0x000002c824483800 GCTaskThread "GC Thread#2" [stack: 0x000000e782500000,0x000000e782600000] [id=11640]
  0x000002c824136800 GCTaskThread "GC Thread#3" [stack: 0x000000e782600000,0x000000e782700000] [id=2708]
  0x000002c8051ee000 ConcurrentGCThread "G1 Main Marker" [stack: 0x000000e780f00000,0x000000e781000000] [id=3484]
  0x000002c8051ef800 ConcurrentGCThread "G1 Conc#0" [stack: 0x000000e781000000,0x000000e781100000] [id=1124]
  0x000002c80525d800 ConcurrentGCThread "G1 Refine#0" [stack: 0x000000e781100000,0x000000e781200000] [id=12220]
  0x000002c80525f800 ConcurrentGCThread "G1 Young RemSet Sampling" [stack: 0x000000e781200000,0x000000e781300000] [id=484]

Threads with active compile tasks:
C2 CompilerThread0     3190 1576   !   4       java.net.URL::<init> (543 bytes)

VM state:at safepoint (normal execution)

VM Mutex/Monitor currently owned by a thread:  ([mutex/lock_event])
[0x000002c8051a62c0] Threads_lock - owner thread: 0x000002c82262a000
[0x000002c8051a6500] Heap_lock - owner thread: 0x000002c823a8a800

Heap address: 0x00000000a1800000, size: 1512 MB, Compressed Oops mode: 32-bit
Narrow klass base: 0x0000000800000000, Narrow klass shift: 3
Compressed class space size: 1073741824 Address: 0x0000000800b30000

Heap:
 garbage-first heap   total 118784K, used 10554K [0x00000000a1800000, 0x0000000100000000)
  region size 1024K, 3 young (3072K), 3 survivors (3072K)
 Metaspace       used 9912K, capacity 10321K, committed 10368K, reserved 1069056K
  class space    used 1274K, capacity 1385K, committed 1408K, reserved 1048576K
Heap Regions: E=young(eden), S=young(survivor), O=old, HS=humongous(starts), HC=humongous(continues), CS=collection set, F=free, OA=open archive, CA=closed archive, TAMS=top-at-mark-start (previous, next)
|   0|0x00000000a1800000, 0x00000000a1900000, 0x00000000a1900000|100%|HS|  |TAMS 0x00000000a1800000, 0x00000000a1900000| Complete 
|   1|0x00000000a1900000, 0x00000000a1a00000, 0x00000000a1a00000|100%| O|  |TAMS 0x00000000a1900000, 0x00000000a1a00000| Untracked 
|   2|0x00000000a1a00000, 0x00000000a1b00000, 0x00000000a1b00000|100%| O|  |TAMS 0x00000000a1a00000, 0x00000000a1b00000| Untracked 
|   3|0x00000000a1b00000, 0x00000000a1c00000, 0x00000000a1c00000|100%| O|  |TAMS 0x00000000a1b00000, 0x00000000a1c00000| Untracked 
|   4|0x00000000a1c00000, 0x00000000a1d00000, 0x00000000a1d00000|100%| O|  |TAMS 0x00000000a1c00000, 0x00000000a1d00000| Untracked 
|   5|0x00000000a1d00000, 0x00000000a1e00000, 0x00000000a1e00000|100%| O|  |TAMS 0x00000000a1d00000, 0x00000000a1e00000| Untracked 
|   6|0x00000000a1e00000, 0x00000000a1f00000, 0x00000000a1f00000|100%| O|  |TAMS 0x00000000a1e00000, 0x00000000a1f00000| Untracked 
|   7|0x00000000a1f00000, 0x00000000a1f64600, 0x00000000a2000000| 39%| O|  |TAMS 0x00000000a1f00000, 0x00000000a1f64600| Untracked 
|   8|0x00000000a2000000, 0x00000000a2000000, 0x00000000a2100000|  0%| F|  |TAMS 0x00000000a2000000, 0x00000000a2000000| Untracked 
|   9|0x00000000a2100000, 0x00000000a2100000, 0x00000000a2200000|  0%| F|  |TAMS 0x00000000a2100000, 0x00000000a2100000| Untracked 
|  10|0x00000000a2200000, 0x00000000a2200000, 0x00000000a2300000|  0%| F|  |TAMS 0x00000000a2200000, 0x00000000a2200000| Untracked 
|  11|0x00000000a2300000, 0x00000000a2300000, 0x00000000a2400000|  0%| F|  |TAMS 0x00000000a2300000, 0x00000000a2300000| Untracked 
|  12|0x00000000a2400000, 0x00000000a2400000, 0x00000000a2500000|  0%| F|  |TAMS 0x00000000a2400000, 0x00000000a2400000| Untracked 
|  13|0x00000000a2500000, 0x00000000a2500000, 0x00000000a2600000|  0%| F|  |TAMS 0x00000000a2500000, 0x00000000a2500000| Untracked 
|  14|0x00000000a2600000, 0x00000000a2600000, 0x00000000a2700000|  0%| F|  |TAMS 0x00000000a2600000, 0x00000000a2600000| Untracked 
|  15|0x00000000a2700000, 0x00000000a2700000, 0x00000000a2800000|  0%| F|  |TAMS 0x00000000a2700000, 0x00000000a2700000| Untracked 
|  16|0x00000000a2800000, 0x00000000a2800000, 0x00000000a2900000|  0%| F|  |TAMS 0x00000000a2800000, 0x00000000a2800000| Untracked 
|  17|0x00000000a2900000, 0x00000000a2900000, 0x00000000a2a00000|  0%| F|  |TAMS 0x00000000a2900000, 0x00000000a2900000| Untracked 
|  18|0x00000000a2a00000, 0x00000000a2a00000, 0x00000000a2b00000|  0%| F|  |TAMS 0x00000000a2a00000, 0x00000000a2a00000| Untracked 
|  19|0x00000000a2b00000, 0x00000000a2b00000, 0x00000000a2c00000|  0%| F|  |TAMS 0x00000000a2b00000, 0x00000000a2b00000| Untracked 
|  20|0x00000000a2c00000, 0x00000000a2c00000, 0x00000000a2d00000|  0%| F|  |TAMS 0x00000000a2c00000, 0x00000000a2c00000| Untracked 
|  21|0x00000000a2d00000, 0x00000000a2d00000, 0x00000000a2e00000|  0%| F|  |TAMS 0x00000000a2d00000, 0x00000000a2d00000| Untracked 
|  22|0x00000000a2e00000, 0x00000000a2e00000, 0x00000000a2f00000|  0%| F|  |TAMS 0x00000000a2e00000, 0x00000000a2e00000| Untracked 
|  23|0x00000000a2f00000, 0x00000000a2f00000, 0x00000000a3000000|  0%| F|  |TAMS 0x00000000a2f00000, 0x00000000a2f00000| Untracked 
|  24|0x00000000a3000000, 0x00000000a3000000, 0x00000000a3100000|  0%| F|  |TAMS 0x00000000a3000000, 0x00000000a3000000| Untracked 
|  25|0x00000000a3100000, 0x00000000a3100000, 0x00000000a3200000|  0%| F|  |TAMS 0x00000000a3100000, 0x00000000a3100000| Untracked 
|  26|0x00000000a3200000, 0x00000000a3200000, 0x00000000a3300000|  0%| F|  |TAMS 0x00000000a3200000, 0x00000000a3200000| Untracked 
|  27|0x00000000a3300000, 0x00000000a3300000, 0x00000000a3400000|  0%| F|  |TAMS 0x00000000a3300000, 0x00000000a3300000| Untracked 
|  28|0x00000000a3400000, 0x00000000a3400000, 0x00000000a3500000|  0%| F|  |TAMS 0x00000000a3400000, 0x00000000a3400000| Untracked 
|  29|0x00000000a3500000, 0x00000000a3500000, 0x00000000a3600000|  0%| F|  |TAMS 0x00000000a3500000, 0x00000000a3500000| Untracked 
|  30|0x00000000a3600000, 0x00000000a3600000, 0x00000000a3700000|  0%| F|  |TAMS 0x00000000a3600000, 0x00000000a3600000| Untracked 
|  31|0x00000000a3700000, 0x00000000a3700000, 0x00000000a3800000|  0%| F|  |TAMS 0x00000000a3700000, 0x00000000a3700000| Untracked 
|  32|0x00000000a3800000, 0x00000000a3800000, 0x00000000a3900000|  0%| F|  |TAMS 0x00000000a3800000, 0x00000000a3800000| Untracked 
|  33|0x00000000a3900000, 0x00000000a3900000, 0x00000000a3a00000|  0%| F|  |TAMS 0x00000000a3900000, 0x00000000a3900000| Untracked 
|  34|0x00000000a3a00000, 0x00000000a3a00000, 0x00000000a3b00000|  0%| F|  |TAMS 0x00000000a3a00000, 0x00000000a3a00000| Untracked 
|  35|0x00000000a3b00000, 0x00000000a3b00000, 0x00000000a3c00000|  0%| F|  |TAMS 0x00000000a3b00000, 0x00000000a3b00000| Untracked 
|  36|0x00000000a3c00000, 0x00000000a3c00000, 0x00000000a3d00000|  0%| F|  |TAMS 0x00000000a3c00000, 0x00000000a3c00000| Untracked 
|  37|0x00000000a3d00000, 0x00000000a3d00000, 0x00000000a3e00000|  0%| F|  |TAMS 0x00000000a3d00000, 0x00000000a3d00000| Untracked 
|  38|0x00000000a3e00000, 0x00000000a3e00000, 0x00000000a3f00000|  0%| F|  |TAMS 0x00000000a3e00000, 0x00000000a3e00000| Untracked 
|  39|0x00000000a3f00000, 0x00000000a3f00000, 0x00000000a4000000|  0%| F|  |TAMS 0x00000000a3f00000, 0x00000000a3f00000| Untracked 
|  40|0x00000000a4000000, 0x00000000a4000000, 0x00000000a4100000|  0%| F|  |TAMS 0x00000000a4000000, 0x00000000a4000000| Untracked 
|  41|0x00000000a4100000, 0x00000000a4100000, 0x00000000a4200000|  0%| F|  |TAMS 0x00000000a4100000, 0x00000000a4100000| Untracked 
|  42|0x00000000a4200000, 0x00000000a4200000, 0x00000000a4300000|  0%| F|  |TAMS 0x00000000a4200000, 0x00000000a4200000| Untracked 
|  43|0x00000000a4300000, 0x00000000a4300000, 0x00000000a4400000|  0%| F|  |TAMS 0x00000000a4300000, 0x00000000a4300000| Untracked 
|  44|0x00000000a4400000, 0x00000000a4400000, 0x00000000a4500000|  0%| F|  |TAMS 0x00000000a4400000, 0x00000000a4400000| Untracked 
|  45|0x00000000a4500000, 0x00000000a4500000, 0x00000000a4600000|  0%| F|  |TAMS 0x00000000a4500000, 0x00000000a4500000| Untracked 
|  46|0x00000000a4600000, 0x00000000a4600000, 0x00000000a4700000|  0%| F|  |TAMS 0x00000000a4600000, 0x00000000a4600000| Untracked 
|  47|0x00000000a4700000, 0x00000000a4700000, 0x00000000a4800000|  0%| F|  |TAMS 0x00000000a4700000, 0x00000000a4700000| Untracked 
|  48|0x00000000a4800000, 0x00000000a4800000, 0x00000000a4900000|  0%| F|  |TAMS 0x00000000a4800000, 0x00000000a4800000| Untracked 
|  49|0x00000000a4900000, 0x00000000a4900000, 0x00000000a4a00000|  0%| F|  |TAMS 0x00000000a4900000, 0x00000000a4900000| Untracked 
|  50|0x00000000a4a00000, 0x00000000a4a00000, 0x00000000a4b00000|  0%| F|  |TAMS 0x00000000a4a00000, 0x00000000a4a00000| Untracked 
|  51|0x00000000a4b00000, 0x00000000a4b00000, 0x00000000a4c00000|  0%| F|  |TAMS 0x00000000a4b00000, 0x00000000a4b00000| Untracked 
|  52|0x00000000a4c00000, 0x00000000a4c00000, 0x00000000a4d00000|  0%| F|  |TAMS 0x00000000a4c00000, 0x00000000a4c00000| Untracked 
|  53|0x00000000a4d00000, 0x00000000a4d00000, 0x00000000a4e00000|  0%| F|  |TAMS 0x00000000a4d00000, 0x00000000a4d00000| Untracked 
|  54|0x00000000a4e00000, 0x00000000a4e00000, 0x00000000a4f00000|  0%| F|  |TAMS 0x00000000a4e00000, 0x00000000a4e00000| Untracked 
|  55|0x00000000a4f00000, 0x00000000a4f00000, 0x00000000a5000000|  0%| F|  |TAMS 0x00000000a4f00000, 0x00000000a4f00000| Untracked 
|  56|0x00000000a5000000, 0x00000000a5000000, 0x00000000a5100000|  0%| F|  |TAMS 0x00000000a5000000, 0x00000000a5000000| Untracked 
|  57|0x00000000a5100000, 0x00000000a5100000, 0x00000000a5200000|  0%| F|  |TAMS 0x00000000a5100000, 0x00000000a5100000| Untracked 
|  58|0x00000000a5200000, 0x00000000a5200000, 0x00000000a5300000|  0%| F|  |TAMS 0x00000000a5200000, 0x00000000a5200000| Untracked 
|  59|0x00000000a5300000, 0x00000000a5300000, 0x00000000a5400000|  0%| F|  |TAMS 0x00000000a5300000, 0x00000000a5300000| Untracked 
|  60|0x00000000a5400000, 0x00000000a5400000, 0x00000000a5500000|  0%| F|  |TAMS 0x00000000a5400000, 0x00000000a5400000| Untracked 
|  61|0x00000000a5500000, 0x00000000a5500000, 0x00000000a5600000|  0%| F|  |TAMS 0x00000000a5500000, 0x00000000a5500000| Untracked 
|  62|0x00000000a5600000, 0x00000000a5600000, 0x00000000a5700000|  0%| F|  |TAMS 0x00000000a5600000, 0x00000000a5600000| Untracked 
|  63|0x00000000a5700000, 0x00000000a5700000, 0x00000000a5800000|  0%| F|  |TAMS 0x00000000a5700000, 0x00000000a5700000| Untracked 
|  64|0x00000000a5800000, 0x00000000a5800000, 0x00000000a5900000|  0%| F|  |TAMS 0x00000000a5800000, 0x00000000a5800000| Untracked 
|  65|0x00000000a5900000, 0x00000000a5900000, 0x00000000a5a00000|  0%| F|  |TAMS 0x00000000a5900000, 0x00000000a5900000| Untracked 
|  66|0x00000000a5a00000, 0x00000000a5a00000, 0x00000000a5b00000|  0%| F|  |TAMS 0x00000000a5a00000, 0x00000000a5a00000| Untracked 
|  67|0x00000000a5b00000, 0x00000000a5b00000, 0x00000000a5c00000|  0%| F|  |TAMS 0x00000000a5b00000, 0x00000000a5b00000| Untracked 
|  68|0x00000000a5c00000, 0x00000000a5c00000, 0x00000000a5d00000|  0%| F|  |TAMS 0x00000000a5c00000, 0x00000000a5c00000| Untracked 
|  69|0x00000000a5d00000, 0x00000000a5d00000, 0x00000000a5e00000|  0%| F|  |TAMS 0x00000000a5d00000, 0x00000000a5d00000| Untracked 
|  70|0x00000000a5e00000, 0x00000000a5e00000, 0x00000000a5f00000|  0%| F|  |TAMS 0x00000000a5e00000, 0x00000000a5e00000| Untracked 
|  71|0x00000000a5f00000, 0x00000000a5f00000, 0x00000000a6000000|  0%| F|  |TAMS 0x00000000a5f00000, 0x00000000a5f00000| Untracked 
|  72|0x00000000a6000000, 0x00000000a6000000, 0x00000000a6100000|  0%| F|  |TAMS 0x00000000a6000000, 0x00000000a6000000| Untracked 
|  73|0x00000000a6100000, 0x00000000a6100000, 0x00000000a6200000|  0%| F|  |TAMS 0x00000000a6100000, 0x00000000a6100000| Untracked 
|  74|0x00000000a6200000, 0x00000000a6200000, 0x00000000a6300000|  0%| F|  |TAMS 0x00000000a6200000, 0x00000000a6200000| Untracked 
|  75|0x00000000a6300000, 0x00000000a6300000, 0x00000000a6400000|  0%| F|  |TAMS 0x00000000a6300000, 0x00000000a6300000| Untracked 
|  76|0x00000000a6400000, 0x00000000a6400000, 0x00000000a6500000|  0%| F|  |TAMS 0x00000000a6400000, 0x00000000a6400000| Untracked 
|  77|0x00000000a6500000, 0x00000000a6500000, 0x00000000a6600000|  0%| F|  |TAMS 0x00000000a6500000, 0x00000000a6500000| Untracked 
|  78|0x00000000a6600000, 0x00000000a6600000, 0x00000000a6700000|  0%| F|  |TAMS 0x00000000a6600000, 0x00000000a6600000| Untracked 
|  79|0x00000000a6700000, 0x00000000a6700000, 0x00000000a6800000|  0%| F|  |TAMS 0x00000000a6700000, 0x00000000a6700000| Untracked 
|  80|0x00000000a6800000, 0x00000000a6800000, 0x00000000a6900000|  0%| F|  |TAMS 0x00000000a6800000, 0x00000000a6800000| Untracked 
|  81|0x00000000a6900000, 0x00000000a6900000, 0x00000000a6a00000|  0%| F|  |TAMS 0x00000000a6900000, 0x00000000a6900000| Untracked 
|  82|0x00000000a6a00000, 0x00000000a6a00000, 0x00000000a6b00000|  0%| F|  |TAMS 0x00000000a6a00000, 0x00000000a6a00000| Untracked 
|  83|0x00000000a6b00000, 0x00000000a6b00000, 0x00000000a6c00000|  0%| F|  |TAMS 0x00000000a6b00000, 0x00000000a6b00000| Untracked 
|  84|0x00000000a6c00000, 0x00000000a6c00000, 0x00000000a6d00000|  0%| F|  |TAMS 0x00000000a6c00000, 0x00000000a6c00000| Untracked 
|  85|0x00000000a6d00000, 0x00000000a6dea340, 0x00000000a6e00000| 91%| S|CS|TAMS 0x00000000a6d00000, 0x00000000a6d00000| Complete 
|  86|0x00000000a6e00000, 0x00000000a6f00000, 0x00000000a6f00000|100%| S|CS|TAMS 0x00000000a6e00000, 0x00000000a6e00000| Complete 
|  87|0x00000000a6f00000, 0x00000000a7000000, 0x00000000a7000000|100%| S|CS|TAMS 0x00000000a6f00000, 0x00000000a6f00000| Complete 
|  88|0x00000000a7000000, 0x00000000a7000000, 0x00000000a7100000|  0%| F|  |TAMS 0x00000000a7000000, 0x00000000a7000000| Untracked 
|  89|0x00000000a7100000, 0x00000000a7100000, 0x00000000a7200000|  0%| F|  |TAMS 0x00000000a7100000, 0x00000000a7100000| Untracked 
|  90|0x00000000a7200000, 0x00000000a7200000, 0x00000000a7300000|  0%| F|  |TAMS 0x00000000a7200000, 0x00000000a7200000| Untracked 
|  91|0x00000000a7300000, 0x00000000a7300000, 0x00000000a7400000|  0%| F|  |TAMS 0x00000000a7300000, 0x00000000a7300000| Untracked 
|  92|0x00000000a7400000, 0x00000000a7400000, 0x00000000a7500000|  0%| F|  |TAMS 0x00000000a7400000, 0x00000000a7400000| Untracked 
|  93|0x00000000a7500000, 0x00000000a7500000, 0x00000000a7600000|  0%| F|  |TAMS 0x00000000a7500000, 0x00000000a7500000| Untracked 
|  94|0x00000000a7600000, 0x00000000a7600000, 0x00000000a7700000|  0%| F|  |TAMS 0x00000000a7600000, 0x00000000a7600000| Untracked 
|  95|0x00000000a7700000, 0x00000000a7700000, 0x00000000a7800000|  0%| F|  |TAMS 0x00000000a7700000, 0x00000000a7700000| Untracked 

Card table byte_map: [0x000002c81cc40000,0x000002c81cf40000] _byte_map_base: 0x000002c81c734000

Marking Bits (Prev, Next): (CMBitMap*) 0x000002c8051df678, (CMBitMap*) 0x000002c8051df6b8
 Prev Bits: [0x000002c81d240000, 0x000002c81e9e0000)
 Next Bits: [0x000002c81e9e0000, 0x000002c820180000)

Polling page: 0x000002c804970000

Metaspace:

Usage:
  Non-class:      8.73 MB capacity,     8.44 MB ( 97%) used,   273.17 KB (  3%) free+waste,    24.69 KB ( <1%) overhead. 
      Class:      1.35 MB capacity,     1.24 MB ( 92%) used,    97.20 KB (  7%) free+waste,    13.56 KB ( <1%) overhead. 
       Both:     10.08 MB capacity,     9.68 MB ( 96%) used,   370.37 KB (  4%) free+waste,    38.25 KB ( <1%) overhead. 

Virtual space:
  Non-class space:       20.00 MB reserved,       8.75 MB ( 44%) committed 
      Class space:        1.00 GB reserved,       1.38 MB ( <1%) committed 
             Both:        1.02 GB reserved,      10.13 MB ( <1%) committed 

Chunk freelists:
   Non-Class:  24.00 KB
       Class:  23.00 KB
        Both:  47.00 KB

MaxMetaspaceSize: 17179869184.00 GB
CompressedClassSpaceSize: 1.00 GB

CodeHeap 'non-profiled nmethods': size=120000Kb used=672Kb max_used=672Kb free=119328Kb
 bounds [0x000002c815410000, 0x000002c815680000, 0x000002c81c940000]
CodeHeap 'profiled nmethods': size=120000Kb used=3208Kb max_used=3208Kb free=116791Kb
 bounds [0x000002c80dee0000, 0x000002c80e210000, 0x000002c815410000]
CodeHeap 'non-nmethods': size=5760Kb used=1193Kb max_used=1231Kb free=4566Kb
 bounds [0x000002c80d940000, 0x000002c80dbb0000, 0x000002c80dee0000]
 total_blobs=2045 nmethods=1590 adapters=368
 compilation: enabled
              stopped_count=0, restarted_count=0
 full_count=0

Compilation events (20 events):
Event: 3.003 Thread 0x000002c82265b000 1581       3       jdk.internal.org.objectweb.asm.AnnotationVisitor::<init> (7 bytes)
Event: 3.003 Thread 0x000002c82265b000 nmethod 1581 0x000002c80e1fec90 code [0x000002c80e1fee40, 0x000002c80e1fef88]
Event: 3.004 Thread 0x000002c82265b000 1582       3       java.lang.invoke.InvokerBytecodeGenerator::getInternalName (103 bytes)
Event: 3.005 Thread 0x000002c82265b000 nmethod 1582 0x000002c80e1ff010 code [0x000002c80e1ff200, 0x000002c80e1ff6d8]
Event: 3.005 Thread 0x000002c82265b000 1583       3       jdk.internal.org.objectweb.asm.AnnotationWriter::visitEnd (44 bytes)
Event: 3.005 Thread 0x000002c82265b000 nmethod 1583 0x000002c80e1ff810 code [0x000002c80e1ff9a0, 0x000002c80e1ffb58]
Event: 3.053 Thread 0x000002c82265b000 1585       3       sun.reflect.generics.tree.ClassSignature::<init> (20 bytes)
Event: 3.053 Thread 0x000002c82265b000 nmethod 1585 0x000002c80e1ffc90 code [0x000002c80e1ffe40, 0x000002c80e2000d8]
Event: 3.054 Thread 0x000002c82265b000 1586       3       sun.reflect.generics.parser.SignatureParser::parseZeroOrMoreFormalTypeParameters (19 bytes)
Event: 3.054 Thread 0x000002c82265b000 nmethod 1586 0x000002c80e200190 code [0x000002c80e200340, 0x000002c80e2005b8]
Event: 3.054 Thread 0x000002c82265b000 1588       3       sun.reflect.generics.parser.SignatureParser::parseSuperInterfaces (51 bytes)
Event: 3.055 Thread 0x000002c82265b000 nmethod 1588 0x000002c80e200690 code [0x000002c80e2008c0, 0x000002c80e201188]
Event: 3.055 Thread 0x000002c82265b000 1587       3       sun.reflect.generics.tree.ClassSignature::make (11 bytes)
Event: 3.055 Thread 0x000002c82265b000 nmethod 1587 0x000002c80e201490 code [0x000002c80e201640, 0x000002c80e201958]
Event: 3.056 Thread 0x000002c82265b000 1589       3       java.util.regex.Matcher::groupCount (10 bytes)
Event: 3.056 Thread 0x000002c82265b000 nmethod 1589 0x000002c80e201a90 code [0x000002c80e201c20, 0x000002c80e201d58]
Event: 3.056 Thread 0x000002c82265b000 1590       3       java.util.zip.ZipFile$ZipEntryIterator::hasNext (17 bytes)
Event: 3.057 Thread 0x000002c82265b000 nmethod 1590 0x000002c80e201e10 code [0x000002c80e201fa0, 0x000002c80e202118]
Event: 3.057 Thread 0x000002c82265b000 1591       1       java.util.jar.JarFile$JarFileEntry::getName (5 bytes)
Event: 3.057 Thread 0x000002c82265b000 nmethod 1591 0x000002c8154b7d10 code [0x000002c8154b7ea0, 0x000002c8154b7f78]

GC Heap History (8 events):
Event: 0.977 GC heap before
{Heap before GC invocations=0 (full 0):
 garbage-first heap   total 98304K, used 14336K [0x00000000a1800000, 0x0000000100000000)
  region size 1024K, 13 young (13312K), 0 survivors (0K)
 Metaspace       used 1657K, capacity 4993K, committed 5120K, reserved 1056768K
  class space    used 142K, capacity 472K, committed 512K, reserved 1048576K
}
Event: 0.988 GC heap after
{Heap after GC invocations=1 (full 0):
 garbage-first heap   total 98304K, used 7787K [0x00000000a1800000, 0x0000000100000000)
  region size 1024K, 2 young (2048K), 2 survivors (2048K)
 Metaspace       used 1657K, capacity 4993K, committed 5120K, reserved 1056768K
  class space    used 142K, capacity 472K, committed 512K, reserved 1048576K
}
Event: 1.636 GC heap before
{Heap before GC invocations=1 (full 0):
 garbage-first heap   total 98304K, used 18027K [0x00000000a1800000, 0x0000000100000000)
  region size 1024K, 12 young (12288K), 2 survivors (2048K)
 Metaspace       used 3918K, capacity 6022K, committed 6272K, reserved 1056768K
  class space    used 396K, capacity 602K, committed 640K, reserved 1048576K
}
Event: 1.643 GC heap after
{Heap after GC invocations=2 (full 0):
 garbage-first heap   total 98304K, used 8898K [0x00000000a1800000, 0x0000000100000000)
  region size 1024K, 2 young (2048K), 2 survivors (2048K)
 Metaspace       used 3918K, capacity 6022K, committed 6272K, reserved 1056768K
  class space    used 396K, capacity 602K, committed 640K, reserved 1048576K
}
Event: 1.873 GC heap before
{Heap before GC invocations=2 (full 0):
 garbage-first heap   total 98304K, used 28354K [0x00000000a1800000, 0x0000000100000000)
  region size 1024K, 22 young (22528K), 2 survivors (2048K)
 Metaspace       used 4651K, capacity 6315K, committed 6656K, reserved 1056768K
  class space    used 490K, capacity 658K, committed 768K, reserved 1048576K
}
Event: 1.879 GC heap after
{Heap after GC invocations=3 (full 0):
 garbage-first heap   total 98304K, used 9284K [0x00000000a1800000, 0x0000000100000000)
  region size 1024K, 2 young (2048K), 2 survivors (2048K)
 Metaspace       used 4651K, capacity 6315K, committed 6656K, reserved 1056768K
  class space    used 490K, capacity 658K, committed 768K, reserved 1048576K
}
Event: 2.889 GC heap before
{Heap before GC invocations=3 (full 0):
 garbage-first heap   total 98304K, used 64580K [0x00000000a1800000, 0x0000000100000000)
  region size 1024K, 57 young (58368K), 2 survivors (2048K)
 Metaspace       used 8976K, capacity 9512K, committed 9728K, reserved 1058816K
  class space    used 1111K, capacity 1219K, committed 1280K, reserved 1048576K
}
Event: 2.896 GC heap after
{Heap after GC invocations=4 (full 0):
 garbage-first heap   total 98304K, used 10318K [0x00000000a1800000, 0x0000000100000000)
  region size 1024K, 3 young (3072K), 3 survivors (3072K)
 Metaspace       used 8976K, capacity 9512K, committed 9728K, reserved 1058816K
  class space    used 1111K, capacity 1219K, committed 1280K, reserved 1048576K
}

Deoptimization events (20 events):
Event: 2.511 Thread 0x000002c823a8a800 DEOPT PACKING pc=0x000002c815497c88 sp=0x000000e7823fc450
Event: 2.511 Thread 0x000002c823a8a800 DEOPT UNPACKING pc=0x000002c80d98912f sp=0x000000e7823fc3d8 mode 2
Event: 2.512 Thread 0x000002c8241d4800 Uncommon trap: trap_request=0xffffffde fr.pc=0x000002c815497c88 relative=0x0000000000000128
Event: 2.512 Thread 0x000002c8241d4800 Uncommon trap: reason=class_check action=maybe_recompile pc=0x000002c815497c88 method=jdk.internal.misc.Unsafe.allocateUninitializedArray(Ljava/lang/Class;I)Ljava/lang/Object; @ 51 c2
Event: 2.512 Thread 0x000002c8241d4800 DEOPT PACKING pc=0x000002c815497c88 sp=0x000000e7824f8300
Event: 2.512 Thread 0x000002c8241d4800 DEOPT UNPACKING pc=0x000002c80d98912f sp=0x000000e7824f8288 mode 2
Event: 2.517 Thread 0x000002c8241d4800 Uncommon trap: trap_request=0xffffff45 fr.pc=0x000002c8154629b4 relative=0x00000000000009b4
Event: 2.517 Thread 0x000002c8241d4800 Uncommon trap: reason=unstable_if action=reinterpret pc=0x000002c8154629b4 method=java.util.jar.JarFile.getVersionedEntry(Ljava/lang/String;Ljava/util/jar/JarEntry;)Ljava/util/jar/JarEntry; @ 7 c2
Event: 2.517 Thread 0x000002c8241d4800 DEOPT PACKING pc=0x000002c8154629b4 sp=0x000000e7824f97a0
Event: 2.517 Thread 0x000002c8241d4800 DEOPT UNPACKING pc=0x000002c80d98912f sp=0x000000e7824f9720 mode 2
Event: 2.558 Thread 0x000002c8241d4800 DEOPT PACKING pc=0x000002c80e17a890 sp=0x000000e7824fa930
Event: 2.558 Thread 0x000002c8241d4800 DEOPT UNPACKING pc=0x000002c80d98964e sp=0x000000e7824f9e48 mode 0
Event: 2.638 Thread 0x000002c8241d4800 DEOPT PACKING pc=0x000002c80e17a890 sp=0x000000e7824fd090
Event: 2.638 Thread 0x000002c8241d4800 DEOPT UNPACKING pc=0x000002c80d98964e sp=0x000000e7824fc5a8 mode 0
Event: 2.646 Thread 0x000002c8241d4800 DEOPT PACKING pc=0x000002c80e03769f sp=0x000000e7824fd3a0
Event: 2.646 Thread 0x000002c8241d4800 DEOPT UNPACKING pc=0x000002c80d98964e sp=0x000000e7824fc828 mode 0
Event: 2.725 Thread 0x000002c823a8a800 DEOPT PACKING pc=0x000002c80e17a890 sp=0x000000e7823fd210
Event: 2.725 Thread 0x000002c823a8a800 DEOPT UNPACKING pc=0x000002c80d98964e sp=0x000000e7823fc728 mode 0
Event: 2.793 Thread 0x000002c823a8a800 DEOPT PACKING pc=0x000002c80e17a890 sp=0x000000e7823faf60
Event: 2.793 Thread 0x000002c823a8a800 DEOPT UNPACKING pc=0x000002c80d98964e sp=0x000000e7823fa478 mode 0

Classes unloaded (0 events):
No events

Classes redefined (0 events):
No events

Internal exceptions (17 events):
Event: 1.053 Thread 0x000002c8051ab000 Exception <a 'java/lang/ClassNotFoundException'{0x00000000a777eac8}: javax/smartcardio/CardPermission> (0x00000000a777eac8) 
thrown [./open/src/hotspot/share/classfile/systemDictionary.cpp, line 226]
Event: 1.059 Thread 0x000002c8051ab000 Exception <a 'java/io/FileNotFoundException'{0x00000000a778cdc0}> (0x00000000a778cdc0) 
thrown [./open/src/hotspot/share/prims/jni.cpp, line 599]
Event: 1.479 Thread 0x000002c8051ab000 Exception <a 'java/lang/NoSuchMethodError'{0x00000000a70075e8}: 'int java.lang.invoke.DirectMethodHandle$Holder.invokeStaticInit(java.lang.Object, java.lang.Object)'> (0x00000000a70075e8) 
thrown [./open/src/hotspot/share/interpreter/linkResolver.cpp, line 766]
Event: 1.745 Thread 0x000002c8051ab000 Exception <a 'java/lang/NoSuchMethodError'{0x00000000a75db578}: 'java.lang.Object java.lang.invoke.DirectMethodHandle$Holder.invokeStaticInit(java.lang.Object, java.lang.Object, java.lang.Object)'> (0x00000000a75db578) 
thrown [./open/src/hotspot/share/interpreter/linkResolver.cpp, line 766]
Event: 2.289 Thread 0x000002c823a8a800 Exception <a 'java/io/FileNotFoundException'{0x00000000a57173b8}> (0x00000000a57173b8) 
thrown [./open/src/hotspot/share/prims/jni.cpp, line 599]
Event: 2.354 Thread 0x000002c8241d4800 Implicit null exception at 0x000002c81544d368 to 0x000002c81544d3fa
Event: 2.354 Thread 0x000002c8241d4800 Implicit null exception at 0x000002c8154543af to 0x000002c81545442d
Event: 2.396 Thread 0x000002c823a8a800 Exception <a 'java/lang/NoSuchMethodError'{0x00000000a536de38}: 'void java.lang.invoke.DirectMethodHandle$Holder.invokeSpecial(java.lang.Object, java.lang.Object, java.lang.Object, java.lang.Object)'> (0x00000000a536de38) 
thrown [./open/src/hotspot/share/interpreter/linkResolver.cpp, line 766]
Event: 2.433 Thread 0x000002c823a8a800 Exception <a 'java/lang/NoSuchMethodError'{0x00000000a51dd560}: 'java.lang.Object java.lang.invoke.DirectMethodHandle$Holder.invokeStatic(java.lang.Object, java.lang.Object, int, java.lang.Object)'> (0x00000000a51dd560) 
thrown [./open/src/hotspot/share/interpreter/linkResolver.cpp, line 766]
Event: 2.434 Thread 0x000002c823a8a800 Exception <a 'java/lang/NoSuchMethodError'{0x00000000a51e37f8}: 'java.lang.Object java.lang.invoke.Invokers$Holder.linkToTargetMethod(java.lang.Object, int, java.lang.Object, java.lang.Object)'> (0x00000000a51e37f8) 
thrown [./open/src/hotspot/share/interpreter/linkResolver.cpp, line 766]
Event: 2.438 Thread 0x000002c823a8a800 Exception <a 'java/lang/NoSuchMethodError'{0x00000000a51e6ef8}: 'void java.lang.invoke.DirectMethodHandle$Holder.invokeSpecial(java.lang.Object, java.lang.Object, java.lang.Object, java.lang.Object, java.lang.Object, java.lang.Object)'> (0x00000000a51e6ef8) 
thrown [./open/src/hotspot/share/interpreter/linkResolver.cpp, line 766]
Event: 2.445 Thread 0x000002c823a8a800 Exception <a 'java/lang/NoSuchMethodError'{0x00000000a51f8d70}: 'java.lang.Object java.lang.invoke.Invokers$Holder.linkToTargetMethod(java.lang.Object, java.lang.Object, java.lang.Object, java.lang.Object, java.lang.Object, java.lang.Object)'> (0x00000000a51f8d70) 
thrown [./open/src/hotspot/share/interpreter/linkResolver.cpp, line 766]
Event: 2.446 Thread 0x000002c823a8a800 Exception <a 'java/lang/NoSuchMethodError'{0x00000000a51fc830}: 'int java.lang.invoke.DirectMethodHandle$Holder.invokeSpecial(java.lang.Object, java.lang.Object, java.lang.Object, java.lang.Object)'> (0x00000000a51fc830) 
thrown [./open/src/hotspot/share/interpreter/linkResolver.cpp, line 766]
Event: 2.545 Thread 0x000002c823a8a800 Exception <a 'java/lang/NoSuchMethodError'{0x00000000a4d78728}: 'void java.lang.invoke.DirectMethodHandle$Holder.invokeStatic(java.lang.Object, java.lang.Object, java.lang.Object, java.lang.Object)'> (0x00000000a4d78728) 
thrown [./open/src/hotspot/share/interpreter/linkResolver.cpp, line 766]
Event: 2.626 Thread 0x000002c823a8a800 Exception <a 'java/lang/NoSuchMethodError'{0x00000000a49cb6e8}: 'void java.lang.invoke.DirectMethodHandle$Holder.invokeStaticInit(java.lang.Object, java.lang.Object)'> (0x00000000a49cb6e8) 
thrown [./open/src/hotspot/share/interpreter/linkResolver.cpp, line 766]
Event: 2.706 Thread 0x000002c823a8a800 Exception <a 'java/lang/NoSuchMethodError'{0x00000000a4589488}: 'java.lang.Object java.lang.invoke.DirectMethodHandle$Holder.invokeVirtual(java.lang.Object, java.lang.Object, java.lang.Object)'> (0x00000000a4589488) 
thrown [./open/src/hotspot/share/interpreter/linkResolver.cpp, line 766]
Event: 3.002 Thread 0x000002c823a8a800 Exception <a 'java/lang/NoSuchMethodError'{0x00000000a74a2e10}: 'int java.lang.invoke.DirectMethodHandle$Holder.invokeSpecialIFC(java.lang.Object, java.lang.Object, int)'> (0x00000000a74a2e10) 
thrown [./open/src/hotspot/share/interpreter/linkResolver.cpp, line 766]

Events (20 events):
Event: 2.930 loading class java/time/chrono/ChronoLocalDateImpl
Event: 2.930 loading class java/time/chrono/ChronoLocalDateImpl done
Event: 2.930 loading class java/time/chrono/HijrahDate done
Event: 2.933 loading class java/time/chrono/JapaneseDate
Event: 2.934 loading class java/time/chrono/JapaneseDate done
Event: 2.935 loading class java/time/chrono/MinguoDate
Event: 2.935 Executing VM operation: BulkRevokeBias
Event: 2.935 loading class java/time/chrono/MinguoDate done
Event: 2.936 Executing VM operation: BulkRevokeBias done
Event: 2.939 loading class java/time/chrono/ThaiBuddhistDate
Event: 2.940 loading class java/time/chrono/ThaiBuddhistDate done
Event: 2.967 loading class java/util/zip/ZipException
Event: 2.968 loading class java/util/zip/ZipException done
Event: 3.006 loading class java/util/regex/Pattern$Curly
Event: 3.006 loading class java/util/regex/Pattern$Curly done
Event: 3.047 loading class java/io/NotSerializableException
Event: 3.047 loading class java/io/ObjectStreamException
Event: 3.047 loading class java/io/ObjectStreamException done
Event: 3.048 loading class java/io/NotSerializableException done
Event: 3.053 Thread 0x000002c823a95000 Thread exited: 0x000002c823a95000


Dynamic libraries:
0x00007ff744530000 - 0x00007ff74453f000 	C:\Program Files\Java\jdk-14.0.2\bin\java.exe
0x00007ffdaac90000 - 0x00007ffdaae85000 	C:\WINDOWS\SYSTEM32\ntdll.dll
0x00007ffda8ee0000 - 0x00007ffda8f9d000 	C:\WINDOWS\System32\KERNEL32.DLL
0x00007ffda8a20000 - 0x00007ffda8ce8000 	C:\WINDOWS\System32\KERNELBASE.dll
0x00007ffda8890000 - 0x00007ffda8990000 	C:\WINDOWS\System32\ucrtbase.dll
0x00007ffd9e9b0000 - 0x00007ffd9e9c5000 	C:\Program Files\Java\jdk-14.0.2\bin\VCRUNTIME140.dll
0x00007ffd98e30000 - 0x00007ffd98e48000 	C:\Program Files\Java\jdk-14.0.2\bin\jli.dll
0x00007ffda8d00000 - 0x00007ffda8dac000 	C:\WINDOWS\System32\ADVAPI32.dll
0x00007ffda9480000 - 0x00007ffda951e000 	C:\WINDOWS\System32\msvcrt.dll
0x00007ffda9e00000 - 0x00007ffda9e9b000 	C:\WINDOWS\System32\sechost.dll
0x00007ffda8db0000 - 0x00007ffda8edb000 	C:\WINDOWS\System32\RPCRT4.dll
0x00007ffda90f0000 - 0x00007ffda9290000 	C:\WINDOWS\System32\USER32.dll
0x00007ffda85f0000 - 0x00007ffda8612000 	C:\WINDOWS\System32\win32u.dll
0x00007ffdaa070000 - 0x00007ffdaa09a000 	C:\WINDOWS\System32\GDI32.dll
0x00007ffda8620000 - 0x00007ffda872b000 	C:\WINDOWS\System32\gdi32full.dll
0x00007ffda83d0000 - 0x00007ffda846d000 	C:\WINDOWS\System32\msvcp_win.dll
0x00007ffd92530000 - 0x00007ffd927ca000 	C:\WINDOWS\WinSxS\amd64_microsoft.windows.common-controls_6595b64144ccf1df_6.0.19041.844_none_ca00b6081b84eb1d\COMCTL32.dll
0x00007ffd9efd0000 - 0x00007ffd9efda000 	C:\WINDOWS\SYSTEM32\VERSION.dll
0x00007ffda9fd0000 - 0x00007ffdaa000000 	C:\WINDOWS\System32\IMM32.DLL
0x00007ffd8f9d0000 - 0x00007ffd8fa6b000 	C:\Program Files\Java\jdk-14.0.2\bin\msvcp140.dll
0x00007ffd675f0000 - 0x00007ffd6810e000 	C:\Program Files\Java\jdk-14.0.2\bin\server\jvm.dll
0x00007ffda90e0000 - 0x00007ffda90e8000 	C:\WINDOWS\System32\PSAPI.DLL
0x00007ffd95ba0000 - 0x00007ffd95ba9000 	C:\WINDOWS\SYSTEM32\WSOCK32.dll
0x00007ffdaabe0000 - 0x00007ffdaac4b000 	C:\WINDOWS\System32\WS2_32.dll
0x00007ffd98420000 - 0x00007ffd98447000 	C:\WINDOWS\SYSTEM32\WINMM.dll
0x00007ffda6cf0000 - 0x00007ffda6d02000 	C:\WINDOWS\SYSTEM32\kernel.appcore.dll
0x00007ffd9e9a0000 - 0x00007ffd9e9aa000 	C:\Program Files\Java\jdk-14.0.2\bin\jimage.dll
0x00007ffda6a80000 - 0x00007ffda6c64000 	C:\WINDOWS\SYSTEM32\DBGHELP.DLL
0x00007ffd976d0000 - 0x00007ffd976fc000 	C:\WINDOWS\SYSTEM32\dbgcore.DLL
0x00007ffda8470000 - 0x00007ffda84f0000 	C:\WINDOWS\System32\bcryptPrimitives.dll
0x00007ffd946c0000 - 0x00007ffd946ce000 	C:\Program Files\Java\jdk-14.0.2\bin\instrument.dll
0x00007ffd94cf0000 - 0x00007ffd94d15000 	C:\Program Files\Java\jdk-14.0.2\bin\java.dll
0x00007ffd8fbb0000 - 0x00007ffd8fbc6000 	C:\Program Files\Java\jdk-14.0.2\bin\zip.dll
0x00007ffdaa270000 - 0x00007ffdaa9b2000 	C:\WINDOWS\System32\SHELL32.dll
0x00007ffda62e0000 - 0x00007ffda6a71000 	C:\WINDOWS\SYSTEM32\windows.storage.dll
0x00007ffda99f0000 - 0x00007ffda9d45000 	C:\WINDOWS\System32\combase.dll
0x00007ffda7d70000 - 0x00007ffda7d9c000 	C:\WINDOWS\SYSTEM32\Wldp.dll
0x00007ffda9d50000 - 0x00007ffda9dfe000 	C:\WINDOWS\System32\SHCORE.dll
0x00007ffdaab00000 - 0x00007ffdaab55000 	C:\WINDOWS\System32\shlwapi.dll
0x00007ffda82c0000 - 0x00007ffda82df000 	C:\WINDOWS\SYSTEM32\profapi.dll
0x00007ffd8fb90000 - 0x00007ffd8fba9000 	C:\Program Files\Java\jdk-14.0.2\bin\net.dll
0x00007ffda14f0000 - 0x00007ffda15fb000 	C:\WINDOWS\SYSTEM32\WINHTTP.dll
0x00007ffda7ae0000 - 0x00007ffda7b4a000 	C:\WINDOWS\system32\mswsock.dll
0x00007ffd8fb70000 - 0x00007ffd8fb82000 	C:\Program Files\Java\jdk-14.0.2\bin\nio.dll
0x00007ffd8fab0000 - 0x00007ffd8faca000 	C:\Program Files\JetBrains\IntelliJ IDEA Community Edition 2020.3.3\bin\breakgen64.dll
0x00007ffd947c0000 - 0x00007ffd947d0000 	C:\Program Files\Java\jdk-14.0.2\bin\verify.dll
0x00007ffd94610000 - 0x00007ffd94619000 	C:\Program Files\Java\jdk-14.0.2\bin\management.dll
0x00007ffd94160000 - 0x00007ffd9416b000 	C:\Program Files\Java\jdk-14.0.2\bin\management_ext.dll
0x00007ffd92330000 - 0x00007ffd92347000 	C:\WINDOWS\system32\napinsp.dll
0x00007ffd92290000 - 0x00007ffd922ab000 	C:\WINDOWS\system32\pnrpnsp.dll
0x00007ffda0cd0000 - 0x00007ffda0ce5000 	C:\WINDOWS\system32\wshbth.dll
0x00007ffda3790000 - 0x00007ffda37ad000 	C:\WINDOWS\system32\NLAapi.dll
0x00007ffda77d0000 - 0x00007ffda780b000 	C:\WINDOWS\SYSTEM32\IPHLPAPI.DLL
0x00007ffda7870000 - 0x00007ffda793c000 	C:\WINDOWS\SYSTEM32\DNSAPI.dll
0x00007ffda8cf0000 - 0x00007ffda8cf8000 	C:\WINDOWS\System32\NSI.dll
0x00007ffda3690000 - 0x00007ffda36a2000 	C:\WINDOWS\System32\winrnr.dll
0x00007ffd9b7f0000 - 0x00007ffd9b7fa000 	C:\Windows\System32\rasadhlp.dll
0x00007ffd9dc80000 - 0x00007ffd9dcff000 	C:\WINDOWS\System32\fwpuclnt.dll
0x00007ffda8990000 - 0x00007ffda89b7000 	C:\WINDOWS\System32\bcrypt.dll

dbghelp: loaded successfully - version: 4.0.5 - missing functions: none
symbol engine: initialized successfully - sym options: 0x614 - pdb path: .;C:\Program Files\Java\jdk-14.0.2\bin;C:\WINDOWS\SYSTEM32;C:\WINDOWS\WinSxS\amd64_microsoft.windows.common-controls_6595b64144ccf1df_6.0.19041.844_none_ca00b6081b84eb1d;C:\Program Files\Java\jdk-14.0.2\bin\server;C:\Program Files\JetBrains\IntelliJ IDEA Community Edition 2020.3.3\bin

VM Arguments:
jvm_args: -javaagent:C:\Program Files\JetBrains\IntelliJ IDEA Community Edition 2020.3.3\lib\idea_rt.jar=54017:C:\Program Files\JetBrains\IntelliJ IDEA Community Edition 2020.3.3\bin -Dfile.encoding=UTF-8 
java_command: com.udacity.vehicles.VehiclesApiApplication
java_class_path (initial): E:\SaMeH\Career\Programming\Courses\For Java\Java Web Developer Nanodegree\Part 2\Vehicles APIs\vehicles-api\target\classes;C:\Users\ALKODS\.m2\repository\org\springframework\boot\spring-boot-starter-data-jpa\2.1.6.RELEASE\spring-boot-starter-data-jpa-2.1.6.RELEASE.jar;C:\Users\ALKODS\.m2\repository\org\springframework\boot\spring-boot-starter-aop\2.1.6.RELEASE\spring-boot-starter-aop-2.1.6.RELEASE.jar;C:\Users\ALKODS\.m2\repository\org\springframework\spring-aop\5.1.8.RELEASE\spring-aop-5.1.8.RELEASE.jar;C:\Users\ALKODS\.m2\repository\org\aspectj\aspectjweaver\1.9.4\aspectjweaver-1.9.4.jar;C:\Users\ALKODS\.m2\repository\org\springframework\boot\spring-boot-starter-jdbc\2.1.6.RELEASE\spring-boot-starter-jdbc-2.1.6.RELEASE.jar;C:\Users\ALKODS\.m2\repository\com\zaxxer\HikariCP\3.2.0\HikariCP-3.2.0.jar;C:\Users\ALKODS\.m2\repository\org\springframework\spring-jdbc\5.1.8.RELEASE\spring-jdbc-5.1.8.RELEASE.jar;C:\Users\ALKODS\.m2\repository\javax\transaction\javax.transaction-api\1.3\javax.transaction-api-1.3.jar;C:\Users\ALKODS\.m2\repository\javax\xml\bind\jaxb-api\2.3.1\jaxb-api-2.3.1.jar;C:\Users\ALKODS\.m2\repository\javax\activation\javax.activation-api\1.2.0\javax.activation-api-1.2.0.jar;C:\Users\ALKODS\.m2\repository\org\hibernate\hibernate-core\5.3.10.Final\hibernate-core-5.3.10.Final.jar;C:\Users\ALKODS\.m2\repository\org\jboss\logging\jboss-logging\3.3.2.Final\jboss-logging-3.3.2.Final.jar;C:\Users\ALKODS\.m2\repository\javax\persistence\javax.persistence-api\2.2\javax.persistence-api-2.2.jar;C:\Users\ALKODS\.m2\repository\org\javassist\javassist\3.23.2-GA\javassist-3.23.2-GA.jar;C:\Users\ALKODS\.m2\repository\net\bytebuddy\byte-buddy\1.9.13\byte-buddy-1.9.13.jar;C:\Users\ALKODS\.m2\repository\antlr\antlr\2.7.7\antlr-2.7.7.jar;C:\Users\ALKODS\.m2\repository\org\jboss\jandex\2.0.5.Final\jandex-2.0.5.Final.jar;C:\Users\ALKODS\.m2\repository\org\dom4j\dom4j\2.1.1\dom4j-2.1.1.jar;C:\Users\ALKODS\.m2\repository\org\hibernate\common\hib
Launcher Type: SUN_STANDARD

[Global flags]
     intx CICompilerCount                          = 3                                         {product} {ergonomic}
     uint ConcGCThreads                            = 1                                         {product} {ergonomic}
     uint G1ConcRefinementThreads                  = 4                                         {product} {ergonomic}
   size_t G1HeapRegionSize                         = 1048576                                   {product} {ergonomic}
    uintx GCDrainStackTargetSize                   = 64                                        {product} {ergonomic}
   size_t InitialHeapSize                          = 100663296                                 {product} {ergonomic}
   size_t MarkStackSize                            = 4194304                                   {product} {ergonomic}
   size_t MaxHeapSize                              = 1585446912                                {product} {ergonomic}
   size_t MaxNewSize                               = 951058432                                 {product} {ergonomic}
   size_t MinHeapDeltaBytes                        = 1048576                                   {product} {ergonomic}
   size_t MinHeapSize                              = 8388608                                   {product} {ergonomic}
    uintx NonNMethodCodeHeapSize                   = 5832780                                {pd product} {ergonomic}
    uintx NonProfiledCodeHeapSize                  = 122912730                              {pd product} {ergonomic}
    uintx ProfiledCodeHeapSize                     = 122912730                              {pd product} {ergonomic}
    uintx ReservedCodeCacheSize                    = 251658240                              {pd product} {ergonomic}
     bool SegmentedCodeCache                       = true                                      {product} {ergonomic}
   size_t SoftMaxHeapSize                          = 1585446912                             {manageable} {ergonomic}
     bool UseCompressedClassPointers               = true                                 {lp64_product} {ergonomic}
     bool UseCompressedOops                        = true                                 {lp64_product} {ergonomic}
     bool UseG1GC                                  = true                                      {product} {ergonomic}
     bool UseLargePagesIndividualAllocation        = false                                  {pd product} {ergonomic}

Logging:
Log output configuration:
 #0: stdout all=warning uptime,level,tags
 #1: stderr all=off uptime,level,tags

Environment Variables:
PATH=C:\Program Files (x86)\Common Files\Oracle\Java\javapath;C:\WINDOWS\system32;C:\WINDOWS;C:\WINDOWS\System32\Wbem;C:\WINDOWS\System32\WindowsPowerShell\v1.0\;C:\Program Files\Microsoft SQL Server\130\Tools\Binn\;C:\Program Files (x86)\Windows Kits\10\Windows Performance Toolkit\;C:\xampp\php;C:\composer;C:\WINDOWS\System32\OpenSSH\;C:\Program Files\nodejs\;C:\Users\ALKODS\AppData\Local\Programs\Python\Python36\Scripts;C:\Program Files\Git\cmd;C:\Program Files\Git\mingw64\bin;C:\Program Files\Git\usr\bin;C:\Users\ALKODS\AppData\Local\Microsoft\WindowsApps;C:\Users\ALKODS\AppData\Roaming\Composer\vendor\bin;C:\Users\ALKODS\AppData\Roaming\npm;;C:\Users\ALKODS\AppData\Local\Programs\Microsoft VS Code\bin
USERNAME=ALKODS
OS=Windows_NT
PROCESSOR_IDENTIFIER=Intel64 Family 6 Model 58 Stepping 9, GenuineIntel



---------------  S Y S T E M  ---------------

OS: Windows 10 , 64 bit Build 19041 (10.0.19041.928)
OS uptime: 0 days 14:09 hours

CPU:total 4 (initial active 4) (2 cores per cpu, 2 threads per core) family 6 model 58 stepping 9, cmov, cx8, fxsr, mmx, sse, sse2, sse3, ssse3, sse4.1, sse4.2, popcnt, avx, aes, clmul, erms, ht, tsc, tscinvbit, tscinv

Memory: 4k page, system-wide physical 6046M (867M free)
TotalPageFile size 7697M (AvailPageFile size 4M)
current process WorkingSet (physical memory assigned to process): 132M, peak: 132M
current process commit charge ("private bytes"): 200M, peak: 220M

vm_info: Java HotSpot(TM) 64-Bit Server VM (14.0.2+12-46) for windows-amd64 JRE (14.0.2+12-46), built on Jul  9 2020 00:35:52 by "mach5one" with MS VC++ 15.9 (VS2017)

END.
