#
# There is insufficient memory for the Java Runtime Environment to continue.
# Native memory allocation (malloc) failed to allocate 1973520 bytes for Chunk::new
# Possible reasons:
#   The system is out of physical RAM or swap space
#   The process is running with CompressedOops enabled, and the Java Heap may be blocking the growth of the native heap
# Possible solutions:
#   Reduce memory load on the system
#   Increase physical memory or swap space
#   Check if swap backing store is full
#   Decrease Java heap size (-Xmx/-Xms)
#   Decrease number of Java threads
#   Decrease Java thread stack sizes (-Xss)
#   Set larger code cache with -XX:ReservedCodeCacheSize=
#   JVM is running with Unscaled Compressed Oops mode in which the Java heap is
#     placed in the first 4GB address space. The Java Heap base address is the
#     maximum limit for the native heap growth. Please use -XX:HeapBaseMinAddress
#     to set the Java Heap base and to place the Java Heap above 4GB virtual address.
# This output file may be truncated or incomplete.
#
#  Out of Memory Error (./open/src/hotspot/share/memory/arena.cpp:195), pid=8608, tid=10516
#
# JRE version: Java(TM) SE Runtime Environment (14.0.2+12) (build 14.0.2+12-46)
# Java VM: Java HotSpot(TM) 64-Bit Server VM (14.0.2+12-46, mixed mode, sharing, tiered, compressed oops, g1 gc, windows-amd64)
# No core dump will be written. Minidumps are not enabled by default on client versions of Windows
#

---------------  S U M M A R Y ------------

Command Line: -javaagent:C:\Program Files\JetBrains\IntelliJ IDEA Community Edition 2020.3.3\lib\idea_rt.jar=53209:C:\Program Files\JetBrains\IntelliJ IDEA Community Edition 2020.3.3\bin -Dfile.encoding=UTF-8 com.udacity.boogle.maps.BoogleMapsApplication

Host: Intel(R) Core(TM) i5-3337U CPU @ 1.80GHz, 4 cores, 5G,  Windows 10 , 64 bit Build 19041 (10.0.19041.928)
Time: Tue Apr 20 03:53:42 2021 Egypt Standard Time elapsed time: 3 seconds (0d 0h 0m 3s)

---------------  T H R E A D  ---------------

Current thread (0x0000029a1813d800):  JavaThread "C2 CompilerThread1" daemon [_thread_in_native, id=10516, stack(0x000000a302700000,0x000000a302800000)]


Current CompileTask:
C2:   3307 1829   !   4       jdk.internal.loader.BuiltinClassLoader::loadClassOrNull (143 bytes)

Stack: [0x000000a302700000,0x000000a302800000]
Native frames: (J=compiled Java code, j=interpreted, Vv=VM code, C=native code)
V  [jvm.dll+0x5f8a9a]
V  [jvm.dll+0x74247a]
V  [jvm.dll+0x743c2f]
V  [jvm.dll+0x744273]
V  [jvm.dll+0x20d288]
V  [jvm.dll+0xabb07]
V  [jvm.dll+0xac1fc]
V  [jvm.dll+0x31c495]
V  [jvm.dll+0x2e6b38]
V  [jvm.dll+0x2e5f3a]
V  [jvm.dll+0x1e5e16]
V  [jvm.dll+0x1e50b8]
V  [jvm.dll+0x1779cc]
V  [jvm.dll+0x1f4105]
V  [jvm.dll+0x1f22eb]
V  [jvm.dll+0x7070cd]
V  [jvm.dll+0x6ffeda]
V  [jvm.dll+0x5f78f6]
C  [ucrtbase.dll+0x21bb2]
C  [KERNEL32.DLL+0x17034]
C  [ntdll.dll+0x52651]


---------------  P R O C E S S  ---------------

Threads class SMR info:
_java_thread_list=0x0000029a182bd850, length=16, elements={
0x0000029a79543000, 0x0000029a7f308000, 0x0000029a7f309800, 0x0000029a7f326800,
0x0000029a7f32a800, 0x0000029a7f32c000, 0x0000029a7f32f000, 0x0000029a7f39a000,
0x0000029a176e0800, 0x0000029a7960f000, 0x0000029a17967800, 0x0000029a179f5000,
0x0000029a17ff8800, 0x0000029a1802e800, 0x0000029a1804c000, 0x0000029a1813d800
}

Java Threads: ( => current thread )
  0x0000029a79543000 JavaThread "main" [_thread_blocked, id=6972, stack(0x000000a300d00000,0x000000a300e00000)]
  0x0000029a7f308000 JavaThread "Reference Handler" daemon [_thread_blocked, id=2276, stack(0x000000a301400000,0x000000a301500000)]
  0x0000029a7f309800 JavaThread "Finalizer" daemon [_thread_blocked, id=6312, stack(0x000000a301500000,0x000000a301600000)]
  0x0000029a7f326800 JavaThread "Signal Dispatcher" daemon [_thread_blocked, id=2664, stack(0x000000a301600000,0x000000a301700000)]
  0x0000029a7f32a800 JavaThread "Attach Listener" daemon [_thread_blocked, id=8776, stack(0x000000a301700000,0x000000a301800000)]
  0x0000029a7f32c000 JavaThread "Service Thread" daemon [_thread_blocked, id=7480, stack(0x000000a301800000,0x000000a301900000)]
  0x0000029a7f32f000 JavaThread "C2 CompilerThread0" daemon [_thread_in_native, id=1188, stack(0x000000a301900000,0x000000a301a00000)]
  0x0000029a7f39a000 JavaThread "C1 CompilerThread0" daemon [_thread_blocked, id=10096, stack(0x000000a301a00000,0x000000a301b00000)]
  0x0000029a176e0800 JavaThread "Sweeper thread" daemon [_thread_blocked, id=5004, stack(0x000000a301b00000,0x000000a301c00000)]
  0x0000029a7960f000 JavaThread "Common-Cleaner" daemon [_thread_blocked, id=1684, stack(0x000000a301c00000,0x000000a301d00000)]
  0x0000029a17967800 JavaThread "Monitor Ctrl-Break" daemon [_thread_in_native, id=10884, stack(0x000000a301d00000,0x000000a301e00000)]
  0x0000029a179f5000 JavaThread "Notification Thread" daemon [_thread_blocked, id=5440, stack(0x000000a301e00000,0x000000a301f00000)]
  0x0000029a17ff8800 JavaThread "Thread-0" [_thread_blocked, id=9304, stack(0x000000a302200000,0x000000a302300000)]
  0x0000029a1802e800 JavaThread "restartedMain" [_thread_in_Java, id=5668, stack(0x000000a302300000,0x000000a302400000)]
  0x0000029a1804c000 JavaThread "background-preinit" [_thread_in_vm, id=8248, stack(0x000000a302400000,0x000000a302500000)]
=>0x0000029a1813d800 JavaThread "C2 CompilerThread1" daemon [_thread_in_native, id=10516, stack(0x000000a302700000,0x000000a302800000)]

Other Threads:
  0x0000029a7f304800 VMThread "VM Thread" [stack: 0x000000a301300000,0x000000a301400000] [id=10200]
  0x0000029a179ff000 WatcherThread [stack: 0x000000a301f00000,0x000000a302000000] [id=2400]
  0x0000029a7957b000 GCTaskThread "GC Thread#0" [stack: 0x000000a300e00000,0x000000a300f00000] [id=2760]
  0x0000029a17b9b800 GCTaskThread "GC Thread#1" [stack: 0x000000a302000000,0x000000a302100000] [id=10536]
  0x0000029a18187800 GCTaskThread "GC Thread#2" [stack: 0x000000a302500000,0x000000a302600000] [id=4584]
  0x0000029a18190800 GCTaskThread "GC Thread#3" [stack: 0x000000a302600000,0x000000a302700000] [id=1840]
  0x0000029a79588800 ConcurrentGCThread "G1 Main Marker" [stack: 0x000000a300f00000,0x000000a301000000] [id=5876]
  0x0000029a7958c000 ConcurrentGCThread "G1 Conc#0" [stack: 0x000000a301000000,0x000000a301100000] [id=9836]
  0x0000029a795fb000 ConcurrentGCThread "G1 Refine#0" [stack: 0x000000a301100000,0x000000a301200000] [id=8224]
  0x0000029a18012000 ConcurrentGCThread "G1 Refine#1" [stack: 0x000000a302100000,0x000000a302200000] [id=5596]
  0x0000029a795fc000 ConcurrentGCThread "G1 Young RemSet Sampling" [stack: 0x000000a301200000,0x000000a301300000] [id=10776]

Threads with active compile tasks:
C2 CompilerThread0     3372 1902       4       java.net.URLStreamHandler::parseURL (1201 bytes)
C1 CompilerThread0     3372 1984       3       org.springframework.asm.ClassReader::readClass (7 bytes)
C2 CompilerThread1     3372 1829   !   4       jdk.internal.loader.BuiltinClassLoader::loadClassOrNull (143 bytes)

VM state:not at safepoint (normal execution)

VM Mutex/Monitor currently owned by a thread: None

Heap address: 0x00000000a1800000, size: 1512 MB, Compressed Oops mode: 32-bit
Narrow klass base: 0x0000000800000000, Narrow klass shift: 3
Compressed class space size: 1073741824 Address: 0x0000000800b30000

Heap:
 garbage-first heap   total 98304K, used 48681K [0x00000000a1800000, 0x0000000100000000)
  region size 1024K, 46 young (47104K), 2 survivors (2048K)
 Metaspace       used 19124K, capacity 19616K, committed 19840K, reserved 1067008K
  class space    used 2428K, capacity 2599K, committed 2688K, reserved 1048576K
Heap Regions: E=young(eden), S=young(survivor), O=old, HS=humongous(starts), HC=humongous(continues), CS=collection set, F=free, OA=open archive, CA=closed archive, TAMS=top-at-mark-start (previous, next)
|   0|0x00000000a1800000, 0x00000000a1900000, 0x00000000a1900000|100%| O|  |TAMS 0x00000000a1800000, 0x00000000a1800000| Untracked 
|   1|0x00000000a1900000, 0x00000000a1a00000, 0x00000000a1a00000|100%| O|  |TAMS 0x00000000a1900000, 0x00000000a1900000| Untracked 
|   2|0x00000000a1a00000, 0x00000000a1b00000, 0x00000000a1b00000|100%| O|  |TAMS 0x00000000a1a00000, 0x00000000a1a00000| Untracked 
|   3|0x00000000a1b00000, 0x00000000a1b96600, 0x00000000a1c00000| 58%| O|  |TAMS 0x00000000a1b00000, 0x00000000a1b00000| Untracked 
|   4|0x00000000a1c00000, 0x00000000a1c00000, 0x00000000a1d00000|  0%| F|  |TAMS 0x00000000a1c00000, 0x00000000a1c00000| Untracked 
|   5|0x00000000a1d00000, 0x00000000a1d00000, 0x00000000a1e00000|  0%| F|  |TAMS 0x00000000a1d00000, 0x00000000a1d00000| Untracked 
|   6|0x00000000a1e00000, 0x00000000a1e00000, 0x00000000a1f00000|  0%| F|  |TAMS 0x00000000a1e00000, 0x00000000a1e00000| Untracked 
|   7|0x00000000a1f00000, 0x00000000a1f00000, 0x00000000a2000000|  0%| F|  |TAMS 0x00000000a1f00000, 0x00000000a1f00000| Untracked 
|   8|0x00000000a2000000, 0x00000000a2000000, 0x00000000a2100000|  0%| F|  |TAMS 0x00000000a2000000, 0x00000000a2000000| Untracked 
|   9|0x00000000a2100000, 0x00000000a2100000, 0x00000000a2200000|  0%| F|  |TAMS 0x00000000a2100000, 0x00000000a2100000| Untracked 
|  10|0x00000000a2200000, 0x00000000a2200000, 0x00000000a2300000|  0%| F|  |TAMS 0x00000000a2200000, 0x00000000a2200000| Untracked 
|  11|0x00000000a2300000, 0x00000000a2300000, 0x00000000a2400000|  0%| F|  |TAMS 0x00000000a2300000, 0x00000000a2300000| Untracked 
|  12|0x00000000a2400000, 0x00000000a2400000, 0x00000000a2500000|  0%| F|  |TAMS 0x00000000a2400000, 0x00000000a2400000| Untracked 
|  13|0x00000000a2500000, 0x00000000a2500000, 0x00000000a2600000|  0%| F|  |TAMS 0x00000000a2500000, 0x00000000a2500000| Untracked 
|  14|0x00000000a2600000, 0x00000000a2600000, 0x00000000a2700000|  0%| F|  |TAMS 0x00000000a2600000, 0x00000000a2600000| Untracked 
|  15|0x00000000a2700000, 0x00000000a2700000, 0x00000000a2800000|  0%| F|  |TAMS 0x00000000a2700000, 0x00000000a2700000| Untracked 
|  16|0x00000000a2800000, 0x00000000a2800000, 0x00000000a2900000|  0%| F|  |TAMS 0x00000000a2800000, 0x00000000a2800000| Untracked 
|  17|0x00000000a2900000, 0x00000000a2900000, 0x00000000a2a00000|  0%| F|  |TAMS 0x00000000a2900000, 0x00000000a2900000| Untracked 
|  18|0x00000000a2a00000, 0x00000000a2a00000, 0x00000000a2b00000|  0%| F|  |TAMS 0x00000000a2a00000, 0x00000000a2a00000| Untracked 
|  19|0x00000000a2b00000, 0x00000000a2b00000, 0x00000000a2c00000|  0%| F|  |TAMS 0x00000000a2b00000, 0x00000000a2b00000| Untracked 
|  20|0x00000000a2c00000, 0x00000000a2c00000, 0x00000000a2d00000|  0%| F|  |TAMS 0x00000000a2c00000, 0x00000000a2c00000| Untracked 
|  21|0x00000000a2d00000, 0x00000000a2d00000, 0x00000000a2e00000|  0%| F|  |TAMS 0x00000000a2d00000, 0x00000000a2d00000| Untracked 
|  22|0x00000000a2e00000, 0x00000000a2e00000, 0x00000000a2f00000|  0%| F|  |TAMS 0x00000000a2e00000, 0x00000000a2e00000| Untracked 
|  23|0x00000000a2f00000, 0x00000000a2f00000, 0x00000000a3000000|  0%| F|  |TAMS 0x00000000a2f00000, 0x00000000a2f00000| Untracked 
|  24|0x00000000a3000000, 0x00000000a3000000, 0x00000000a3100000|  0%| F|  |TAMS 0x00000000a3000000, 0x00000000a3000000| Untracked 
|  25|0x00000000a3100000, 0x00000000a3100000, 0x00000000a3200000|  0%| F|  |TAMS 0x00000000a3100000, 0x00000000a3100000| Untracked 
|  26|0x00000000a3200000, 0x00000000a3200000, 0x00000000a3300000|  0%| F|  |TAMS 0x00000000a3200000, 0x00000000a3200000| Untracked 
|  27|0x00000000a3300000, 0x00000000a3300000, 0x00000000a3400000|  0%| F|  |TAMS 0x00000000a3300000, 0x00000000a3300000| Untracked 
|  28|0x00000000a3400000, 0x00000000a3400000, 0x00000000a3500000|  0%| F|  |TAMS 0x00000000a3400000, 0x00000000a3400000| Untracked 
|  29|0x00000000a3500000, 0x00000000a3500000, 0x00000000a3600000|  0%| F|  |TAMS 0x00000000a3500000, 0x00000000a3500000| Untracked 
|  30|0x00000000a3600000, 0x00000000a3600000, 0x00000000a3700000|  0%| F|  |TAMS 0x00000000a3600000, 0x00000000a3600000| Untracked 
|  31|0x00000000a3700000, 0x00000000a3700000, 0x00000000a3800000|  0%| F|  |TAMS 0x00000000a3700000, 0x00000000a3700000| Untracked 
|  32|0x00000000a3800000, 0x00000000a3800000, 0x00000000a3900000|  0%| F|  |TAMS 0x00000000a3800000, 0x00000000a3800000| Untracked 
|  33|0x00000000a3900000, 0x00000000a3900000, 0x00000000a3a00000|  0%| F|  |TAMS 0x00000000a3900000, 0x00000000a3900000| Untracked 
|  34|0x00000000a3a00000, 0x00000000a3a00000, 0x00000000a3b00000|  0%| F|  |TAMS 0x00000000a3a00000, 0x00000000a3a00000| Untracked 
|  35|0x00000000a3b00000, 0x00000000a3b00000, 0x00000000a3c00000|  0%| F|  |TAMS 0x00000000a3b00000, 0x00000000a3b00000| Untracked 
|  36|0x00000000a3c00000, 0x00000000a3c00000, 0x00000000a3d00000|  0%| F|  |TAMS 0x00000000a3c00000, 0x00000000a3c00000| Untracked 
|  37|0x00000000a3d00000, 0x00000000a3d00000, 0x00000000a3e00000|  0%| F|  |TAMS 0x00000000a3d00000, 0x00000000a3d00000| Untracked 
|  38|0x00000000a3e00000, 0x00000000a3e00000, 0x00000000a3f00000|  0%| F|  |TAMS 0x00000000a3e00000, 0x00000000a3e00000| Untracked 
|  39|0x00000000a3f00000, 0x00000000a3f00000, 0x00000000a4000000|  0%| F|  |TAMS 0x00000000a3f00000, 0x00000000a3f00000| Untracked 
|  40|0x00000000a4000000, 0x00000000a4000000, 0x00000000a4100000|  0%| F|  |TAMS 0x00000000a4000000, 0x00000000a4000000| Untracked 
|  41|0x00000000a4100000, 0x00000000a4100000, 0x00000000a4200000|  0%| F|  |TAMS 0x00000000a4100000, 0x00000000a4100000| Untracked 
|  42|0x00000000a4200000, 0x00000000a4200000, 0x00000000a4300000|  0%| F|  |TAMS 0x00000000a4200000, 0x00000000a4200000| Untracked 
|  43|0x00000000a4300000, 0x00000000a4300000, 0x00000000a4400000|  0%| F|  |TAMS 0x00000000a4300000, 0x00000000a4300000| Untracked 
|  44|0x00000000a4400000, 0x00000000a4400000, 0x00000000a4500000|  0%| F|  |TAMS 0x00000000a4400000, 0x00000000a4400000| Untracked 
|  45|0x00000000a4500000, 0x00000000a4500000, 0x00000000a4600000|  0%| F|  |TAMS 0x00000000a4500000, 0x00000000a4500000| Untracked 
|  46|0x00000000a4600000, 0x00000000a4600000, 0x00000000a4700000|  0%| F|  |TAMS 0x00000000a4600000, 0x00000000a4600000| Untracked 
|  47|0x00000000a4700000, 0x00000000a4700000, 0x00000000a4800000|  0%| F|  |TAMS 0x00000000a4700000, 0x00000000a4700000| Untracked 
|  48|0x00000000a4800000, 0x00000000a4800000, 0x00000000a4900000|  0%| F|  |TAMS 0x00000000a4800000, 0x00000000a4800000| Untracked 
|  49|0x00000000a4900000, 0x00000000a4900000, 0x00000000a4a00000|  0%| F|  |TAMS 0x00000000a4900000, 0x00000000a4900000| Untracked 
|  50|0x00000000a4a00000, 0x00000000a4afea88, 0x00000000a4b00000| 99%| E|  |TAMS 0x00000000a4a00000, 0x00000000a4a00000| Complete 
|  51|0x00000000a4b00000, 0x00000000a4c00000, 0x00000000a4c00000|100%| E|CS|TAMS 0x00000000a4b00000, 0x00000000a4b00000| Complete 
|  52|0x00000000a4c00000, 0x00000000a4d00000, 0x00000000a4d00000|100%| E|CS|TAMS 0x00000000a4c00000, 0x00000000a4c00000| Complete 
|  53|0x00000000a4d00000, 0x00000000a4e00000, 0x00000000a4e00000|100%| E|CS|TAMS 0x00000000a4d00000, 0x00000000a4d00000| Complete 
|  54|0x00000000a4e00000, 0x00000000a4f00000, 0x00000000a4f00000|100%| E|CS|TAMS 0x00000000a4e00000, 0x00000000a4e00000| Complete 
|  55|0x00000000a4f00000, 0x00000000a5000000, 0x00000000a5000000|100%| E|CS|TAMS 0x00000000a4f00000, 0x00000000a4f00000| Complete 
|  56|0x00000000a5000000, 0x00000000a5100000, 0x00000000a5100000|100%| E|CS|TAMS 0x00000000a5000000, 0x00000000a5000000| Complete 
|  57|0x00000000a5100000, 0x00000000a5200000, 0x00000000a5200000|100%| E|CS|TAMS 0x00000000a5100000, 0x00000000a5100000| Complete 
|  58|0x00000000a5200000, 0x00000000a5300000, 0x00000000a5300000|100%| E|CS|TAMS 0x00000000a5200000, 0x00000000a5200000| Complete 
|  59|0x00000000a5300000, 0x00000000a5400000, 0x00000000a5400000|100%| E|CS|TAMS 0x00000000a5300000, 0x00000000a5300000| Complete 
|  60|0x00000000a5400000, 0x00000000a5500000, 0x00000000a5500000|100%| E|CS|TAMS 0x00000000a5400000, 0x00000000a5400000| Complete 
|  61|0x00000000a5500000, 0x00000000a5600000, 0x00000000a5600000|100%| E|CS|TAMS 0x00000000a5500000, 0x00000000a5500000| Complete 
|  62|0x00000000a5600000, 0x00000000a5700000, 0x00000000a5700000|100%| E|CS|TAMS 0x00000000a5600000, 0x00000000a5600000| Complete 
|  63|0x00000000a5700000, 0x00000000a5800000, 0x00000000a5800000|100%| E|CS|TAMS 0x00000000a5700000, 0x00000000a5700000| Complete 
|  64|0x00000000a5800000, 0x00000000a5900000, 0x00000000a5900000|100%| E|CS|TAMS 0x00000000a5800000, 0x00000000a5800000| Complete 
|  65|0x00000000a5900000, 0x00000000a5a00000, 0x00000000a5a00000|100%| E|CS|TAMS 0x00000000a5900000, 0x00000000a5900000| Complete 
|  66|0x00000000a5a00000, 0x00000000a5b00000, 0x00000000a5b00000|100%| E|CS|TAMS 0x00000000a5a00000, 0x00000000a5a00000| Complete 
|  67|0x00000000a5b00000, 0x00000000a5c00000, 0x00000000a5c00000|100%| E|CS|TAMS 0x00000000a5b00000, 0x00000000a5b00000| Complete 
|  68|0x00000000a5c00000, 0x00000000a5d00000, 0x00000000a5d00000|100%| E|CS|TAMS 0x00000000a5c00000, 0x00000000a5c00000| Complete 
|  69|0x00000000a5d00000, 0x00000000a5df3f20, 0x00000000a5e00000| 95%| S|CS|TAMS 0x00000000a5d00000, 0x00000000a5d00000| Complete 
|  70|0x00000000a5e00000, 0x00000000a5f00000, 0x00000000a5f00000|100%| S|CS|TAMS 0x00000000a5e00000, 0x00000000a5e00000| Complete 
|  71|0x00000000a5f00000, 0x00000000a6000000, 0x00000000a6000000|100%| E|CS|TAMS 0x00000000a5f00000, 0x00000000a5f00000| Complete 
|  72|0x00000000a6000000, 0x00000000a6100000, 0x00000000a6100000|100%| E|CS|TAMS 0x00000000a6000000, 0x00000000a6000000| Complete 
|  73|0x00000000a6100000, 0x00000000a6200000, 0x00000000a6200000|100%| E|CS|TAMS 0x00000000a6100000, 0x00000000a6100000| Complete 
|  74|0x00000000a6200000, 0x00000000a6300000, 0x00000000a6300000|100%| E|CS|TAMS 0x00000000a6200000, 0x00000000a6200000| Complete 
|  75|0x00000000a6300000, 0x00000000a6400000, 0x00000000a6400000|100%| E|CS|TAMS 0x00000000a6300000, 0x00000000a6300000| Complete 
|  76|0x00000000a6400000, 0x00000000a6500000, 0x00000000a6500000|100%| E|CS|TAMS 0x00000000a6400000, 0x00000000a6400000| Complete 
|  77|0x00000000a6500000, 0x00000000a6600000, 0x00000000a6600000|100%| E|CS|TAMS 0x00000000a6500000, 0x00000000a6500000| Complete 
|  78|0x00000000a6600000, 0x00000000a6700000, 0x00000000a6700000|100%| E|CS|TAMS 0x00000000a6600000, 0x00000000a6600000| Complete 
|  79|0x00000000a6700000, 0x00000000a6800000, 0x00000000a6800000|100%| E|CS|TAMS 0x00000000a6700000, 0x00000000a6700000| Complete 
|  80|0x00000000a6800000, 0x00000000a6900000, 0x00000000a6900000|100%| E|CS|TAMS 0x00000000a6800000, 0x00000000a6800000| Complete 
|  81|0x00000000a6900000, 0x00000000a6a00000, 0x00000000a6a00000|100%| E|CS|TAMS 0x00000000a6900000, 0x00000000a6900000| Complete 
|  82|0x00000000a6a00000, 0x00000000a6b00000, 0x00000000a6b00000|100%| E|CS|TAMS 0x00000000a6a00000, 0x00000000a6a00000| Complete 
|  83|0x00000000a6b00000, 0x00000000a6c00000, 0x00000000a6c00000|100%| E|  |TAMS 0x00000000a6b00000, 0x00000000a6b00000| Complete 
|  84|0x00000000a6c00000, 0x00000000a6d00000, 0x00000000a6d00000|100%| E|CS|TAMS 0x00000000a6c00000, 0x00000000a6c00000| Complete 
|  85|0x00000000a6d00000, 0x00000000a6e00000, 0x00000000a6e00000|100%| E|CS|TAMS 0x00000000a6d00000, 0x00000000a6d00000| Complete 
|  86|0x00000000a6e00000, 0x00000000a6f00000, 0x00000000a6f00000|100%| E|CS|TAMS 0x00000000a6e00000, 0x00000000a6e00000| Complete 
|  87|0x00000000a6f00000, 0x00000000a7000000, 0x00000000a7000000|100%| E|CS|TAMS 0x00000000a6f00000, 0x00000000a6f00000| Complete 
|  88|0x00000000a7000000, 0x00000000a7100000, 0x00000000a7100000|100%| E|CS|TAMS 0x00000000a7000000, 0x00000000a7000000| Complete 
|  89|0x00000000a7100000, 0x00000000a7200000, 0x00000000a7200000|100%| E|CS|TAMS 0x00000000a7100000, 0x00000000a7100000| Complete 
|  90|0x00000000a7200000, 0x00000000a7300000, 0x00000000a7300000|100%| E|CS|TAMS 0x00000000a7200000, 0x00000000a7200000| Complete 
|  91|0x00000000a7300000, 0x00000000a7400000, 0x00000000a7400000|100%| E|CS|TAMS 0x00000000a7300000, 0x00000000a7300000| Complete 
|  92|0x00000000a7400000, 0x00000000a7500000, 0x00000000a7500000|100%| E|CS|TAMS 0x00000000a7400000, 0x00000000a7400000| Complete 
|  93|0x00000000a7500000, 0x00000000a7600000, 0x00000000a7600000|100%| E|CS|TAMS 0x00000000a7500000, 0x00000000a7500000| Complete 
|  94|0x00000000a7600000, 0x00000000a7700000, 0x00000000a7700000|100%| E|CS|TAMS 0x00000000a7600000, 0x00000000a7600000| Complete 
|  95|0x00000000a7700000, 0x00000000a7800000, 0x00000000a7800000|100%| E|CS|TAMS 0x00000000a7700000, 0x00000000a7700000| Complete 

Card table byte_map: [0x0000029a79920000,0x0000029a79c20000] _byte_map_base: 0x0000029a79414000

Marking Bits (Prev, Next): (CMBitMap*) 0x0000029a7957bf38, (CMBitMap*) 0x0000029a7957bf78
 Prev Bits: [0x0000029a79f20000, 0x0000029a7b6c0000)
 Next Bits: [0x0000029a7b6c0000, 0x0000029a7ce60000)

Polling page: 0x0000029a78d20000

Metaspace:

Usage:
  Non-class:     16.68 MB capacity,    16.35 MB ( 98%) used,   291.77 KB (  2%) free+waste,    49.81 KB ( <1%) overhead. 
      Class:      2.54 MB capacity,     2.37 MB ( 93%) used,   143.76 KB (  6%) free+waste,    25.31 KB ( <1%) overhead. 
       Both:     19.22 MB capacity,    18.72 MB ( 97%) used,   435.52 KB (  2%) free+waste,    75.13 KB ( <1%) overhead. 

Virtual space:
  Non-class space:       18.00 MB reserved,      16.75 MB ( 93%) committed 
      Class space:        1.00 GB reserved,       2.63 MB ( <1%) committed 
             Both:        1.02 GB reserved,      19.38 MB (  2%) committed 

Chunk freelists:
   Non-Class:  7.00 KB
       Class:  0 bytes
        Both:  7.00 KB

MaxMetaspaceSize: 17179869184.00 GB
CompressedClassSpaceSize: 1.00 GB

CodeHeap 'non-profiled nmethods': size=120000Kb used=831Kb max_used=831Kb free=119168Kb
 bounds [0x0000029a101a0000, 0x0000029a10410000, 0x0000029a176d0000]
CodeHeap 'profiled nmethods': size=120000Kb used=4154Kb max_used=4154Kb free=115845Kb
 bounds [0x0000029a08c70000, 0x0000029a09080000, 0x0000029a101a0000]
CodeHeap 'non-nmethods': size=5760Kb used=1213Kb max_used=1246Kb free=4546Kb
 bounds [0x0000029a086d0000, 0x0000029a08940000, 0x0000029a08c70000]
 total_blobs=2458 nmethods=1979 adapters=392
 compilation: enabled
              stopped_count=0, restarted_count=0
 full_count=0

Compilation events (20 events):
Event: 3.216 Thread 0x0000029a7f39a000 1906       3       java.lang.PublicMethods::merge (81 bytes)
Event: 3.217 Thread 0x0000029a7f39a000 nmethod 1906 0x0000029a0903da90 code [0x0000029a0903dce0, 0x0000029a0903e748]
Event: 3.217 Thread 0x0000029a7f39a000 1907       3       com.sun.org.apache.xerces.internal.util.XMLChar::isContent (35 bytes)
Event: 3.217 Thread 0x0000029a7f39a000 nmethod 1907 0x0000029a0903eb90 code [0x0000029a0903ed40, 0x0000029a0903ef58]
Event: 3.217 Thread 0x0000029a7f39a000 1908       3       com.sun.org.apache.xerces.internal.impl.XMLEntityScanner::checkEntityLimit (50 bytes)
Event: 3.218 Thread 0x0000029a7f39a000 nmethod 1908 0x0000029a0903f010 code [0x0000029a0903f1e0, 0x0000029a0903f618]
Event: 3.219 Thread 0x0000029a7f39a000 1909       3       com.sun.org.apache.xerces.internal.util.XMLChar::isSpace (22 bytes)
Event: 3.220 Thread 0x0000029a7f39a000 nmethod 1909 0x0000029a0903f790 code [0x0000029a0903f920, 0x0000029a0903fad8]
Event: 3.222 Thread 0x0000029a7f39a000 1910       1       java.util.logging.Level::intValue (5 bytes)
Event: 3.222 Thread 0x0000029a7f39a000 nmethod 1910 0x0000029a1026e790 code [0x0000029a1026e920, 0x0000029a1026e9f8]
Event: 3.266 Thread 0x0000029a7f39a000 1911       1       sun.nio.fs.WindowsPath::getFileSystem (5 bytes)
Event: 3.266 Thread 0x0000029a7f39a000 nmethod 1911 0x0000029a1026ea90 code [0x0000029a1026ec20, 0x0000029a1026ecf8]
Event: 3.268 Thread 0x0000029a7f39a000 1912       1       org.springframework.core.type.classreading.ClassMetadataReadingVisitor::getClassName (5 bytes)
Event: 3.269 Thread 0x0000029a7f39a000 nmethod 1912 0x0000029a1026ed90 code [0x0000029a1026ef20, 0x0000029a1026eff8]
Event: 3.279 Thread 0x0000029a7f39a000 1913       3       java.lang.Throwable::<init> (39 bytes)
Event: 3.279 Thread 0x0000029a7f39a000 nmethod 1913 0x0000029a0903fb90 code [0x0000029a0903fd60, 0x0000029a090401a8]
Event: 3.281 Thread 0x0000029a7f39a000 1914       3       java.util.LinkedHashMap::<init> (11 bytes)
Event: 3.281 Thread 0x0000029a7f39a000 nmethod 1914 0x0000029a09040290 code [0x0000029a09040460, 0x0000029a09040628]
Event: 3.282 Thread 0x0000029a7f39a000 1915   !   3       ch.qos.logback.classic.LoggerContext::getLogger (164 bytes)
Event: 3.283 Thread 0x0000029a7f39a000 nmethod 1915 0x0000029a09040710 code [0x0000029a09040960, 0x0000029a09041418]

GC Heap History (6 events):
Event: 1.019 GC heap before
{Heap before GC invocations=0 (full 0):
 garbage-first heap   total 98304K, used 13312K [0x00000000a1800000, 0x0000000100000000)
  region size 1024K, 13 young (13312K), 0 survivors (0K)
 Metaspace       used 3764K, capacity 6042K, committed 6272K, reserved 1056768K
  class space    used 402K, capacity 631K, committed 640K, reserved 1048576K
}
Event: 1.030 GC heap after
{Heap after GC invocations=1 (full 0):
 garbage-first heap   total 98304K, used 3711K [0x00000000a1800000, 0x0000000100000000)
  region size 1024K, 2 young (2048K), 2 survivors (2048K)
 Metaspace       used 3764K, capacity 6042K, committed 6272K, reserved 1056768K
  class space    used 402K, capacity 631K, committed 640K, reserved 1048576K
}
Event: 1.423 GC heap before
{Heap before GC invocations=1 (full 0):
 garbage-first heap   total 98304K, used 13951K [0x00000000a1800000, 0x0000000100000000)
  region size 1024K, 13 young (13312K), 2 survivors (2048K)
 Metaspace       used 5947K, capacity 7143K, committed 7296K, reserved 1056768K
  class space    used 695K, capacity 831K, committed 896K, reserved 1048576K
}
Event: 1.431 GC heap after
{Heap after GC invocations=2 (full 0):
 garbage-first heap   total 98304K, used 4618K [0x00000000a1800000, 0x0000000100000000)
  region size 1024K, 1 young (1024K), 1 survivors (1024K)
 Metaspace       used 5947K, capacity 7143K, committed 7296K, reserved 1056768K
  class space    used 695K, capacity 831K, committed 896K, reserved 1048576K
}
Event: 2.018 GC heap before
{Heap before GC invocations=2 (full 0):
 garbage-first heap   total 98304K, used 28170K [0x00000000a1800000, 0x0000000100000000)
  region size 1024K, 25 young (25600K), 1 survivors (1024K)
 Metaspace       used 10320K, capacity 10813K, committed 11008K, reserved 1058816K
  class space    used 1365K, capacity 1485K, committed 1536K, reserved 1048576K
}
Event: 2.023 GC heap after
{Heap after GC invocations=3 (full 0):
 garbage-first heap   total 98304K, used 5673K [0x00000000a1800000, 0x0000000100000000)
  region size 1024K, 2 young (2048K), 2 survivors (2048K)
 Metaspace       used 10320K, capacity 10813K, committed 11008K, reserved 1058816K
  class space    used 1365K, capacity 1485K, committed 1536K, reserved 1048576K
}

Deoptimization events (20 events):
Event: 2.771 Thread 0x0000029a1802e800 DEOPT PACKING pc=0x0000029a08d9f4e1 sp=0x000000a3023fd770
Event: 2.771 Thread 0x0000029a1802e800 DEOPT UNPACKING pc=0x0000029a0871964e sp=0x000000a3023fcc68 mode 0
Event: 2.773 Thread 0x0000029a1802e800 DEOPT PACKING pc=0x0000029a08d9f4e1 sp=0x000000a3023fd770
Event: 2.773 Thread 0x0000029a1802e800 DEOPT UNPACKING pc=0x0000029a0871964e sp=0x000000a3023fcc68 mode 0
Event: 2.774 Thread 0x0000029a1802e800 DEOPT PACKING pc=0x0000029a08d9f4e1 sp=0x000000a3023fd770
Event: 2.774 Thread 0x0000029a1802e800 DEOPT UNPACKING pc=0x0000029a0871964e sp=0x000000a3023fcc68 mode 0
Event: 2.776 Thread 0x0000029a1802e800 DEOPT PACKING pc=0x0000029a08d9f4e1 sp=0x000000a3023fd770
Event: 2.776 Thread 0x0000029a1802e800 DEOPT UNPACKING pc=0x0000029a0871964e sp=0x000000a3023fcc68 mode 0
Event: 2.780 Thread 0x0000029a1802e800 DEOPT PACKING pc=0x0000029a08d9f4e1 sp=0x000000a3023fd700
Event: 2.780 Thread 0x0000029a1802e800 DEOPT UNPACKING pc=0x0000029a0871964e sp=0x000000a3023fcbf0 mode 0
Event: 2.780 Thread 0x0000029a1802e800 DEOPT PACKING pc=0x0000029a08fe5741 sp=0x000000a3023fd7f0
Event: 2.780 Thread 0x0000029a1802e800 DEOPT UNPACKING pc=0x0000029a0871964e sp=0x000000a3023fcd28 mode 0
Event: 2.930 Thread 0x0000029a1804c000 DEOPT PACKING pc=0x0000029a08d96cce sp=0x000000a3024fdcf0
Event: 2.930 Thread 0x0000029a1804c000 DEOPT UNPACKING pc=0x0000029a0871964e sp=0x000000a3024fd208 mode 0
Event: 2.930 Thread 0x0000029a1804c000 Uncommon trap: trap_request=0xffffff45 fr.pc=0x0000029a1020af24 relative=0x00000000000000e4
Event: 2.930 Thread 0x0000029a1804c000 Uncommon trap: reason=unstable_if action=reinterpret pc=0x0000029a1020af24 method=java.nio.Buffer.position(I)Ljava/nio/Buffer; @ 45 c2
Event: 2.930 Thread 0x0000029a1804c000 DEOPT PACKING pc=0x0000029a1020af24 sp=0x000000a3024fd9b0
Event: 2.930 Thread 0x0000029a1804c000 DEOPT UNPACKING pc=0x0000029a0871912f sp=0x000000a3024fd938 mode 2
Event: 2.993 Thread 0x0000029a1804c000 DEOPT PACKING pc=0x0000029a08d9f4e1 sp=0x000000a3024fc310
Event: 2.993 Thread 0x0000029a1804c000 DEOPT UNPACKING pc=0x0000029a0871964e sp=0x000000a3024fb800 mode 0

Classes unloaded (0 events):
No events

Classes redefined (0 events):
No events

Internal exceptions (20 events):
Event: 2.395 Thread 0x0000029a1802e800 Exception <a 'java/lang/ClassNotFoundException'{0x00000000a6696750}: java/lang/ObjectCustomizer> (0x00000000a6696750) 
thrown [./open/src/hotspot/share/classfile/systemDictionary.cpp, line 226]
Event: 2.400 Thread 0x0000029a1802e800 Exception <a 'java/lang/IncompatibleClassChangeError'{0x00000000a669a6f0}: Found class java.lang.Object, but interface was expected> (0x00000000a669a6f0) 
thrown [./open/src/hotspot/share/interpreter/linkResolver.cpp, line 832]
Event: 2.409 Thread 0x0000029a1802e800 Exception <a 'java/lang/ClassNotFoundException'{0x00000000a66b4100}: org/springframework/context/annotation/ConfigurationClassPostProcessorCustomizer> (0x00000000a66b4100) 
thrown [./open/src/hotspot/share/classfile/systemDictionary.cpp, line 226]
Event: 2.430 Thread 0x0000029a1802e800 Exception <a 'java/lang/ClassNotFoundException'{0x00000000a6487e88}: org/springframework/beans/factory/support/BeanDefinitionRegistryPostProcessorCustomizer> (0x00000000a6487e88) 
thrown [./open/src/hotspot/share/classfile/systemDictionary.cpp, line 226]
Event: 2.431 Thread 0x0000029a1802e800 Exception <a 'java/lang/ClassNotFoundException'{0x00000000a64931d0}: org/springframework/beans/factory/config/BeanFactoryPostProcessorCustomizer> (0x00000000a64931d0) 
thrown [./open/src/hotspot/share/classfile/systemDictionary.cpp, line 226]
Event: 2.432 Thread 0x0000029a1802e800 Exception <a 'java/lang/ClassNotFoundException'{0x00000000a649cf80}: org/springframework/core/PriorityOrderedCustomizer> (0x00000000a649cf80) 
thrown [./open/src/hotspot/share/classfile/systemDictionary.cpp, line 226]
Event: 2.432 Thread 0x0000029a1802e800 Exception <a 'java/lang/ClassNotFoundException'{0x00000000a64a53b0}: org/springframework/core/OrderedCustomizer> (0x00000000a64a53b0) 
thrown [./open/src/hotspot/share/classfile/systemDictionary.cpp, line 226]
Event: 2.434 Thread 0x0000029a1802e800 Exception <a 'java/lang/ClassNotFoundException'{0x00000000a64af320}: org/springframework/context/ResourceLoaderAwareCustomizer> (0x00000000a64af320) 
thrown [./open/src/hotspot/share/classfile/systemDictionary.cpp, line 226]
Event: 2.435 Thread 0x0000029a1802e800 Exception <a 'java/lang/ClassNotFoundException'{0x00000000a64b8dd8}: org/springframework/beans/factory/AwareCustomizer> (0x00000000a64b8dd8) 
thrown [./open/src/hotspot/share/classfile/systemDictionary.cpp, line 226]
Event: 2.435 Thread 0x0000029a1802e800 Exception <a 'java/lang/ClassNotFoundException'{0x00000000a64c2500}: org/springframework/beans/factory/BeanClassLoaderAwareCustomizer> (0x00000000a64c2500) 
thrown [./open/src/hotspot/share/classfile/systemDictionary.cpp, line 226]
Event: 2.436 Thread 0x0000029a1802e800 Exception <a 'java/lang/ClassNotFoundException'{0x00000000a64cbfd0}: org/springframework/beans/factory/AwareCustomizer> (0x00000000a64cbfd0) 
thrown [./open/src/hotspot/share/classfile/systemDictionary.cpp, line 226]
Event: 2.437 Thread 0x0000029a1802e800 Exception <a 'java/lang/ClassNotFoundException'{0x00000000a64d4e70}: org/springframework/context/EnvironmentAwareCustomizer> (0x00000000a64d4e70) 
thrown [./open/src/hotspot/share/classfile/systemDictionary.cpp, line 226]
Event: 2.438 Thread 0x0000029a1802e800 Exception <a 'java/lang/ClassNotFoundException'{0x00000000a64de890}: org/springframework/beans/factory/AwareCustomizer> (0x00000000a64de890) 
thrown [./open/src/hotspot/share/classfile/systemDictionary.cpp, line 226]
Event: 2.554 Thread 0x0000029a1802e800 Exception <a 'java/lang/NoSuchMethodError'{0x00000000a613ed90}: 'java.lang.Object java.lang.invoke.Invokers$Holder.invokeExact_MT(java.lang.Object, java.lang.Object, java.lang.Object, java.lang.Object, java.lang.Object, java.lang.Object)'> (0x00000000a613ed90) 
thrown [./open/src/hotspot/share/interpreter/linkResolver.cpp, line 766]
Event: 2.833 Thread 0x0000029a1804c000 Exception <a 'java/lang/NoSuchMethodError'{0x00000000a5659620}: 'long java.lang.invoke.DirectMethodHandle$Holder.invokeStatic(java.lang.Object, java.lang.Object)'> (0x00000000a5659620) 
thrown [./open/src/hotspot/share/interpreter/linkResolver.cpp, line 766]
Event: 2.860 Thread 0x0000029a1804c000 Exception <a 'java/lang/NoSuchMethodError'{0x00000000a565c328}: 'long java.lang.invoke.DirectMethodHandle$Holder.invokeStaticInit(java.lang.Object, java.lang.Object)'> (0x00000000a565c328) 
thrown [./open/src/hotspot/share/interpreter/linkResolver.cpp, line 766]
Event: 2.864 Thread 0x0000029a1804c000 Exception <a 'java/lang/NoSuchMethodError'{0x00000000a5667d08}: 'long java.lang.invoke.DirectMethodHandle$Holder.invokeInterface(java.lang.Object, java.lang.Object)'> (0x00000000a5667d08) 
thrown [./open/src/hotspot/share/interpreter/linkResolver.cpp, line 766]
Event: 2.865 Thread 0x0000029a1804c000 Exception <a 'java/lang/IncompatibleClassChangeError'{0x00000000a566a830}: Found class java.lang.Object, but interface was expected> (0x00000000a566a830) 
thrown [./open/src/hotspot/share/interpreter/linkResolver.cpp, line 832]
Event: 2.897 Thread 0x0000029a1804c000 Exception <a 'java/lang/NoSuchMethodError'{0x00000000a55b13d8}: 'java.lang.Object java.lang.invoke.DirectMethodHandle$Holder.invokeVirtual(java.lang.Object, java.lang.Object, java.lang.Object, java.lang.Object)'> (0x00000000a55b13d8) 
thrown [./open/src/hotspot/share/interpreter/linkResolver.cpp, line 766]
Event: 3.076 Thread 0x0000029a1802e800 Exception <a 'java/lang/IncompatibleClassChangeError'{0x00000000a4fd67b8}: Found class java.lang.Object, but interface was expected> (0x00000000a4fd67b8) 
thrown [./open/src/hotspot/share/interpreter/linkResolver.cpp, line 832]

Events (20 events):
Event: 3.205 loading class javax/management/RuntimeOperationsException
Event: 3.205 loading class javax/management/JMRuntimeException
Event: 3.205 loading class javax/management/JMRuntimeException done
Event: 3.205 loading class javax/management/RuntimeOperationsException done
Event: 3.205 loading class javax/management/InstanceNotFoundException
Event: 3.205 loading class javax/management/InstanceNotFoundException done
Event: 3.205 loading class javax/management/ServiceNotFoundException
Event: 3.205 loading class javax/management/ServiceNotFoundException done
Event: 3.208 loading class javax/management/MBeanFeatureInfo
Event: 3.208 loading class javax/management/DescriptorRead
Event: 3.208 loading class javax/management/DescriptorRead done
Event: 3.208 loading class javax/management/MBeanFeatureInfo done
Event: 3.208 loading class javax/management/MBeanAttributeInfo
Event: 3.209 loading class javax/management/MBeanAttributeInfo done
Event: 3.211 loading class javax/management/modelmbean/ModelMBeanNotificationBroadcaster
Event: 3.211 loading class javax/management/modelmbean/ModelMBeanNotificationBroadcaster done
Event: 3.214 loading class javax/management/MBeanOperationInfo
Event: 3.214 loading class javax/management/MBeanOperationInfo done
Event: 3.218 loading class javax/management/MBeanParameterInfo
Event: 3.218 loading class javax/management/MBeanParameterInfo done


Dynamic libraries:
0x00007ff744210000 - 0x00007ff74421f000 	C:\Program Files\Java\jdk-14.0.2\bin\java.exe
0x00007ffd52610000 - 0x00007ffd52805000 	C:\WINDOWS\SYSTEM32\ntdll.dll
0x00007ffd52350000 - 0x00007ffd5240d000 	C:\WINDOWS\System32\KERNEL32.DLL
0x00007ffd503a0000 - 0x00007ffd50668000 	C:\WINDOWS\System32\KERNELBASE.dll
0x00007ffd4fd50000 - 0x00007ffd4fe50000 	C:\WINDOWS\System32\ucrtbase.dll
0x00007ffd479b0000 - 0x00007ffd479c8000 	C:\Program Files\Java\jdk-14.0.2\bin\jli.dll
0x00007ffd50eb0000 - 0x00007ffd50f5c000 	C:\WINDOWS\System32\ADVAPI32.dll
0x00007ffd50840000 - 0x00007ffd508de000 	C:\WINDOWS\System32\msvcrt.dll
0x00007ffd52530000 - 0x00007ffd525cb000 	C:\WINDOWS\System32\sechost.dll
0x00007ffd518a0000 - 0x00007ffd519cb000 	C:\WINDOWS\System32\RPCRT4.dll
0x00007ffd51a60000 - 0x00007ffd51c00000 	C:\WINDOWS\System32\USER32.dll
0x00007ffd50370000 - 0x00007ffd50392000 	C:\WINDOWS\System32\win32u.dll
0x00007ffd50e80000 - 0x00007ffd50eaa000 	C:\WINDOWS\System32\GDI32.dll
0x00007ffd4fff0000 - 0x00007ffd500fb000 	C:\WINDOWS\System32\gdi32full.dll
0x00007ffd4fe50000 - 0x00007ffd4feed000 	C:\WINDOWS\System32\msvcp_win.dll
0x00007ffd48a90000 - 0x00007ffd48aa5000 	C:\Program Files\Java\jdk-14.0.2\bin\VCRUNTIME140.dll
0x00007ffd3eac0000 - 0x00007ffd3ed5a000 	C:\WINDOWS\WinSxS\amd64_microsoft.windows.common-controls_6595b64144ccf1df_6.0.19041.844_none_ca00b6081b84eb1d\COMCTL32.dll
0x00007ffd45140000 - 0x00007ffd4514a000 	C:\WINDOWS\SYSTEM32\VERSION.dll
0x00007ffd50810000 - 0x00007ffd50840000 	C:\WINDOWS\System32\IMM32.DLL
0x00007ffd41380000 - 0x00007ffd4141b000 	C:\Program Files\Java\jdk-14.0.2\bin\msvcp140.dll
0x00007ffd22d10000 - 0x00007ffd2382e000 	C:\Program Files\Java\jdk-14.0.2\bin\server\jvm.dll
0x00007ffd50680000 - 0x00007ffd50688000 	C:\WINDOWS\System32\PSAPI.DLL
0x00007ffd42f90000 - 0x00007ffd42f99000 	C:\WINDOWS\SYSTEM32\WSOCK32.dll
0x00007ffd50c50000 - 0x00007ffd50cbb000 	C:\WINDOWS\System32\WS2_32.dll
0x00007ffd43ef0000 - 0x00007ffd43f17000 	C:\WINDOWS\SYSTEM32\WINMM.dll
0x00007ffd4e6a0000 - 0x00007ffd4e6b2000 	C:\WINDOWS\SYSTEM32\kernel.appcore.dll
0x00007ffd479a0000 - 0x00007ffd479aa000 	C:\Program Files\Java\jdk-14.0.2\bin\jimage.dll
0x00007ffd4dc60000 - 0x00007ffd4de44000 	C:\WINDOWS\SYSTEM32\DBGHELP.DLL
0x00007ffd491e0000 - 0x00007ffd4920c000 	C:\WINDOWS\SYSTEM32\dbgcore.DLL
0x00007ffd4fef0000 - 0x00007ffd4ff70000 	C:\WINDOWS\System32\bcryptPrimitives.dll
0x00007ffd47990000 - 0x00007ffd4799e000 	C:\Program Files\Java\jdk-14.0.2\bin\instrument.dll
0x00007ffd41040000 - 0x00007ffd41065000 	C:\Program Files\Java\jdk-14.0.2\bin\java.dll
0x00007ffd46e70000 - 0x00007ffd46e86000 	C:\Program Files\Java\jdk-14.0.2\bin\zip.dll
0x00007ffd51c00000 - 0x00007ffd52342000 	C:\WINDOWS\System32\SHELL32.dll
0x00007ffd4de70000 - 0x00007ffd4e601000 	C:\WINDOWS\SYSTEM32\windows.storage.dll
0x00007ffd51540000 - 0x00007ffd51895000 	C:\WINDOWS\System32\combase.dll
0x00007ffd4f6f0000 - 0x00007ffd4f71c000 	C:\WINDOWS\SYSTEM32\Wldp.dll
0x00007ffd50760000 - 0x00007ffd5080e000 	C:\WINDOWS\System32\SHCORE.dll
0x00007ffd514e0000 - 0x00007ffd51535000 	C:\WINDOWS\System32\shlwapi.dll
0x00007ffd4fc90000 - 0x00007ffd4fcaf000 	C:\WINDOWS\SYSTEM32\profapi.dll
0x00007ffd45cd0000 - 0x00007ffd45ce9000 	C:\Program Files\Java\jdk-14.0.2\bin\net.dll
0x00007ffd4ac70000 - 0x00007ffd4ad7b000 	C:\WINDOWS\SYSTEM32\WINHTTP.dll
0x00007ffd4f460000 - 0x00007ffd4f4ca000 	C:\WINDOWS\system32\mswsock.dll
0x00007ffd410c0000 - 0x00007ffd410d2000 	C:\Program Files\Java\jdk-14.0.2\bin\nio.dll
0x00007ffd41020000 - 0x00007ffd4103a000 	C:\Program Files\JetBrains\IntelliJ IDEA Community Edition 2020.3.3\bin\breakgen64.dll
0x00007ffd45be0000 - 0x00007ffd45bf0000 	C:\Program Files\Java\jdk-14.0.2\bin\verify.dll
0x00007ffd43c00000 - 0x00007ffd43c09000 	C:\Program Files\Java\jdk-14.0.2\bin\management.dll
0x00007ffd438d0000 - 0x00007ffd438db000 	C:\Program Files\Java\jdk-14.0.2\bin\management_ext.dll
0x00007ffd42970000 - 0x00007ffd42987000 	C:\WINDOWS\system32\napinsp.dll
0x00007ffd42380000 - 0x00007ffd4239b000 	C:\WINDOWS\system32\pnrpnsp.dll
0x00007ffd40340000 - 0x00007ffd40355000 	C:\WINDOWS\system32\wshbth.dll
0x00007ffd49f90000 - 0x00007ffd49fad000 	C:\WINDOWS\system32\NLAapi.dll
0x00007ffd4f150000 - 0x00007ffd4f18b000 	C:\WINDOWS\SYSTEM32\IPHLPAPI.DLL
0x00007ffd4f190000 - 0x00007ffd4f25c000 	C:\WINDOWS\SYSTEM32\DNSAPI.dll
0x00007ffd50670000 - 0x00007ffd50678000 	C:\WINDOWS\System32\NSI.dll
0x00007ffd40320000 - 0x00007ffd40332000 	C:\WINDOWS\System32\winrnr.dll
0x00007ffd463b0000 - 0x00007ffd463ba000 	C:\Windows\System32\rasadhlp.dll
0x00007ffd47620000 - 0x00007ffd4769f000 	C:\WINDOWS\System32\fwpuclnt.dll
0x00007ffd4ffc0000 - 0x00007ffd4ffe7000 	C:\WINDOWS\System32\bcrypt.dll

dbghelp: loaded successfully - version: 4.0.5 - missing functions: none
symbol engine: initialized successfully - sym options: 0x614 - pdb path: .;C:\Program Files\Java\jdk-14.0.2\bin;C:\WINDOWS\SYSTEM32;C:\WINDOWS\WinSxS\amd64_microsoft.windows.common-controls_6595b64144ccf1df_6.0.19041.844_none_ca00b6081b84eb1d;C:\Program Files\Java\jdk-14.0.2\bin\server;C:\Program Files\JetBrains\IntelliJ IDEA Community Edition 2020.3.3\bin

VM Arguments:
jvm_args: -javaagent:C:\Program Files\JetBrains\IntelliJ IDEA Community Edition 2020.3.3\lib\idea_rt.jar=53209:C:\Program Files\JetBrains\IntelliJ IDEA Community Edition 2020.3.3\bin -Dfile.encoding=UTF-8 
java_command: com.udacity.boogle.maps.BoogleMapsApplication
java_class_path (initial): E:\SaMeH\Career\Programming\Courses\For Java\Java Web Developer Nanodegree\Part 2\Vehicles APIs\boogle-maps\target\classes;C:\Users\ALKODS\.m2\repository\org\springframework\boot\spring-boot-starter-web\2.1.6.RELEASE\spring-boot-starter-web-2.1.6.RELEASE.jar;C:\Users\ALKODS\.m2\repository\org\springframework\boot\spring-boot-starter\2.1.6.RELEASE\spring-boot-starter-2.1.6.RELEASE.jar;C:\Users\ALKODS\.m2\repository\org\springframework\boot\spring-boot-starter-logging\2.1.6.RELEASE\spring-boot-starter-logging-2.1.6.RELEASE.jar;C:\Users\ALKODS\.m2\repository\ch\qos\logback\logback-classic\1.2.3\logback-classic-1.2.3.jar;C:\Users\ALKODS\.m2\repository\ch\qos\logback\logback-core\1.2.3\logback-core-1.2.3.jar;C:\Users\ALKODS\.m2\repository\org\apache\logging\log4j\log4j-to-slf4j\2.11.2\log4j-to-slf4j-2.11.2.jar;C:\Users\ALKODS\.m2\repository\org\apache\logging\log4j\log4j-api\2.11.2\log4j-api-2.11.2.jar;C:\Users\ALKODS\.m2\repository\org\slf4j\jul-to-slf4j\1.7.26\jul-to-slf4j-1.7.26.jar;C:\Users\ALKODS\.m2\repository\javax\annotation\javax.annotation-api\1.3.2\javax.annotation-api-1.3.2.jar;C:\Users\ALKODS\.m2\repository\org\yaml\snakeyaml\1.23\snakeyaml-1.23.jar;C:\Users\ALKODS\.m2\repository\org\springframework\boot\spring-boot-starter-json\2.1.6.RELEASE\spring-boot-starter-json-2.1.6.RELEASE.jar;C:\Users\ALKODS\.m2\repository\com\fasterxml\jackson\core\jackson-databind\2.9.9\jackson-databind-2.9.9.jar;C:\Users\ALKODS\.m2\repository\com\fasterxml\jackson\core\jackson-annotations\2.9.0\jackson-annotations-2.9.0.jar;C:\Users\ALKODS\.m2\repository\com\fasterxml\jackson\core\jackson-core\2.9.9\jackson-core-2.9.9.jar;C:\Users\ALKODS\.m2\repository\com\fasterxml\jackson\datatype\jackson-datatype-jdk8\2.9.9\jackson-datatype-jdk8-2.9.9.jar;C:\Users\ALKODS\.m2\repository\com\fasterxml\jackson\datatype\jackson-datatype-jsr310\2.9.9\jackson-datatype-jsr310-2.9.9.jar;C:\Users\ALKODS\.m2\repository\com\fasterxml\jackson\module\jackson-module-parameter-na
Launcher Type: SUN_STANDARD

[Global flags]
     intx CICompilerCount                          = 3                                         {product} {ergonomic}
     uint ConcGCThreads                            = 1                                         {product} {ergonomic}
     uint G1ConcRefinementThreads                  = 4                                         {product} {ergonomic}
   size_t G1HeapRegionSize                         = 1048576                                   {product} {ergonomic}
    uintx GCDrainStackTargetSize                   = 64                                        {product} {ergonomic}
   size_t InitialHeapSize                          = 100663296                                 {product} {ergonomic}
   size_t MarkStackSize                            = 4194304                                   {product} {ergonomic}
   size_t MaxHeapSize                              = 1585446912                                {product} {ergonomic}
   size_t MaxNewSize                               = 951058432                                 {product} {ergonomic}
   size_t MinHeapDeltaBytes                        = 1048576                                   {product} {ergonomic}
   size_t MinHeapSize                              = 8388608                                   {product} {ergonomic}
    uintx NonNMethodCodeHeapSize                   = 5832780                                {pd product} {ergonomic}
    uintx NonProfiledCodeHeapSize                  = 122912730                              {pd product} {ergonomic}
    uintx ProfiledCodeHeapSize                     = 122912730                              {pd product} {ergonomic}
    uintx ReservedCodeCacheSize                    = 251658240                              {pd product} {ergonomic}
     bool SegmentedCodeCache                       = true                                      {product} {ergonomic}
   size_t SoftMaxHeapSize                          = 1585446912                             {manageable} {ergonomic}
     bool UseCompressedClassPointers               = true                                 {lp64_product} {ergonomic}
     bool UseCompressedOops                        = true                                 {lp64_product} {ergonomic}
     bool UseG1GC                                  = true                                      {product} {ergonomic}
     bool UseLargePagesIndividualAllocation        = false                                  {pd product} {ergonomic}

Logging:
Log output configuration:
 #0: stdout all=warning uptime,level,tags
 #1: stderr all=off uptime,level,tags

Environment Variables:
PATH=C:\Program Files (x86)\Common Files\Oracle\Java\javapath;C:\WINDOWS\system32;C:\WINDOWS;C:\WINDOWS\System32\Wbem;C:\WINDOWS\System32\WindowsPowerShell\v1.0\;C:\Program Files\Microsoft SQL Server\130\Tools\Binn\;C:\Program Files (x86)\Windows Kits\10\Windows Performance Toolkit\;C:\xampp\php;C:\composer;C:\WINDOWS\System32\OpenSSH\;C:\Program Files\nodejs\;C:\Users\ALKODS\AppData\Local\Programs\Python\Python36\Scripts;C:\Program Files\Git\cmd;C:\Program Files\Git\mingw64\bin;C:\Program Files\Git\usr\bin;C:\Users\ALKODS\AppData\Local\Microsoft\WindowsApps;C:\Users\ALKODS\AppData\Roaming\Composer\vendor\bin;C:\Users\ALKODS\AppData\Roaming\npm;;C:\Users\ALKODS\AppData\Local\Programs\Microsoft VS Code\bin
USERNAME=ALKODS
OS=Windows_NT
PROCESSOR_IDENTIFIER=Intel64 Family 6 Model 58 Stepping 9, GenuineIntel



---------------  S Y S T E M  ---------------

OS: Windows 10 , 64 bit Build 19041 (10.0.19041.928)
OS uptime: 0 days 3:37 hours

CPU:total 4 (initial active 4) (2 cores per cpu, 2 threads per core) family 6 model 58 stepping 9, cmov, cx8, fxsr, mmx, sse, sse2, sse3, ssse3, sse4.1, sse4.2, popcnt, avx, aes, clmul, erms, ht, tsc, tscinvbit, tscinv

Memory: 4k page, system-wide physical 6046M (402M free)
TotalPageFile size 7697M (AvailPageFile size 5M)
current process WorkingSet (physical memory assigned to process): 141M, peak: 141M
current process commit charge ("private bytes"): 225M, peak: 226M

vm_info: Java HotSpot(TM) 64-Bit Server VM (14.0.2+12-46) for windows-amd64 JRE (14.0.2+12-46), built on Jul  9 2020 00:35:52 by "mach5one" with MS VC++ 15.9 (VS2017)

END.
