#
# There is insufficient memory for the Java Runtime Environment to continue.
# Native memory allocation (malloc) failed to allocate 1077776 bytes for Chunk::new
# Possible reasons:
#   The system is out of physical RAM or swap space
#   The process is running with CompressedOops enabled, and the Java Heap may be blocking the growth of the native heap
# Possible solutions:
#   Reduce memory load on the system
#   Increase physical memory or swap space
#   Check if swap backing store is full
#   Decrease Java heap size (-Xmx/-Xms)
#   Decrease number of Java threads
#   Decrease Java thread stack sizes (-Xss)
#   Set larger code cache with -XX:ReservedCodeCacheSize=
#   JVM is running with Unscaled Compressed Oops mode in which the Java heap is
#     placed in the first 4GB address space. The Java Heap base address is the
#     maximum limit for the native heap growth. Please use -XX:HeapBaseMinAddress
#     to set the Java Heap base and to place the Java Heap above 4GB virtual address.
# This output file may be truncated or incomplete.
#
#  Out of Memory Error (./open/src/hotspot/share/memory/arena.cpp:195), pid=8992, tid=8520
#
# JRE version: Java(TM) SE Runtime Environment (14.0.2+12) (build 14.0.2+12-46)
# Java VM: Java HotSpot(TM) 64-Bit Server VM (14.0.2+12-46, mixed mode, sharing, tiered, compressed oops, g1 gc, windows-amd64)
# No core dump will be written. Minidumps are not enabled by default on client versions of Windows
#

---------------  S U M M A R Y ------------

Command Line: -javaagent:C:\Program Files\JetBrains\IntelliJ IDEA Community Edition 2020.3.3\lib\idea_rt.jar=53267:C:\Program Files\JetBrains\IntelliJ IDEA Community Edition 2020.3.3\bin -Dfile.encoding=UTF-8 com.udacity.boogle.maps.BoogleMapsApplication

Host: Intel(R) Core(TM) i5-3337U CPU @ 1.80GHz, 4 cores, 5G,  Windows 10 , 64 bit Build 19041 (10.0.19041.928)
Time: Tue Apr 20 03:55:21 2021 Egypt Standard Time elapsed time: 2 seconds (0d 0h 0m 2s)

---------------  T H R E A D  ---------------

Current thread (0x0000024f36ab2000):  JavaThread "C2 CompilerThread0" daemon [_thread_in_native, id=8520, stack(0x0000007f91300000,0x0000007f91400000)]


Current CompileTask:
C2:   2811 1670       4       jdk.internal.org.objectweb.asm.Frame::execute (2305 bytes)

Stack: [0x0000007f91300000,0x0000007f91400000]
Native frames: (J=compiled Java code, j=interpreted, Vv=VM code, C=native code)
V  [jvm.dll+0x5f8a9a]
V  [jvm.dll+0x74247a]
V  [jvm.dll+0x743c2f]
V  [jvm.dll+0x744273]
V  [jvm.dll+0x20d288]
V  [jvm.dll+0xabb07]
V  [jvm.dll+0xac1fc]
V  [jvm.dll+0x276db4]
V  [jvm.dll+0x50cffa]
V  [jvm.dll+0x1ee1da]
V  [jvm.dll+0x1e7cfb]
V  [jvm.dll+0x1e4f98]
V  [jvm.dll+0x1779cc]
V  [jvm.dll+0x1f4105]
V  [jvm.dll+0x1f22eb]
V  [jvm.dll+0x7070cd]
V  [jvm.dll+0x6ffeda]
V  [jvm.dll+0x5f78f6]
C  [ucrtbase.dll+0x21bb2]
C  [KERNEL32.DLL+0x17034]
C  [ntdll.dll+0x52651]


---------------  P R O C E S S  ---------------

Threads class SMR info:
_java_thread_list=0x0000024f37fa7520, length=16, elements={
0x0000024f17697800, 0x0000024f36a88800, 0x0000024f36a8a000, 0x0000024f36aa8000,
0x0000024f36aac000, 0x0000024f36aad800, 0x0000024f36ab2000, 0x0000024f36ab7000,
0x0000024f36ac3800, 0x0000024f1775c800, 0x0000024f376c9800, 0x0000024f37765800,
0x0000024f37e6e000, 0x0000024f37e89800, 0x0000024f37e9e800, 0x0000024f37fef800
}

Java Threads: ( => current thread )
  0x0000024f17697800 JavaThread "main" [_thread_blocked, id=2552, stack(0x0000007f90700000,0x0000007f90800000)]
  0x0000024f36a88800 JavaThread "Reference Handler" daemon [_thread_blocked, id=9068, stack(0x0000007f90e00000,0x0000007f90f00000)]
  0x0000024f36a8a000 JavaThread "Finalizer" daemon [_thread_blocked, id=5856, stack(0x0000007f90f00000,0x0000007f91000000)]
  0x0000024f36aa8000 JavaThread "Signal Dispatcher" daemon [_thread_blocked, id=9848, stack(0x0000007f91000000,0x0000007f91100000)]
  0x0000024f36aac000 JavaThread "Attach Listener" daemon [_thread_blocked, id=832, stack(0x0000007f91100000,0x0000007f91200000)]
  0x0000024f36aad800 JavaThread "Service Thread" daemon [_thread_blocked, id=5288, stack(0x0000007f91200000,0x0000007f91300000)]
=>0x0000024f36ab2000 JavaThread "C2 CompilerThread0" daemon [_thread_in_native, id=8520, stack(0x0000007f91300000,0x0000007f91400000)]
  0x0000024f36ab7000 JavaThread "C1 CompilerThread0" daemon [_thread_blocked, id=6904, stack(0x0000007f91400000,0x0000007f91500000)]
  0x0000024f36ac3800 JavaThread "Sweeper thread" daemon [_thread_blocked, id=2176, stack(0x0000007f91500000,0x0000007f91600000)]
  0x0000024f1775c800 JavaThread "Common-Cleaner" daemon [_thread_blocked, id=10984, stack(0x0000007f91600000,0x0000007f91700000)]
  0x0000024f376c9800 JavaThread "Monitor Ctrl-Break" daemon [_thread_in_native, id=2184, stack(0x0000007f91700000,0x0000007f91800000)]
  0x0000024f37765800 JavaThread "Notification Thread" daemon [_thread_blocked, id=9092, stack(0x0000007f91800000,0x0000007f91900000)]
  0x0000024f37e6e000 JavaThread "Thread-0" [_thread_blocked, id=3904, stack(0x0000007f91c00000,0x0000007f91d00000)]
  0x0000024f37e89800 JavaThread "restartedMain" [_thread_blocked, id=3964, stack(0x0000007f91d00000,0x0000007f91e00000)]
  0x0000024f37e9e800 JavaThread "background-preinit" [_thread_blocked, id=2392, stack(0x0000007f91e00000,0x0000007f91f00000)]
  0x0000024f37fef800 JavaThread "C2 CompilerThread1" daemon [_thread_blocked, id=2276, stack(0x0000007f92100000,0x0000007f92200000)]

Other Threads:
  0x0000024f1776e800 VMThread "VM Thread" [stack: 0x0000007f90d00000,0x0000007f90e00000] [id=5444]
  0x0000024f3776b800 WatcherThread [stack: 0x0000007f91900000,0x0000007f91a00000] [id=9836]
  0x0000024f176ca800 GCTaskThread "GC Thread#0" [stack: 0x0000007f90800000,0x0000007f90900000] [id=7756]
  0x0000024f37927000 GCTaskThread "GC Thread#1" [stack: 0x0000007f91a00000,0x0000007f91b00000] [id=2268]
  0x0000024f37f09000 GCTaskThread "GC Thread#2" [stack: 0x0000007f91f00000,0x0000007f92000000] [id=10884]
  0x0000024f37e8c000 GCTaskThread "GC Thread#3" [stack: 0x0000007f92000000,0x0000007f92100000] [id=9304]
  0x0000024f176d7800 ConcurrentGCThread "G1 Main Marker" [stack: 0x0000007f90900000,0x0000007f90a00000] [id=9724]
  0x0000024f176db000 ConcurrentGCThread "G1 Conc#0" [stack: 0x0000007f90a00000,0x0000007f90b00000] [id=10212]
  0x0000024f17749000 ConcurrentGCThread "G1 Refine#0" [stack: 0x0000007f90b00000,0x0000007f90c00000] [id=10860]
  0x0000024f376c5800 ConcurrentGCThread "G1 Refine#1" [stack: 0x0000007f91b00000,0x0000007f91c00000] [id=9428]
  0x0000024f1774a000 ConcurrentGCThread "G1 Young RemSet Sampling" [stack: 0x0000007f90c00000,0x0000007f90d00000] [id=8584]

Threads with active compile tasks:
C2 CompilerThread0     2840 1670       4       jdk.internal.org.objectweb.asm.Frame::execute (2305 bytes)
C1 CompilerThread0     2840 1737   !   3       java.nio.ByteBuffer::wrap (21 bytes)
C2 CompilerThread1     2840 1728       4       java.util.HashSet::add (20 bytes)

VM state:at safepoint (normal execution)

VM Mutex/Monitor currently owned by a thread:  ([mutex/lock_event])
[0x0000024f176917a0] Threads_lock - owner thread: 0x0000024f1776e800
[0x0000024f176921c0] Heap_lock - owner thread: 0x0000024f37e9e800

Heap address: 0x00000000a1800000, size: 1512 MB, Compressed Oops mode: 32-bit
Narrow klass base: 0x0000000800000000, Narrow klass shift: 3
Compressed class space size: 1073741824 Address: 0x0000000800b30000

Heap:
 garbage-first heap   total 98304K, used 6751K [0x00000000a1800000, 0x0000000100000000)
  region size 1024K, 3 young (3072K), 3 survivors (3072K)
 Metaspace       used 16370K, capacity 16794K, committed 16896K, reserved 1073152K
  class space    used 2085K, capacity 2239K, committed 2304K, reserved 1048576K
Heap Regions: E=young(eden), S=young(survivor), O=old, HS=humongous(starts), HC=humongous(continues), CS=collection set, F=free, OA=open archive, CA=closed archive, TAMS=top-at-mark-start (previous, next)
|   0|0x00000000a1800000, 0x00000000a1900000, 0x00000000a1900000|100%| O|  |TAMS 0x00000000a1800000, 0x00000000a1900000| Untracked 
|   1|0x00000000a1900000, 0x00000000a1a00000, 0x00000000a1a00000|100%| O|  |TAMS 0x00000000a1900000, 0x00000000a1a00000| Untracked 
|   2|0x00000000a1a00000, 0x00000000a1b00000, 0x00000000a1b00000|100%| O|  |TAMS 0x00000000a1a00000, 0x00000000a1b00000| Untracked 
|   3|0x00000000a1b00000, 0x00000000a1bb7800, 0x00000000a1c00000| 71%| O|  |TAMS 0x00000000a1b00000, 0x00000000a1bb7800| Untracked 
|   4|0x00000000a1c00000, 0x00000000a1c00000, 0x00000000a1d00000|  0%| F|  |TAMS 0x00000000a1c00000, 0x00000000a1c00000| Untracked 
|   5|0x00000000a1d00000, 0x00000000a1d00000, 0x00000000a1e00000|  0%| F|  |TAMS 0x00000000a1d00000, 0x00000000a1d00000| Untracked 
|   6|0x00000000a1e00000, 0x00000000a1e00000, 0x00000000a1f00000|  0%| F|  |TAMS 0x00000000a1e00000, 0x00000000a1e00000| Untracked 
|   7|0x00000000a1f00000, 0x00000000a1f00000, 0x00000000a2000000|  0%| F|  |TAMS 0x00000000a1f00000, 0x00000000a1f00000| Untracked 
|   8|0x00000000a2000000, 0x00000000a2000000, 0x00000000a2100000|  0%| F|  |TAMS 0x00000000a2000000, 0x00000000a2000000| Untracked 
|   9|0x00000000a2100000, 0x00000000a2100000, 0x00000000a2200000|  0%| F|  |TAMS 0x00000000a2100000, 0x00000000a2100000| Untracked 
|  10|0x00000000a2200000, 0x00000000a2200000, 0x00000000a2300000|  0%| F|  |TAMS 0x00000000a2200000, 0x00000000a2200000| Untracked 
|  11|0x00000000a2300000, 0x00000000a2300000, 0x00000000a2400000|  0%| F|  |TAMS 0x00000000a2300000, 0x00000000a2300000| Untracked 
|  12|0x00000000a2400000, 0x00000000a2400000, 0x00000000a2500000|  0%| F|  |TAMS 0x00000000a2400000, 0x00000000a2400000| Untracked 
|  13|0x00000000a2500000, 0x00000000a2500000, 0x00000000a2600000|  0%| F|  |TAMS 0x00000000a2500000, 0x00000000a2500000| Untracked 
|  14|0x00000000a2600000, 0x00000000a2600000, 0x00000000a2700000|  0%| F|  |TAMS 0x00000000a2600000, 0x00000000a2600000| Untracked 
|  15|0x00000000a2700000, 0x00000000a2700000, 0x00000000a2800000|  0%| F|  |TAMS 0x00000000a2700000, 0x00000000a2700000| Untracked 
|  16|0x00000000a2800000, 0x00000000a2800000, 0x00000000a2900000|  0%| F|  |TAMS 0x00000000a2800000, 0x00000000a2800000| Untracked 
|  17|0x00000000a2900000, 0x00000000a2900000, 0x00000000a2a00000|  0%| F|  |TAMS 0x00000000a2900000, 0x00000000a2900000| Untracked 
|  18|0x00000000a2a00000, 0x00000000a2a00000, 0x00000000a2b00000|  0%| F|  |TAMS 0x00000000a2a00000, 0x00000000a2a00000| Untracked 
|  19|0x00000000a2b00000, 0x00000000a2b00000, 0x00000000a2c00000|  0%| F|  |TAMS 0x00000000a2b00000, 0x00000000a2b00000| Untracked 
|  20|0x00000000a2c00000, 0x00000000a2c00000, 0x00000000a2d00000|  0%| F|  |TAMS 0x00000000a2c00000, 0x00000000a2c00000| Untracked 
|  21|0x00000000a2d00000, 0x00000000a2d00000, 0x00000000a2e00000|  0%| F|  |TAMS 0x00000000a2d00000, 0x00000000a2d00000| Untracked 
|  22|0x00000000a2e00000, 0x00000000a2e00000, 0x00000000a2f00000|  0%| F|  |TAMS 0x00000000a2e00000, 0x00000000a2e00000| Untracked 
|  23|0x00000000a2f00000, 0x00000000a2f00000, 0x00000000a3000000|  0%| F|  |TAMS 0x00000000a2f00000, 0x00000000a2f00000| Untracked 
|  24|0x00000000a3000000, 0x00000000a3000000, 0x00000000a3100000|  0%| F|  |TAMS 0x00000000a3000000, 0x00000000a3000000| Untracked 
|  25|0x00000000a3100000, 0x00000000a3100000, 0x00000000a3200000|  0%| F|  |TAMS 0x00000000a3100000, 0x00000000a3100000| Untracked 
|  26|0x00000000a3200000, 0x00000000a3200000, 0x00000000a3300000|  0%| F|  |TAMS 0x00000000a3200000, 0x00000000a3200000| Untracked 
|  27|0x00000000a3300000, 0x00000000a3300000, 0x00000000a3400000|  0%| F|  |TAMS 0x00000000a3300000, 0x00000000a3300000| Untracked 
|  28|0x00000000a3400000, 0x00000000a3400000, 0x00000000a3500000|  0%| F|  |TAMS 0x00000000a3400000, 0x00000000a3400000| Untracked 
|  29|0x00000000a3500000, 0x00000000a3500000, 0x00000000a3600000|  0%| F|  |TAMS 0x00000000a3500000, 0x00000000a3500000| Untracked 
|  30|0x00000000a3600000, 0x00000000a3600000, 0x00000000a3700000|  0%| F|  |TAMS 0x00000000a3600000, 0x00000000a3600000| Untracked 
|  31|0x00000000a3700000, 0x00000000a3700000, 0x00000000a3800000|  0%| F|  |TAMS 0x00000000a3700000, 0x00000000a3700000| Untracked 
|  32|0x00000000a3800000, 0x00000000a3800000, 0x00000000a3900000|  0%| F|  |TAMS 0x00000000a3800000, 0x00000000a3800000| Untracked 
|  33|0x00000000a3900000, 0x00000000a3900000, 0x00000000a3a00000|  0%| F|  |TAMS 0x00000000a3900000, 0x00000000a3900000| Untracked 
|  34|0x00000000a3a00000, 0x00000000a3a00000, 0x00000000a3b00000|  0%| F|  |TAMS 0x00000000a3a00000, 0x00000000a3a00000| Untracked 
|  35|0x00000000a3b00000, 0x00000000a3b00000, 0x00000000a3c00000|  0%| F|  |TAMS 0x00000000a3b00000, 0x00000000a3b00000| Untracked 
|  36|0x00000000a3c00000, 0x00000000a3c00000, 0x00000000a3d00000|  0%| F|  |TAMS 0x00000000a3c00000, 0x00000000a3c00000| Untracked 
|  37|0x00000000a3d00000, 0x00000000a3d00000, 0x00000000a3e00000|  0%| F|  |TAMS 0x00000000a3d00000, 0x00000000a3d00000| Untracked 
|  38|0x00000000a3e00000, 0x00000000a3e00000, 0x00000000a3f00000|  0%| F|  |TAMS 0x00000000a3e00000, 0x00000000a3e00000| Untracked 
|  39|0x00000000a3f00000, 0x00000000a3f00000, 0x00000000a4000000|  0%| F|  |TAMS 0x00000000a3f00000, 0x00000000a3f00000| Untracked 
|  40|0x00000000a4000000, 0x00000000a4000000, 0x00000000a4100000|  0%| F|  |TAMS 0x00000000a4000000, 0x00000000a4000000| Untracked 
|  41|0x00000000a4100000, 0x00000000a4100000, 0x00000000a4200000|  0%| F|  |TAMS 0x00000000a4100000, 0x00000000a4100000| Untracked 
|  42|0x00000000a4200000, 0x00000000a4200000, 0x00000000a4300000|  0%| F|  |TAMS 0x00000000a4200000, 0x00000000a4200000| Untracked 
|  43|0x00000000a4300000, 0x00000000a4300000, 0x00000000a4400000|  0%| F|  |TAMS 0x00000000a4300000, 0x00000000a4300000| Untracked 
|  44|0x00000000a4400000, 0x00000000a4400000, 0x00000000a4500000|  0%| F|  |TAMS 0x00000000a4400000, 0x00000000a4400000| Untracked 
|  45|0x00000000a4500000, 0x00000000a4500000, 0x00000000a4600000|  0%| F|  |TAMS 0x00000000a4500000, 0x00000000a4500000| Untracked 
|  46|0x00000000a4600000, 0x00000000a4600000, 0x00000000a4700000|  0%| F|  |TAMS 0x00000000a4600000, 0x00000000a4600000| Untracked 
|  47|0x00000000a4700000, 0x00000000a4700000, 0x00000000a4800000|  0%| F|  |TAMS 0x00000000a4700000, 0x00000000a4700000| Untracked 
|  48|0x00000000a4800000, 0x00000000a4800000, 0x00000000a4900000|  0%| F|  |TAMS 0x00000000a4800000, 0x00000000a4800000| Untracked 
|  49|0x00000000a4900000, 0x00000000a4900000, 0x00000000a4a00000|  0%| F|  |TAMS 0x00000000a4900000, 0x00000000a4900000| Untracked 
|  50|0x00000000a4a00000, 0x00000000a4a00000, 0x00000000a4b00000|  0%| F|  |TAMS 0x00000000a4a00000, 0x00000000a4a00000| Untracked 
|  51|0x00000000a4b00000, 0x00000000a4b00000, 0x00000000a4c00000|  0%| F|  |TAMS 0x00000000a4b00000, 0x00000000a4b00000| Untracked 
|  52|0x00000000a4c00000, 0x00000000a4c00000, 0x00000000a4d00000|  0%| F|  |TAMS 0x00000000a4c00000, 0x00000000a4c00000| Untracked 
|  53|0x00000000a4d00000, 0x00000000a4d00000, 0x00000000a4e00000|  0%| F|  |TAMS 0x00000000a4d00000, 0x00000000a4d00000| Untracked 
|  54|0x00000000a4e00000, 0x00000000a4e00000, 0x00000000a4f00000|  0%| F|  |TAMS 0x00000000a4e00000, 0x00000000a4e00000| Untracked 
|  55|0x00000000a4f00000, 0x00000000a4f00000, 0x00000000a5000000|  0%| F|  |TAMS 0x00000000a4f00000, 0x00000000a4f00000| Untracked 
|  56|0x00000000a5000000, 0x00000000a5000000, 0x00000000a5100000|  0%| F|  |TAMS 0x00000000a5000000, 0x00000000a5000000| Untracked 
|  57|0x00000000a5100000, 0x00000000a5100000, 0x00000000a5200000|  0%| F|  |TAMS 0x00000000a5100000, 0x00000000a5100000| Untracked 
|  58|0x00000000a5200000, 0x00000000a5200000, 0x00000000a5300000|  0%| F|  |TAMS 0x00000000a5200000, 0x00000000a5200000| Untracked 
|  59|0x00000000a5300000, 0x00000000a5300000, 0x00000000a5400000|  0%| F|  |TAMS 0x00000000a5300000, 0x00000000a5300000| Untracked 
|  60|0x00000000a5400000, 0x00000000a5400000, 0x00000000a5500000|  0%| F|  |TAMS 0x00000000a5400000, 0x00000000a5400000| Untracked 
|  61|0x00000000a5500000, 0x00000000a55e0618, 0x00000000a5600000| 87%| S|CS|TAMS 0x00000000a5500000, 0x00000000a5500000| Complete 
|  62|0x00000000a5600000, 0x00000000a5700000, 0x00000000a5700000|100%| S|CS|TAMS 0x00000000a5600000, 0x00000000a5600000| Complete 
|  63|0x00000000a5700000, 0x00000000a5800000, 0x00000000a5800000|100%| S|CS|TAMS 0x00000000a5700000, 0x00000000a5700000| Complete 
|  64|0x00000000a5800000, 0x00000000a5800000, 0x00000000a5900000|  0%| F|  |TAMS 0x00000000a5800000, 0x00000000a5800000| Untracked 
|  65|0x00000000a5900000, 0x00000000a5900000, 0x00000000a5a00000|  0%| F|  |TAMS 0x00000000a5900000, 0x00000000a5900000| Untracked 
|  66|0x00000000a5a00000, 0x00000000a5a00000, 0x00000000a5b00000|  0%| F|  |TAMS 0x00000000a5a00000, 0x00000000a5a00000| Untracked 
|  67|0x00000000a5b00000, 0x00000000a5b00000, 0x00000000a5c00000|  0%| F|  |TAMS 0x00000000a5b00000, 0x00000000a5b00000| Untracked 
|  68|0x00000000a5c00000, 0x00000000a5c00000, 0x00000000a5d00000|  0%| F|  |TAMS 0x00000000a5c00000, 0x00000000a5c00000| Untracked 
|  69|0x00000000a5d00000, 0x00000000a5d00000, 0x00000000a5e00000|  0%| F|  |TAMS 0x00000000a5d00000, 0x00000000a5d00000| Untracked 
|  70|0x00000000a5e00000, 0x00000000a5e00000, 0x00000000a5f00000|  0%| F|  |TAMS 0x00000000a5e00000, 0x00000000a5e00000| Untracked 
|  71|0x00000000a5f00000, 0x00000000a5f00000, 0x00000000a6000000|  0%| F|  |TAMS 0x00000000a5f00000, 0x00000000a5f00000| Untracked 
|  72|0x00000000a6000000, 0x00000000a6000000, 0x00000000a6100000|  0%| F|  |TAMS 0x00000000a6000000, 0x00000000a6000000| Untracked 
|  73|0x00000000a6100000, 0x00000000a6100000, 0x00000000a6200000|  0%| F|  |TAMS 0x00000000a6100000, 0x00000000a6100000| Untracked 
|  74|0x00000000a6200000, 0x00000000a6200000, 0x00000000a6300000|  0%| F|  |TAMS 0x00000000a6200000, 0x00000000a6200000| Untracked 
|  75|0x00000000a6300000, 0x00000000a6300000, 0x00000000a6400000|  0%| F|  |TAMS 0x00000000a6300000, 0x00000000a6300000| Untracked 
|  76|0x00000000a6400000, 0x00000000a6400000, 0x00000000a6500000|  0%| F|  |TAMS 0x00000000a6400000, 0x00000000a6400000| Untracked 
|  77|0x00000000a6500000, 0x00000000a6500000, 0x00000000a6600000|  0%| F|  |TAMS 0x00000000a6500000, 0x00000000a6500000| Untracked 
|  78|0x00000000a6600000, 0x00000000a6600000, 0x00000000a6700000|  0%| F|  |TAMS 0x00000000a6600000, 0x00000000a6600000| Untracked 
|  79|0x00000000a6700000, 0x00000000a6700000, 0x00000000a6800000|  0%| F|  |TAMS 0x00000000a6700000, 0x00000000a6700000| Untracked 
|  80|0x00000000a6800000, 0x00000000a6800000, 0x00000000a6900000|  0%| F|  |TAMS 0x00000000a6800000, 0x00000000a6800000| Untracked 
|  81|0x00000000a6900000, 0x00000000a6900000, 0x00000000a6a00000|  0%| F|  |TAMS 0x00000000a6900000, 0x00000000a6900000| Untracked 
|  82|0x00000000a6a00000, 0x00000000a6a00000, 0x00000000a6b00000|  0%| F|  |TAMS 0x00000000a6a00000, 0x00000000a6a00000| Untracked 
|  83|0x00000000a6b00000, 0x00000000a6b00000, 0x00000000a6c00000|  0%| F|  |TAMS 0x00000000a6b00000, 0x00000000a6b00000| Untracked 
|  84|0x00000000a6c00000, 0x00000000a6c00000, 0x00000000a6d00000|  0%| F|  |TAMS 0x00000000a6c00000, 0x00000000a6c00000| Untracked 
|  85|0x00000000a6d00000, 0x00000000a6d00000, 0x00000000a6e00000|  0%| F|  |TAMS 0x00000000a6d00000, 0x00000000a6d00000| Untracked 
|  86|0x00000000a6e00000, 0x00000000a6e00000, 0x00000000a6f00000|  0%| F|  |TAMS 0x00000000a6e00000, 0x00000000a6e00000| Untracked 
|  87|0x00000000a6f00000, 0x00000000a6f00000, 0x00000000a7000000|  0%| F|  |TAMS 0x00000000a6f00000, 0x00000000a6f00000| Untracked 
|  88|0x00000000a7000000, 0x00000000a7000000, 0x00000000a7100000|  0%| F|  |TAMS 0x00000000a7000000, 0x00000000a7000000| Untracked 
|  89|0x00000000a7100000, 0x00000000a7100000, 0x00000000a7200000|  0%| F|  |TAMS 0x00000000a7100000, 0x00000000a7100000| Untracked 
|  90|0x00000000a7200000, 0x00000000a7200000, 0x00000000a7300000|  0%| F|  |TAMS 0x00000000a7200000, 0x00000000a7200000| Untracked 
|  91|0x00000000a7300000, 0x00000000a7300000, 0x00000000a7400000|  0%| F|  |TAMS 0x00000000a7300000, 0x00000000a7300000| Untracked 
|  92|0x00000000a7400000, 0x00000000a7400000, 0x00000000a7500000|  0%| F|  |TAMS 0x00000000a7400000, 0x00000000a7400000| Untracked 
|  93|0x00000000a7500000, 0x00000000a7500000, 0x00000000a7600000|  0%| F|  |TAMS 0x00000000a7500000, 0x00000000a7500000| Untracked 
|  94|0x00000000a7600000, 0x00000000a7600000, 0x00000000a7700000|  0%| F|  |TAMS 0x00000000a7600000, 0x00000000a7600000| Untracked 
|  95|0x00000000a7700000, 0x00000000a7700000, 0x00000000a7800000|  0%| F|  |TAMS 0x00000000a7700000, 0x00000000a7700000| Untracked 

Card table byte_map: [0x0000024f30f50000,0x0000024f31250000] _byte_map_base: 0x0000024f30a44000

Marking Bits (Prev, Next): (CMBitMap*) 0x0000024f176cb068, (CMBitMap*) 0x0000024f176cb0a8
 Prev Bits: [0x0000024f31550000, 0x0000024f32cf0000)
 Next Bits: [0x0000024f32cf0000, 0x0000024f34490000)

Polling page: 0x0000024f17770000

Metaspace:

Usage:
  Non-class:     14.21 MB capacity,    13.95 MB ( 98%) used,   229.63 KB (  2%) free+waste,    40.06 KB ( <1%) overhead. 
      Class:      2.19 MB capacity,     2.04 MB ( 93%) used,   133.17 KB (  6%) free+waste,    20.44 KB ( <1%) overhead. 
       Both:     16.40 MB capacity,    15.99 MB ( 97%) used,   362.80 KB (  2%) free+waste,    60.50 KB ( <1%) overhead. 

Virtual space:
  Non-class space:       24.00 MB reserved,      14.25 MB ( 59%) committed 
      Class space:        1.00 GB reserved,       2.25 MB ( <1%) committed 
             Both:        1.02 GB reserved,      16.50 MB (  2%) committed 

Chunk freelists:
   Non-Class:  37.00 KB
       Class:  1.00 KB
        Both:  38.00 KB

MaxMetaspaceSize: 17179869184.00 GB
CompressedClassSpaceSize: 1.00 GB

CodeHeap 'non-profiled nmethods': size=120000Kb used=701Kb max_used=701Kb free=119298Kb
 bounds [0x0000024f29100000, 0x0000024f29370000, 0x0000024f30630000]
CodeHeap 'profiled nmethods': size=120000Kb used=3402Kb max_used=3402Kb free=116598Kb
 bounds [0x0000024f21bd0000, 0x0000024f21f30000, 0x0000024f29100000]
CodeHeap 'non-nmethods': size=5760Kb used=1207Kb max_used=1228Kb free=4552Kb
 bounds [0x0000024f21630000, 0x0000024f218a0000, 0x0000024f21bd0000]
 total_blobs=2205 nmethods=1733 adapters=384
 compilation: enabled
              stopped_count=0, restarted_count=0
 full_count=0

Compilation events (20 events):
Event: 2.579 Thread 0x0000024f36ab7000 nmethod 1702 0x0000024f21f16510 code [0x0000024f21f16780, 0x0000024f21f17458]
Event: 2.579 Thread 0x0000024f36ab7000 1703       3       java.util.regex.Pattern::append (43 bytes)
Event: 2.580 Thread 0x0000024f36ab7000 nmethod 1703 0x0000024f21f17a90 code [0x0000024f21f17ca0, 0x0000024f21f18438]
Event: 2.580 Thread 0x0000024f36ab7000 1704       3       java.util.regex.Matcher::reset (128 bytes)
Event: 2.580 Thread 0x0000024f36ab7000 nmethod 1704 0x0000024f21f18710 code [0x0000024f21f18900, 0x0000024f21f18ed8]
Event: 2.605 Thread 0x0000024f36ab7000 1705       3       java.util.ArrayDeque::addLast (51 bytes)
Event: 2.606 Thread 0x0000024f36ab7000 nmethod 1705 0x0000024f21f19110 code [0x0000024f21f192e0, 0x0000024f21f197d8]
Event: 2.607 Thread 0x0000024f36ab7000 1706       3       java.util.ArrayDeque::poll (5 bytes)
Event: 2.607 Thread 0x0000024f36ab7000 nmethod 1706 0x0000024f21f19990 code [0x0000024f21f19b40, 0x0000024f21f19d28]
Event: 2.611 Thread 0x0000024f36ab7000 1707       3       java.util.ArrayDeque::add (7 bytes)
Event: 2.611 Thread 0x0000024f36ab7000 nmethod 1707 0x0000024f21f19e10 code [0x0000024f21f19fc0, 0x0000024f21f1a1a8]
Event: 2.630 Thread 0x0000024f37fef800 nmethod 1691 0x0000024f291a2d10 code [0x0000024f291a3180, 0x0000024f291a5160]
Event: 2.631 Thread 0x0000024f37fef800 1701       4       java.lang.StringBuilder::append (8 bytes)
Event: 2.631 Thread 0x0000024f36ab7000 1708       3       java.util.regex.Matcher::find (69 bytes)
Event: 2.631 Thread 0x0000024f37fef800 nmethod 1701 0x0000024f291a6010 code [0x0000024f291a61a0, 0x0000024f291a6248]
Event: 2.632 Thread 0x0000024f36ab7000 nmethod 1708 0x0000024f21f1a290 code [0x0000024f21f1a440, 0x0000024f21f1a748]
Event: 2.633 Thread 0x0000024f36ab7000 1709       3       org.springframework.util.AntPathMatcher::isWildcardChar (38 bytes)
Event: 2.633 Thread 0x0000024f36ab7000 nmethod 1709 0x0000024f21f1a890 code [0x0000024f21f1aa40, 0x0000024f21f1ac98]
Event: 2.634 Thread 0x0000024f36ab7000 1710       3       java.util.regex.Pattern$LastNode::match (45 bytes)
Event: 2.634 Thread 0x0000024f36ab7000 nmethod 1710 0x0000024f21f1ae10 code [0x0000024f21f1afc0, 0x0000024f21f1b1d8]

GC Heap History (6 events):
Event: 1.153 GC heap before
{Heap before GC invocations=0 (full 0):
 garbage-first heap   total 98304K, used 13312K [0x00000000a1800000, 0x0000000100000000)
  region size 1024K, 13 young (13312K), 0 survivors (0K)
 Metaspace       used 3743K, capacity 6042K, committed 6272K, reserved 1056768K
  class space    used 402K, capacity 631K, committed 640K, reserved 1048576K
}
Event: 1.163 GC heap after
{Heap after GC invocations=1 (full 0):
 garbage-first heap   total 98304K, used 3625K [0x00000000a1800000, 0x0000000100000000)
  region size 1024K, 2 young (2048K), 2 survivors (2048K)
 Metaspace       used 3743K, capacity 6042K, committed 6272K, reserved 1056768K
  class space    used 402K, capacity 631K, committed 640K, reserved 1048576K
}
Event: 1.532 GC heap before
{Heap before GC invocations=1 (full 0):
 garbage-first heap   total 98304K, used 13865K [0x00000000a1800000, 0x0000000100000000)
  region size 1024K, 12 young (12288K), 2 survivors (2048K)
 Metaspace       used 5799K, capacity 7015K, committed 7296K, reserved 1056768K
  class space    used 680K, capacity 831K, committed 896K, reserved 1048576K
}
Event: 1.538 GC heap after
{Heap after GC invocations=2 (full 0):
 garbage-first heap   total 98304K, used 4693K [0x00000000a1800000, 0x0000000100000000)
  region size 1024K, 1 young (1024K), 1 survivors (1024K)
 Metaspace       used 5799K, capacity 7015K, committed 7296K, reserved 1056768K
  class space    used 680K, capacity 831K, committed 896K, reserved 1048576K
}
Event: 2.081 GC heap before
{Heap before GC invocations=2 (full 0):
 garbage-first heap   total 98304K, used 28245K [0x00000000a1800000, 0x0000000100000000)
  region size 1024K, 25 young (25600K), 1 survivors (1024K)
 Metaspace       used 10152K, capacity 10675K, committed 10752K, reserved 1058816K
  class space    used 1349K, capacity 1481K, committed 1536K, reserved 1048576K
}
Event: 2.086 GC heap after
{Heap after GC invocations=3 (full 0):
 garbage-first heap   total 98304K, used 5793K [0x00000000a1800000, 0x0000000100000000)
  region size 1024K, 2 young (2048K), 2 survivors (2048K)
 Metaspace       used 10152K, capacity 10675K, committed 10752K, reserved 1058816K
  class space    used 1349K, capacity 1481K, committed 1536K, reserved 1048576K
}

Deoptimization events (20 events):
Event: 2.350 Thread 0x0000024f37e89800 Uncommon trap: trap_request=0xffffffc6 fr.pc=0x0000024f291973c8 relative=0x0000000000000f88
Event: 2.350 Thread 0x0000024f37e89800 Uncommon trap: reason=bimorphic_or_optimized_type_check action=maybe_recompile pc=0x0000024f291973c8 method=java.util.HashMap.putVal(ILjava/lang/Object;Ljava/lang/Object;ZZ)Ljava/lang/Object; @ 152 c2
Event: 2.350 Thread 0x0000024f37e89800 DEOPT PACKING pc=0x0000024f291973c8 sp=0x0000007f91dfd680
Event: 2.350 Thread 0x0000024f37e89800 DEOPT UNPACKING pc=0x0000024f2167912f sp=0x0000007f91dfd610 mode 2
Event: 2.359 Thread 0x0000024f37e89800 Uncommon trap: trap_request=0xffffffc6 fr.pc=0x0000024f291974f4 relative=0x00000000000010b4
Event: 2.359 Thread 0x0000024f37e89800 Uncommon trap: reason=bimorphic_or_optimized_type_check action=maybe_recompile pc=0x0000024f291974f4 method=java.util.HashMap.putVal(ILjava/lang/Object;Ljava/lang/Object;ZZ)Ljava/lang/Object; @ 253 c2
Event: 2.359 Thread 0x0000024f37e89800 DEOPT PACKING pc=0x0000024f291974f4 sp=0x0000007f91dfda20
Event: 2.359 Thread 0x0000024f37e89800 DEOPT UNPACKING pc=0x0000024f2167912f sp=0x0000007f91dfd9d0 mode 2
Event: 2.359 Thread 0x0000024f37e89800 Uncommon trap: trap_request=0xffffffc6 fr.pc=0x0000024f291974f4 relative=0x00000000000010b4
Event: 2.359 Thread 0x0000024f37e89800 Uncommon trap: reason=bimorphic_or_optimized_type_check action=maybe_recompile pc=0x0000024f291974f4 method=java.util.HashMap.putVal(ILjava/lang/Object;Ljava/lang/Object;ZZ)Ljava/lang/Object; @ 253 c2
Event: 2.359 Thread 0x0000024f37e89800 DEOPT PACKING pc=0x0000024f291974f4 sp=0x0000007f91dfda20
Event: 2.359 Thread 0x0000024f37e89800 DEOPT UNPACKING pc=0x0000024f2167912f sp=0x0000007f91dfd9d0 mode 2
Event: 2.481 Thread 0x0000024f37e89800 Uncommon trap: trap_request=0xffffff45 fr.pc=0x0000024f29123e50 relative=0x00000000000001f0
Event: 2.481 Thread 0x0000024f37e89800 Uncommon trap: reason=unstable_if action=reinterpret pc=0x0000024f29123e50 method=java.lang.String.startsWith(Ljava/lang/String;I)Z @ 1 c2
Event: 2.481 Thread 0x0000024f37e89800 DEOPT PACKING pc=0x0000024f29123e50 sp=0x0000007f91dfd100
Event: 2.481 Thread 0x0000024f37e89800 DEOPT UNPACKING pc=0x0000024f2167912f sp=0x0000007f91dfd068 mode 2
Event: 2.572 Thread 0x0000024f37e89800 Uncommon trap: trap_request=0xffffff45 fr.pc=0x0000024f29126e00 relative=0x0000000000000aa0
Event: 2.572 Thread 0x0000024f37e89800 Uncommon trap: reason=unstable_if action=reinterpret pc=0x0000024f29126e00 method=java.util.zip.ZipFile$Source.getEntryPos([BZ)I @ 157 c2
Event: 2.572 Thread 0x0000024f37e89800 DEOPT PACKING pc=0x0000024f29126e00 sp=0x0000007f91dfd110
Event: 2.572 Thread 0x0000024f37e89800 DEOPT UNPACKING pc=0x0000024f2167912f sp=0x0000007f91dfd0b0 mode 2

Classes unloaded (0 events):
No events

Classes redefined (0 events):
No events

Internal exceptions (20 events):
Event: 2.146 Thread 0x0000024f37e89800 Exception <a 'java/lang/NoClassDefFoundError'{0x00000000a7405c10}: org/springframework/jdbc/CannotGetJdbcConnectionException> (0x00000000a7405c10) 
thrown [./open/src/hotspot/share/classfile/systemDictionary.cpp, line 215]
Event: 2.214 Thread 0x0000024f37e89800 Exception <a 'java/lang/NoSuchMethodError'{0x00000000a723a908}: 'org.slf4j.impl.StaticMDCBinder org.slf4j.impl.StaticMDCBinder.getSingleton()'> (0x00000000a723a908) 
thrown [./open/src/hotspot/share/interpreter/linkResolver.cpp, line 766]
Event: 2.278 Thread 0x0000024f37e9e800 Exception <a 'java/lang/NoSuchMethodError'{0x00000000a7063678}: 'void java.lang.invoke.DirectMethodHandle$Holder.invokeSpecial(java.lang.Object, java.lang.Object, java.lang.Object, java.lang.Object, java.lang.Object)'> (0x00000000a7063678) 
thrown [./open/src/hotspot/share/interpreter/linkResolver.cpp, line 766]
Event: 2.285 Thread 0x0000024f37e9e800 Exception <a 'java/lang/NoSuchMethodError'{0x00000000a706b430}: 'int java.lang.invoke.DirectMethodHandle$Holder.invokeStaticInit(java.lang.Object, java.lang.Object, java.lang.Object)'> (0x00000000a706b430) 
thrown [./open/src/hotspot/share/interpreter/linkResolver.cpp, line 766]
Event: 2.303 Thread 0x0000024f37e9e800 Exception <a 'java/lang/NoSuchMethodError'{0x00000000a6e1e5c8}: 'int java.lang.invoke.DirectMethodHandle$Holder.invokeInterface(java.lang.Object, java.lang.Object)'> (0x00000000a6e1e5c8) 
thrown [./open/src/hotspot/share/interpreter/linkResolver.cpp, line 766]
Event: 2.313 Thread 0x0000024f37e9e800 Exception <a 'java/lang/NoSuchMethodError'{0x00000000a6e5bbc8}: 'java.lang.Object java.lang.invoke.DirectMethodHandle$Holder.invokeStaticInit(java.lang.Object, java.lang.Object, java.lang.Object, java.lang.Object, java.lang.Object)'> (0x00000000a6e5bbc8) 
thrown [./open/src/hotspot/share/interpreter/linkResolver.cpp, line 766]
Event: 2.472 Thread 0x0000024f37e89800 Exception <a 'java/lang/ClassNotFoundException'{0x00000000a66679b0}: java/lang/ObjectCustomizer> (0x00000000a66679b0) 
thrown [./open/src/hotspot/share/classfile/systemDictionary.cpp, line 226]
Event: 2.477 Thread 0x0000024f37e89800 Exception <a 'java/lang/IncompatibleClassChangeError'{0x00000000a666b950}: Found class java.lang.Object, but interface was expected> (0x00000000a666b950) 
thrown [./open/src/hotspot/share/interpreter/linkResolver.cpp, line 832]
Event: 2.485 Thread 0x0000024f37e89800 Exception <a 'java/lang/ClassNotFoundException'{0x00000000a6409b80}: org/springframework/context/annotation/ConfigurationClassPostProcessorCustomizer> (0x00000000a6409b80) 
thrown [./open/src/hotspot/share/classfile/systemDictionary.cpp, line 226]
Event: 2.504 Thread 0x0000024f37e89800 Exception <a 'java/lang/ClassNotFoundException'{0x00000000a645f958}: org/springframework/beans/factory/support/BeanDefinitionRegistryPostProcessorCustomizer> (0x00000000a645f958) 
thrown [./open/src/hotspot/share/classfile/systemDictionary.cpp, line 226]
Event: 2.506 Thread 0x0000024f37e89800 Exception <a 'java/lang/ClassNotFoundException'{0x00000000a646aca0}: org/springframework/beans/factory/config/BeanFactoryPostProcessorCustomizer> (0x00000000a646aca0) 
thrown [./open/src/hotspot/share/classfile/systemDictionary.cpp, line 226]
Event: 2.507 Thread 0x0000024f37e89800 Exception <a 'java/lang/ClassNotFoundException'{0x00000000a6474a50}: org/springframework/core/PriorityOrderedCustomizer> (0x00000000a6474a50) 
thrown [./open/src/hotspot/share/classfile/systemDictionary.cpp, line 226]
Event: 2.508 Thread 0x0000024f37e89800 Exception <a 'java/lang/ClassNotFoundException'{0x00000000a6385998}: org/springframework/core/OrderedCustomizer> (0x00000000a6385998) 
thrown [./open/src/hotspot/share/classfile/systemDictionary.cpp, line 226]
Event: 2.510 Thread 0x0000024f37e89800 Exception <a 'java/lang/ClassNotFoundException'{0x00000000a638f908}: org/springframework/context/ResourceLoaderAwareCustomizer> (0x00000000a638f908) 
thrown [./open/src/hotspot/share/classfile/systemDictionary.cpp, line 226]
Event: 2.512 Thread 0x0000024f37e89800 Exception <a 'java/lang/ClassNotFoundException'{0x00000000a63993c0}: org/springframework/beans/factory/AwareCustomizer> (0x00000000a63993c0) 
thrown [./open/src/hotspot/share/classfile/systemDictionary.cpp, line 226]
Event: 2.513 Thread 0x0000024f37e89800 Exception <a 'java/lang/ClassNotFoundException'{0x00000000a63a2ae8}: org/springframework/beans/factory/BeanClassLoaderAwareCustomizer> (0x00000000a63a2ae8) 
thrown [./open/src/hotspot/share/classfile/systemDictionary.cpp, line 226]
Event: 2.514 Thread 0x0000024f37e89800 Exception <a 'java/lang/ClassNotFoundException'{0x00000000a63ac5b8}: org/springframework/beans/factory/AwareCustomizer> (0x00000000a63ac5b8) 
thrown [./open/src/hotspot/share/classfile/systemDictionary.cpp, line 226]
Event: 2.514 Thread 0x0000024f37e89800 Exception <a 'java/lang/ClassNotFoundException'{0x00000000a63b5458}: org/springframework/context/EnvironmentAwareCustomizer> (0x00000000a63b5458) 
thrown [./open/src/hotspot/share/classfile/systemDictionary.cpp, line 226]
Event: 2.515 Thread 0x0000024f37e89800 Exception <a 'java/lang/ClassNotFoundException'{0x00000000a63bee78}: org/springframework/beans/factory/AwareCustomizer> (0x00000000a63bee78) 
thrown [./open/src/hotspot/share/classfile/systemDictionary.cpp, line 226]
Event: 2.575 Thread 0x0000024f37e89800 Exception <a 'java/lang/NoSuchMethodError'{0x00000000a60a8910}: 'java.lang.Object java.lang.invoke.Invokers$Holder.invokeExact_MT(java.lang.Object, java.lang.Object, java.lang.Object, java.lang.Object, java.lang.Object, java.lang.Object)'> (0x00000000a60a8910) 
thrown [./open/src/hotspot/share/interpreter/linkResolver.cpp, line 766]

Events (20 events):
Event: 2.484 loading class java/beans/SimpleBeanInfo done
Event: 2.484 loading class java/beans/GenericBeanInfo done
Event: 2.486 loading class java/util/Hashtable$EntrySet
Event: 2.486 loading class java/util/Hashtable$EntrySet done
Event: 2.493 Executing VM operation: HandshakeAllThreads
Event: 2.493 Executing VM operation: HandshakeAllThreads done
Event: 2.504 loading class java/io/CharArrayReader
Event: 2.504 loading class java/io/CharArrayReader done
Event: 2.510 loading class java/util/concurrent/atomic/AtomicReference
Event: 2.511 loading class java/util/concurrent/atomic/AtomicReference done
Event: 2.531 loading class java/lang/TypeNotPresentException
Event: 2.531 loading class java/lang/TypeNotPresentException done
Event: 2.558 Executing VM operation: HandshakeAllThreads
Event: 2.559 Executing VM operation: HandshakeAllThreads done
Event: 2.578 loading class java/util/regex/Pattern$LazyLoop
Event: 2.578 loading class java/util/regex/Pattern$Loop
Event: 2.578 loading class java/util/regex/Pattern$Loop done
Event: 2.578 loading class java/util/regex/Pattern$LazyLoop done
Event: 2.578 loading class java/util/regex/Pattern$Prolog
Event: 2.578 loading class java/util/regex/Pattern$Prolog done


Dynamic libraries:
0x00007ff744210000 - 0x00007ff74421f000 	C:\Program Files\Java\jdk-14.0.2\bin\java.exe
0x00007ffd52610000 - 0x00007ffd52805000 	C:\WINDOWS\SYSTEM32\ntdll.dll
0x00007ffd52350000 - 0x00007ffd5240d000 	C:\WINDOWS\System32\KERNEL32.DLL
0x00007ffd503a0000 - 0x00007ffd50668000 	C:\WINDOWS\System32\KERNELBASE.dll
0x00007ffd4fd50000 - 0x00007ffd4fe50000 	C:\WINDOWS\System32\ucrtbase.dll
0x00007ffd479b0000 - 0x00007ffd479c8000 	C:\Program Files\Java\jdk-14.0.2\bin\jli.dll
0x00007ffd50eb0000 - 0x00007ffd50f5c000 	C:\WINDOWS\System32\ADVAPI32.dll
0x00007ffd50840000 - 0x00007ffd508de000 	C:\WINDOWS\System32\msvcrt.dll
0x00007ffd52530000 - 0x00007ffd525cb000 	C:\WINDOWS\System32\sechost.dll
0x00007ffd518a0000 - 0x00007ffd519cb000 	C:\WINDOWS\System32\RPCRT4.dll
0x00007ffd51a60000 - 0x00007ffd51c00000 	C:\WINDOWS\System32\USER32.dll
0x00007ffd50370000 - 0x00007ffd50392000 	C:\WINDOWS\System32\win32u.dll
0x00007ffd50e80000 - 0x00007ffd50eaa000 	C:\WINDOWS\System32\GDI32.dll
0x00007ffd4fff0000 - 0x00007ffd500fb000 	C:\WINDOWS\System32\gdi32full.dll
0x00007ffd4fe50000 - 0x00007ffd4feed000 	C:\WINDOWS\System32\msvcp_win.dll
0x00007ffd3eac0000 - 0x00007ffd3ed5a000 	C:\WINDOWS\WinSxS\amd64_microsoft.windows.common-controls_6595b64144ccf1df_6.0.19041.844_none_ca00b6081b84eb1d\COMCTL32.dll
0x00007ffd45140000 - 0x00007ffd4514a000 	C:\WINDOWS\SYSTEM32\VERSION.dll
0x00007ffd48a90000 - 0x00007ffd48aa5000 	C:\Program Files\Java\jdk-14.0.2\bin\VCRUNTIME140.dll
0x00007ffd50810000 - 0x00007ffd50840000 	C:\WINDOWS\System32\IMM32.DLL
0x00007ffd41380000 - 0x00007ffd4141b000 	C:\Program Files\Java\jdk-14.0.2\bin\msvcp140.dll
0x00007ffd22d10000 - 0x00007ffd2382e000 	C:\Program Files\Java\jdk-14.0.2\bin\server\jvm.dll
0x00007ffd50680000 - 0x00007ffd50688000 	C:\WINDOWS\System32\PSAPI.DLL
0x00007ffd42f90000 - 0x00007ffd42f99000 	C:\WINDOWS\SYSTEM32\WSOCK32.dll
0x00007ffd50c50000 - 0x00007ffd50cbb000 	C:\WINDOWS\System32\WS2_32.dll
0x00007ffd43ef0000 - 0x00007ffd43f17000 	C:\WINDOWS\SYSTEM32\WINMM.dll
0x00007ffd4e6a0000 - 0x00007ffd4e6b2000 	C:\WINDOWS\SYSTEM32\kernel.appcore.dll
0x00007ffd479a0000 - 0x00007ffd479aa000 	C:\Program Files\Java\jdk-14.0.2\bin\jimage.dll
0x00007ffd4dc60000 - 0x00007ffd4de44000 	C:\WINDOWS\SYSTEM32\DBGHELP.DLL
0x00007ffd491e0000 - 0x00007ffd4920c000 	C:\WINDOWS\SYSTEM32\dbgcore.DLL
0x00007ffd4fef0000 - 0x00007ffd4ff70000 	C:\WINDOWS\System32\bcryptPrimitives.dll
0x00007ffd47990000 - 0x00007ffd4799e000 	C:\Program Files\Java\jdk-14.0.2\bin\instrument.dll
0x00007ffd41040000 - 0x00007ffd41065000 	C:\Program Files\Java\jdk-14.0.2\bin\java.dll
0x00007ffd46e70000 - 0x00007ffd46e86000 	C:\Program Files\Java\jdk-14.0.2\bin\zip.dll
0x00007ffd51c00000 - 0x00007ffd52342000 	C:\WINDOWS\System32\SHELL32.dll
0x00007ffd4de70000 - 0x00007ffd4e601000 	C:\WINDOWS\SYSTEM32\windows.storage.dll
0x00007ffd51540000 - 0x00007ffd51895000 	C:\WINDOWS\System32\combase.dll
0x00007ffd4f6f0000 - 0x00007ffd4f71c000 	C:\WINDOWS\SYSTEM32\Wldp.dll
0x00007ffd50760000 - 0x00007ffd5080e000 	C:\WINDOWS\System32\SHCORE.dll
0x00007ffd514e0000 - 0x00007ffd51535000 	C:\WINDOWS\System32\shlwapi.dll
0x00007ffd4fc90000 - 0x00007ffd4fcaf000 	C:\WINDOWS\SYSTEM32\profapi.dll
0x00007ffd45cd0000 - 0x00007ffd45ce9000 	C:\Program Files\Java\jdk-14.0.2\bin\net.dll
0x00007ffd4ac70000 - 0x00007ffd4ad7b000 	C:\WINDOWS\SYSTEM32\WINHTTP.dll
0x00007ffd4f460000 - 0x00007ffd4f4ca000 	C:\WINDOWS\system32\mswsock.dll
0x00007ffd410c0000 - 0x00007ffd410d2000 	C:\Program Files\Java\jdk-14.0.2\bin\nio.dll
0x00007ffd41020000 - 0x00007ffd4103a000 	C:\Program Files\JetBrains\IntelliJ IDEA Community Edition 2020.3.3\bin\breakgen64.dll
0x00007ffd45be0000 - 0x00007ffd45bf0000 	C:\Program Files\Java\jdk-14.0.2\bin\verify.dll
0x00007ffd43c00000 - 0x00007ffd43c09000 	C:\Program Files\Java\jdk-14.0.2\bin\management.dll
0x00007ffd438d0000 - 0x00007ffd438db000 	C:\Program Files\Java\jdk-14.0.2\bin\management_ext.dll
0x00007ffd42970000 - 0x00007ffd42987000 	C:\WINDOWS\system32\napinsp.dll
0x00007ffd42380000 - 0x00007ffd4239b000 	C:\WINDOWS\system32\pnrpnsp.dll
0x00007ffd40340000 - 0x00007ffd40355000 	C:\WINDOWS\system32\wshbth.dll
0x00007ffd49f90000 - 0x00007ffd49fad000 	C:\WINDOWS\system32\NLAapi.dll
0x00007ffd4f150000 - 0x00007ffd4f18b000 	C:\WINDOWS\SYSTEM32\IPHLPAPI.DLL
0x00007ffd4f190000 - 0x00007ffd4f25c000 	C:\WINDOWS\SYSTEM32\DNSAPI.dll
0x00007ffd50670000 - 0x00007ffd50678000 	C:\WINDOWS\System32\NSI.dll
0x00007ffd40320000 - 0x00007ffd40332000 	C:\WINDOWS\System32\winrnr.dll
0x00007ffd463b0000 - 0x00007ffd463ba000 	C:\Windows\System32\rasadhlp.dll
0x00007ffd47620000 - 0x00007ffd4769f000 	C:\WINDOWS\System32\fwpuclnt.dll
0x00007ffd4ffc0000 - 0x00007ffd4ffe7000 	C:\WINDOWS\System32\bcrypt.dll

dbghelp: loaded successfully - version: 4.0.5 - missing functions: none
symbol engine: initialized successfully - sym options: 0x614 - pdb path: .;C:\Program Files\Java\jdk-14.0.2\bin;C:\WINDOWS\SYSTEM32;C:\WINDOWS\WinSxS\amd64_microsoft.windows.common-controls_6595b64144ccf1df_6.0.19041.844_none_ca00b6081b84eb1d;C:\Program Files\Java\jdk-14.0.2\bin\server;C:\Program Files\JetBrains\IntelliJ IDEA Community Edition 2020.3.3\bin

VM Arguments:
jvm_args: -javaagent:C:\Program Files\JetBrains\IntelliJ IDEA Community Edition 2020.3.3\lib\idea_rt.jar=53267:C:\Program Files\JetBrains\IntelliJ IDEA Community Edition 2020.3.3\bin -Dfile.encoding=UTF-8 
java_command: com.udacity.boogle.maps.BoogleMapsApplication
java_class_path (initial): E:\SaMeH\Career\Programming\Courses\For Java\Java Web Developer Nanodegree\Part 2\Vehicles APIs\boogle-maps\target\classes;C:\Users\ALKODS\.m2\repository\org\springframework\boot\spring-boot-starter-web\2.1.6.RELEASE\spring-boot-starter-web-2.1.6.RELEASE.jar;C:\Users\ALKODS\.m2\repository\org\springframework\boot\spring-boot-starter\2.1.6.RELEASE\spring-boot-starter-2.1.6.RELEASE.jar;C:\Users\ALKODS\.m2\repository\org\springframework\boot\spring-boot-starter-logging\2.1.6.RELEASE\spring-boot-starter-logging-2.1.6.RELEASE.jar;C:\Users\ALKODS\.m2\repository\ch\qos\logback\logback-classic\1.2.3\logback-classic-1.2.3.jar;C:\Users\ALKODS\.m2\repository\ch\qos\logback\logback-core\1.2.3\logback-core-1.2.3.jar;C:\Users\ALKODS\.m2\repository\org\apache\logging\log4j\log4j-to-slf4j\2.11.2\log4j-to-slf4j-2.11.2.jar;C:\Users\ALKODS\.m2\repository\org\apache\logging\log4j\log4j-api\2.11.2\log4j-api-2.11.2.jar;C:\Users\ALKODS\.m2\repository\org\slf4j\jul-to-slf4j\1.7.26\jul-to-slf4j-1.7.26.jar;C:\Users\ALKODS\.m2\repository\javax\annotation\javax.annotation-api\1.3.2\javax.annotation-api-1.3.2.jar;C:\Users\ALKODS\.m2\repository\org\yaml\snakeyaml\1.23\snakeyaml-1.23.jar;C:\Users\ALKODS\.m2\repository\org\springframework\boot\spring-boot-starter-json\2.1.6.RELEASE\spring-boot-starter-json-2.1.6.RELEASE.jar;C:\Users\ALKODS\.m2\repository\com\fasterxml\jackson\core\jackson-databind\2.9.9\jackson-databind-2.9.9.jar;C:\Users\ALKODS\.m2\repository\com\fasterxml\jackson\core\jackson-annotations\2.9.0\jackson-annotations-2.9.0.jar;C:\Users\ALKODS\.m2\repository\com\fasterxml\jackson\core\jackson-core\2.9.9\jackson-core-2.9.9.jar;C:\Users\ALKODS\.m2\repository\com\fasterxml\jackson\datatype\jackson-datatype-jdk8\2.9.9\jackson-datatype-jdk8-2.9.9.jar;C:\Users\ALKODS\.m2\repository\com\fasterxml\jackson\datatype\jackson-datatype-jsr310\2.9.9\jackson-datatype-jsr310-2.9.9.jar;C:\Users\ALKODS\.m2\repository\com\fasterxml\jackson\module\jackson-module-parameter-na
Launcher Type: SUN_STANDARD

[Global flags]
     intx CICompilerCount                          = 3                                         {product} {ergonomic}
     uint ConcGCThreads                            = 1                                         {product} {ergonomic}
     uint G1ConcRefinementThreads                  = 4                                         {product} {ergonomic}
   size_t G1HeapRegionSize                         = 1048576                                   {product} {ergonomic}
    uintx GCDrainStackTargetSize                   = 64                                        {product} {ergonomic}
   size_t InitialHeapSize                          = 100663296                                 {product} {ergonomic}
   size_t MarkStackSize                            = 4194304                                   {product} {ergonomic}
   size_t MaxHeapSize                              = 1585446912                                {product} {ergonomic}
   size_t MaxNewSize                               = 951058432                                 {product} {ergonomic}
   size_t MinHeapDeltaBytes                        = 1048576                                   {product} {ergonomic}
   size_t MinHeapSize                              = 8388608                                   {product} {ergonomic}
    uintx NonNMethodCodeHeapSize                   = 5832780                                {pd product} {ergonomic}
    uintx NonProfiledCodeHeapSize                  = 122912730                              {pd product} {ergonomic}
    uintx ProfiledCodeHeapSize                     = 122912730                              {pd product} {ergonomic}
    uintx ReservedCodeCacheSize                    = 251658240                              {pd product} {ergonomic}
     bool SegmentedCodeCache                       = true                                      {product} {ergonomic}
   size_t SoftMaxHeapSize                          = 1585446912                             {manageable} {ergonomic}
     bool UseCompressedClassPointers               = true                                 {lp64_product} {ergonomic}
     bool UseCompressedOops                        = true                                 {lp64_product} {ergonomic}
     bool UseG1GC                                  = true                                      {product} {ergonomic}
     bool UseLargePagesIndividualAllocation        = false                                  {pd product} {ergonomic}

Logging:
Log output configuration:
 #0: stdout all=warning uptime,level,tags
 #1: stderr all=off uptime,level,tags

Environment Variables:
PATH=C:\Program Files (x86)\Common Files\Oracle\Java\javapath;C:\WINDOWS\system32;C:\WINDOWS;C:\WINDOWS\System32\Wbem;C:\WINDOWS\System32\WindowsPowerShell\v1.0\;C:\Program Files\Microsoft SQL Server\130\Tools\Binn\;C:\Program Files (x86)\Windows Kits\10\Windows Performance Toolkit\;C:\xampp\php;C:\composer;C:\WINDOWS\System32\OpenSSH\;C:\Program Files\nodejs\;C:\Users\ALKODS\AppData\Local\Programs\Python\Python36\Scripts;C:\Program Files\Git\cmd;C:\Program Files\Git\mingw64\bin;C:\Program Files\Git\usr\bin;C:\Users\ALKODS\AppData\Local\Microsoft\WindowsApps;C:\Users\ALKODS\AppData\Roaming\Composer\vendor\bin;C:\Users\ALKODS\AppData\Roaming\npm;;C:\Users\ALKODS\AppData\Local\Programs\Microsoft VS Code\bin
USERNAME=ALKODS
OS=Windows_NT
PROCESSOR_IDENTIFIER=Intel64 Family 6 Model 58 Stepping 9, GenuineIntel



---------------  S Y S T E M  ---------------

OS: Windows 10 , 64 bit Build 19041 (10.0.19041.928)
OS uptime: 0 days 3:39 hours

CPU:total 4 (initial active 4) (2 cores per cpu, 2 threads per core) family 6 model 58 stepping 9, cmov, cx8, fxsr, mmx, sse, sse2, sse3, ssse3, sse4.1, sse4.2, popcnt, avx, aes, clmul, erms, ht, tsc, tscinvbit, tscinv

Memory: 4k page, system-wide physical 6046M (422M free)
TotalPageFile size 7697M (AvailPageFile size 4M)
current process WorkingSet (physical memory assigned to process): 116M, peak: 117M
current process commit charge ("private bytes"): 209M, peak: 210M

vm_info: Java HotSpot(TM) 64-Bit Server VM (14.0.2+12-46) for windows-amd64 JRE (14.0.2+12-46), built on Jul  9 2020 00:35:52 by "mach5one" with MS VC++ 15.9 (VS2017)

END.
