#
# There is insufficient memory for the Java Runtime Environment to continue.
# Native memory allocation (malloc) failed to allocate 527376 bytes for Chunk::new
# Possible reasons:
#   The system is out of physical RAM or swap space
#   The process is running with CompressedOops enabled, and the Java Heap may be blocking the growth of the native heap
# Possible solutions:
#   Reduce memory load on the system
#   Increase physical memory or swap space
#   Check if swap backing store is full
#   Decrease Java heap size (-Xmx/-Xms)
#   Decrease number of Java threads
#   Decrease Java thread stack sizes (-Xss)
#   Set larger code cache with -XX:ReservedCodeCacheSize=
#   JVM is running with Unscaled Compressed Oops mode in which the Java heap is
#     placed in the first 4GB address space. The Java Heap base address is the
#     maximum limit for the native heap growth. Please use -XX:HeapBaseMinAddress
#     to set the Java Heap base and to place the Java Heap above 4GB virtual address.
# This output file may be truncated or incomplete.
#
#  Out of Memory Error (./open/src/hotspot/share/memory/arena.cpp:195), pid=5616, tid=6264
#
# JRE version: Java(TM) SE Runtime Environment (14.0.2+12) (build 14.0.2+12-46)
# Java VM: Java HotSpot(TM) 64-Bit Server VM (14.0.2+12-46, mixed mode, sharing, tiered, compressed oops, g1 gc, windows-amd64)
# No core dump will be written. Minidumps are not enabled by default on client versions of Windows
#

---------------  S U M M A R Y ------------

Command Line: -javaagent:C:\Program Files\JetBrains\IntelliJ IDEA Community Edition 2020.3.3\lib\idea_rt.jar=52846:C:\Program Files\JetBrains\IntelliJ IDEA Community Edition 2020.3.3\bin -Dfile.encoding=UTF-8 com.udacity.eureka.EurekaApplication

Host: Intel(R) Core(TM) i5-3337U CPU @ 1.80GHz, 4 cores, 5G,  Windows 10 , 64 bit Build 19041 (10.0.19041.928)
Time: Tue Apr 20 03:45:40 2021 Egypt Standard Time elapsed time: 79 seconds (0d 0h 1m 19s)

---------------  T H R E A D  ---------------

Current thread (0x0000023a497ae800):  JavaThread "C2 CompilerThread0" daemon [_thread_in_native, id=6264, stack(0x000000d664400000,0x000000d664500000)]


Current CompileTask:
C2:  79207 6317       4       java.util.TreeMap::put (247 bytes)

Stack: [0x000000d664400000,0x000000d664500000]
Native frames: (J=compiled Java code, j=interpreted, Vv=VM code, C=native code)
V  [jvm.dll+0x5f8a9a]
V  [jvm.dll+0x74247a]
V  [jvm.dll+0x743c2f]
V  [jvm.dll+0x744273]
V  [jvm.dll+0x20d288]
V  [jvm.dll+0xabb07]
V  [jvm.dll+0xac1fc]
V  [jvm.dll+0x276db4]
V  [jvm.dll+0x50cffa]
V  [jvm.dll+0x1ee1da]
V  [jvm.dll+0x1e7cfb]
V  [jvm.dll+0x1e4f98]
V  [jvm.dll+0x1779cc]
V  [jvm.dll+0x1f4105]
V  [jvm.dll+0x1f22eb]
V  [jvm.dll+0x7070cd]
V  [jvm.dll+0x6ffeda]
V  [jvm.dll+0x5f78f6]
C  [ucrtbase.dll+0x21bb2]
C  [KERNEL32.DLL+0x17034]
C  [ntdll.dll+0x52651]


---------------  P R O C E S S  ---------------

Threads class SMR info:
_java_thread_list=0x0000023a4b869bc0, length=61, elements={
0x0000023a49785000, 0x0000023a49786800, 0x0000023a497a5800, 0x0000023a497a8800,
0x0000023a497ab000, 0x0000023a497ae800, 0x0000023a497b3000, 0x0000023a497c3800,
0x0000023a4a1d3800, 0x0000023a4a741000, 0x0000023a4a742000, 0x0000023a4aa2e800,
0x0000023a4d61f800, 0x0000023a4e376800, 0x0000023a4afc4800, 0x0000023a4ac77800,
0x0000023a4e9e2800, 0x0000023a4e9af800, 0x0000023a4e418800, 0x0000023a4e419000,
0x0000023a4e41a000, 0x0000023a50d1c800, 0x0000023a50d1b000, 0x0000023a50d1e800,
0x0000023a50d1c000, 0x0000023a50d1a800, 0x0000023a50d1d800, 0x0000023a50d1f000,
0x0000023a50d19800, 0x0000023a50d22800, 0x0000023a50d25000, 0x0000023a50d21000,
0x0000023a50d25800, 0x0000023a50d24000, 0x0000023a50d21800, 0x0000023a50d23800,
0x0000023a50d20000, 0x0000023a50d27800, 0x0000023a50d26800, 0x0000023a50d28000,
0x0000023a4b644800, 0x0000023a4b642000, 0x0000023a4b645000, 0x0000023a4b646000,
0x0000023a4b640800, 0x0000023a4b642800, 0x0000023a4b643800, 0x0000023a4b641000,
0x0000023a4b647000, 0x0000023a5061c800, 0x0000023a5061b000, 0x0000023a5061d800,
0x0000023a5061e800, 0x0000023a5061f000, 0x0000023a5061c000, 0x0000023a50620000,
0x0000023a5061a800, 0x0000023a50626800, 0x0000023a50621000, 0x0000023a50623800,
0x0000023a50624000
}

Java Threads: ( => current thread )
  0x0000023a49785000 JavaThread "Reference Handler" daemon [_thread_blocked, id=1120, stack(0x000000d663f00000,0x000000d664000000)]
  0x0000023a49786800 JavaThread "Finalizer" daemon [_thread_blocked, id=1324, stack(0x000000d664000000,0x000000d664100000)]
  0x0000023a497a5800 JavaThread "Signal Dispatcher" daemon [_thread_blocked, id=8180, stack(0x000000d664100000,0x000000d664200000)]
  0x0000023a497a8800 JavaThread "Attach Listener" daemon [_thread_blocked, id=9560, stack(0x000000d664200000,0x000000d664300000)]
  0x0000023a497ab000 JavaThread "Service Thread" daemon [_thread_blocked, id=6324, stack(0x000000d664300000,0x000000d664400000)]
=>0x0000023a497ae800 JavaThread "C2 CompilerThread0" daemon [_thread_in_native, id=6264, stack(0x000000d664400000,0x000000d664500000)]
  0x0000023a497b3000 JavaThread "C1 CompilerThread0" daemon [_thread_in_native, id=8600, stack(0x000000d664500000,0x000000d664600000)]
  0x0000023a497c3800 JavaThread "Sweeper thread" daemon [_thread_blocked, id=9176, stack(0x000000d664600000,0x000000d664700000)]
  0x0000023a4a1d3800 JavaThread "Common-Cleaner" daemon [_thread_blocked, id=720, stack(0x000000d664700000,0x000000d664800000)]
  0x0000023a4a741000 JavaThread "Monitor Ctrl-Break" daemon [_thread_in_native, id=7388, stack(0x000000d664800000,0x000000d664900000)]
  0x0000023a4a742000 JavaThread "Notification Thread" daemon [_thread_blocked, id=6616, stack(0x000000d664900000,0x000000d664a00000)]
  0x0000023a4aa2e800 JavaThread "spring.cloud.inetutils" daemon [_thread_blocked, id=10632, stack(0x000000d664e00000,0x000000d664f00000)]
  0x0000023a4d61f800 JavaThread "Catalina-utility-1" [_thread_blocked, id=4980, stack(0x000000d665100000,0x000000d665200000)]
  0x0000023a4e376800 JavaThread "Catalina-utility-2" [_thread_blocked, id=9832, stack(0x000000d665200000,0x000000d665300000)]
  0x0000023a4afc4800 JavaThread "container-0" [_thread_blocked, id=11216, stack(0x000000d665300000,0x000000d665400000)]
  0x0000023a4ac77800 JavaThread "Eureka-DeltaRetentionTimer" daemon [_thread_blocked, id=8312, stack(0x000000d665400000,0x000000d665500000)]
  0x0000023a4e9e2800 JavaThread "Eureka-EvictionTimer" daemon [_thread_blocked, id=196, stack(0x000000d665500000,0x000000d665600000)]
  0x0000023a4e9af800 JavaThread "Eureka-MeasureRateTimer" daemon [_thread_blocked, id=5580, stack(0x000000d665600000,0x000000d665700000)]
  0x0000023a4e418800 JavaThread "ReplicaAwareInstanceRegistry - RenewalThresholdUpdater" daemon [_thread_blocked, id=6832, stack(0x000000d665700000,0x000000d665800000)]
  0x0000023a4e419000 JavaThread "Eureka-MeasureRateTimer" daemon [_thread_blocked, id=5252, stack(0x000000d665800000,0x000000d665900000)]
  0x0000023a4e41a000 JavaThread "Eureka-JerseyClient-Conn-Cleaner2" daemon [_thread_blocked, id=11132, stack(0x000000d665900000,0x000000d665a00000)]
  0x0000023a50d1c800 JavaThread "TaskAcceptor-target_localhost" daemon [_thread_blocked, id=7696, stack(0x000000d665a00000,0x000000d665b00000)]
  0x0000023a50d1b000 JavaThread "StatsMonitor-0" daemon [_thread_blocked, id=5064, stack(0x000000d665b00000,0x000000d665c00000)]
  0x0000023a50d1e800 JavaThread "TaskBatchingWorker-target_localhost-0" daemon [_thread_blocked, id=6908, stack(0x000000d665c00000,0x000000d665d00000)]
  0x0000023a50d1c000 JavaThread "TaskBatchingWorker-target_localhost-1" daemon [_thread_blocked, id=9292, stack(0x000000d665d00000,0x000000d665e00000)]
  0x0000023a50d1a800 JavaThread "TaskBatchingWorker-target_localhost-2" daemon [_thread_blocked, id=9252, stack(0x000000d665e00000,0x000000d665f00000)]
  0x0000023a50d1d800 JavaThread "TaskBatchingWorker-target_localhost-3" daemon [_thread_blocked, id=11076, stack(0x000000d665f00000,0x000000d666000000)]
  0x0000023a50d1f000 JavaThread "TaskBatchingWorker-target_localhost-4" daemon [_thread_blocked, id=2972, stack(0x000000d666000000,0x000000d666100000)]
  0x0000023a50d19800 JavaThread "TaskBatchingWorker-target_localhost-5" daemon [_thread_blocked, id=10844, stack(0x000000d666100000,0x000000d666200000)]
  0x0000023a50d22800 JavaThread "TaskBatchingWorker-target_localhost-6" daemon [_thread_blocked, id=1100, stack(0x000000d666200000,0x000000d666300000)]
  0x0000023a50d25000 JavaThread "TaskBatchingWorker-target_localhost-7" daemon [_thread_blocked, id=3168, stack(0x000000d666300000,0x000000d666400000)]
  0x0000023a50d21000 JavaThread "TaskBatchingWorker-target_localhost-8" daemon [_thread_blocked, id=7240, stack(0x000000d666400000,0x000000d666500000)]
  0x0000023a50d25800 JavaThread "TaskBatchingWorker-target_localhost-9" daemon [_thread_blocked, id=10464, stack(0x000000d666500000,0x000000d666600000)]
  0x0000023a50d24000 JavaThread "TaskBatchingWorker-target_localhost-10" daemon [_thread_blocked, id=5948, stack(0x000000d666600000,0x000000d666700000)]
  0x0000023a50d21800 JavaThread "TaskBatchingWorker-target_localhost-11" daemon [_thread_blocked, id=2836, stack(0x000000d666700000,0x000000d666800000)]
  0x0000023a50d23800 JavaThread "TaskBatchingWorker-target_localhost-12" daemon [_thread_blocked, id=8884, stack(0x000000d666800000,0x000000d666900000)]
  0x0000023a50d20000 JavaThread "TaskBatchingWorker-target_localhost-13" daemon [_thread_blocked, id=4584, stack(0x000000d666900000,0x000000d666a00000)]
  0x0000023a50d27800 JavaThread "TaskBatchingWorker-target_localhost-14" daemon [_thread_blocked, id=4860, stack(0x000000d666a00000,0x000000d666b00000)]
  0x0000023a50d26800 JavaThread "TaskBatchingWorker-target_localhost-15" daemon [_thread_blocked, id=4672, stack(0x000000d666b00000,0x000000d666c00000)]
  0x0000023a50d28000 JavaThread "TaskBatchingWorker-target_localhost-16" daemon [_thread_blocked, id=7416, stack(0x000000d666c00000,0x000000d666d00000)]
  0x0000023a4b644800 JavaThread "TaskBatchingWorker-target_localhost-17" daemon [_thread_blocked, id=4608, stack(0x000000d666d00000,0x000000d666e00000)]
  0x0000023a4b642000 JavaThread "TaskBatchingWorker-target_localhost-18" daemon [_thread_blocked, id=10096, stack(0x000000d666e00000,0x000000d666f00000)]
  0x0000023a4b645000 JavaThread "TaskBatchingWorker-target_localhost-19" daemon [_thread_blocked, id=3732, stack(0x000000d666f00000,0x000000d667000000)]
  0x0000023a4b646000 JavaThread "TaskAcceptor-localhost" daemon [_thread_blocked, id=10676, stack(0x000000d667000000,0x000000d667100000)]
  0x0000023a4b640800 JavaThread "TaskNonBatchingWorker-localhost-0" daemon [_thread_blocked, id=7480, stack(0x000000d667100000,0x000000d667200000)]
  0x0000023a4b642800 JavaThread "Eureka-PeerNodesUpdater" daemon [_thread_blocked, id=9828, stack(0x000000d667200000,0x000000d667300000)]
  0x0000023a4b643800 JavaThread "Eureka-CacheFillTimer" daemon [_thread_blocked, id=2816, stack(0x000000d667300000,0x000000d667400000)]
  0x0000023a4b641000 JavaThread "http-nio-8761-BlockPoller" daemon [_thread_in_native, id=5444, stack(0x000000d667400000,0x000000d667500000)]
  0x0000023a4b647000 JavaThread "http-nio-8761-exec-1" daemon [_thread_blocked, id=2312, stack(0x000000d667500000,0x000000d667600000)]
  0x0000023a5061c800 JavaThread "http-nio-8761-exec-2" daemon [_thread_blocked, id=7448, stack(0x000000d667600000,0x000000d667700000)]
  0x0000023a5061b000 JavaThread "http-nio-8761-exec-3" daemon [_thread_blocked, id=9916, stack(0x000000d667700000,0x000000d667800000)]
  0x0000023a5061d800 JavaThread "http-nio-8761-exec-4" daemon [_thread_blocked, id=7536, stack(0x000000d667800000,0x000000d667900000)]
  0x0000023a5061e800 JavaThread "http-nio-8761-exec-5" daemon [_thread_blocked, id=7176, stack(0x000000d667900000,0x000000d667a00000)]
  0x0000023a5061f000 JavaThread "http-nio-8761-exec-6" daemon [_thread_blocked, id=7860, stack(0x000000d667a00000,0x000000d667b00000)]
  0x0000023a5061c000 JavaThread "http-nio-8761-exec-7" daemon [_thread_blocked, id=7188, stack(0x000000d667b00000,0x000000d667c00000)]
  0x0000023a50620000 JavaThread "http-nio-8761-exec-8" daemon [_thread_blocked, id=6080, stack(0x000000d667c00000,0x000000d667d00000)]
  0x0000023a5061a800 JavaThread "http-nio-8761-exec-9" daemon [_thread_blocked, id=6132, stack(0x000000d667d00000,0x000000d667e00000)]
  0x0000023a50626800 JavaThread "http-nio-8761-exec-10" daemon [_thread_blocked, id=9160, stack(0x000000d667e00000,0x000000d667f00000)]
  0x0000023a50621000 JavaThread "http-nio-8761-ClientPoller" daemon [_thread_in_native, id=1220, stack(0x000000d667f00000,0x000000d668000000)]
  0x0000023a50623800 JavaThread "http-nio-8761-Acceptor" daemon [_thread_in_native, id=8156, stack(0x000000d668000000,0x000000d668100000)]
  0x0000023a50624000 JavaThread "DestroyJavaVM" [_thread_blocked, id=9724, stack(0x000000d663800000,0x000000d663900000)]

Other Threads:
  0x0000023a49782000 VMThread "VM Thread" [stack: 0x000000d663e00000,0x000000d663f00000] [id=9128]
  0x0000023a4a50d800 WatcherThread [stack: 0x000000d664a00000,0x000000d664b00000] [id=6236]
  0x0000023a2c327000 GCTaskThread "GC Thread#0" [stack: 0x000000d663900000,0x000000d663a00000] [id=8020]
  0x0000023a4a933800 GCTaskThread "GC Thread#1" [stack: 0x000000d664c00000,0x000000d664d00000] [id=10680]
  0x0000023a4af8d800 GCTaskThread "GC Thread#2" [stack: 0x000000d664f00000,0x000000d665000000] [id=2760]
  0x0000023a4af7e800 GCTaskThread "GC Thread#3" [stack: 0x000000d665000000,0x000000d665100000] [id=7676]
  0x0000023a2c337800 ConcurrentGCThread "G1 Main Marker" [stack: 0x000000d663a00000,0x000000d663b00000] [id=10980]
  0x0000023a2c338800 ConcurrentGCThread "G1 Conc#0" [stack: 0x000000d663b00000,0x000000d663c00000] [id=10836]
  0x0000023a2c3a6000 ConcurrentGCThread "G1 Refine#0" [stack: 0x000000d663c00000,0x000000d663d00000] [id=10924]
  0x0000023a4a26d000 ConcurrentGCThread "G1 Refine#1" [stack: 0x000000d664b00000,0x000000d664c00000] [id=6660]
  0x0000023a2c3a7000 ConcurrentGCThread "G1 Young RemSet Sampling" [stack: 0x000000d663d00000,0x000000d663e00000] [id=10816]

Threads with active compile tasks:
C2 CompilerThread0    82605 6317       4       java.util.TreeMap::put (247 bytes)
C1 CompilerThread0    82605 6337       3       freemarker.core.FMParserTokenManager::TokenLexicalActions (5542 bytes)

VM state:not at safepoint (normal execution)

VM Mutex/Monitor currently owned by a thread: None

Heap address: 0x00000000a1800000, size: 1512 MB, Compressed Oops mode: 32-bit
Narrow klass base: 0x0000000800000000, Narrow klass shift: 3
Compressed class space size: 1073741824 Address: 0x0000000800b30000

Heap:
 garbage-first heap   total 92160K, used 45842K [0x00000000a1800000, 0x0000000100000000)
  region size 1024K, 16 young (16384K), 2 survivors (2048K)
 Metaspace       used 58424K, capacity 59715K, committed 59904K, reserved 1101824K
  class space    used 7569K, capacity 8072K, committed 8192K, reserved 1048576K
Heap Regions: E=young(eden), S=young(survivor), O=old, HS=humongous(starts), HC=humongous(continues), CS=collection set, F=free, OA=open archive, CA=closed archive, TAMS=top-at-mark-start (previous, next)
|   0|0x00000000a1800000, 0x00000000a1900000, 0x00000000a1900000|100%| O|  |TAMS 0x00000000a1900000, 0x00000000a1800000| Untracked 
|   1|0x00000000a1900000, 0x00000000a1a00000, 0x00000000a1a00000|100%| O|  |TAMS 0x00000000a1a00000, 0x00000000a1900000| Untracked 
|   2|0x00000000a1a00000, 0x00000000a1b00000, 0x00000000a1b00000|100%| O|  |TAMS 0x00000000a1b00000, 0x00000000a1a00000| Untracked 
|   3|0x00000000a1b00000, 0x00000000a1c00000, 0x00000000a1c00000|100%| O|  |TAMS 0x00000000a1c00000, 0x00000000a1b00000| Untracked 
|   4|0x00000000a1c00000, 0x00000000a1d00000, 0x00000000a1d00000|100%| O|  |TAMS 0x00000000a1d00000, 0x00000000a1c00000| Untracked 
|   5|0x00000000a1d00000, 0x00000000a1e00000, 0x00000000a1e00000|100%| O|  |TAMS 0x00000000a1e00000, 0x00000000a1d00000| Untracked 
|   6|0x00000000a1e00000, 0x00000000a1e52a00, 0x00000000a1f00000| 32%| O|  |TAMS 0x00000000a1e52a00, 0x00000000a1e00000| Untracked 
|   7|0x00000000a1f00000, 0x00000000a2000000, 0x00000000a2000000|100%| O|  |TAMS 0x00000000a2000000, 0x00000000a1f00000| Untracked 
|   8|0x00000000a2000000, 0x00000000a2100000, 0x00000000a2100000|100%| O|  |TAMS 0x00000000a2100000, 0x00000000a2000000| Untracked 
|   9|0x00000000a2100000, 0x00000000a2200000, 0x00000000a2200000|100%| O|  |TAMS 0x00000000a2200000, 0x00000000a2100000| Untracked 
|  10|0x00000000a2200000, 0x00000000a2300000, 0x00000000a2300000|100%| O|  |TAMS 0x00000000a2300000, 0x00000000a2200000| Untracked 
|  11|0x00000000a2300000, 0x00000000a2400000, 0x00000000a2400000|100%| O|  |TAMS 0x00000000a2400000, 0x00000000a2300000| Untracked 
|  12|0x00000000a2400000, 0x00000000a2500000, 0x00000000a2500000|100%| O|  |TAMS 0x00000000a2500000, 0x00000000a2400000| Untracked 
|  13|0x00000000a2500000, 0x00000000a2600000, 0x00000000a2600000|100%| O|  |TAMS 0x00000000a2600000, 0x00000000a2500000| Untracked 
|  14|0x00000000a2600000, 0x00000000a2700000, 0x00000000a2700000|100%| O|  |TAMS 0x00000000a2600000, 0x00000000a2600000| Untracked 
|  15|0x00000000a2700000, 0x00000000a2800000, 0x00000000a2800000|100%| O|  |TAMS 0x00000000a2800000, 0x00000000a2700000| Untracked 
|  16|0x00000000a2800000, 0x00000000a2900000, 0x00000000a2900000|100%| O|  |TAMS 0x00000000a287d800, 0x00000000a2800000| Untracked 
|  17|0x00000000a2900000, 0x00000000a2a00000, 0x00000000a2a00000|100%| O|  |TAMS 0x00000000a2900000, 0x00000000a2900000| Untracked 
|  18|0x00000000a2a00000, 0x00000000a2b00000, 0x00000000a2b00000|100%| O|  |TAMS 0x00000000a2a00000, 0x00000000a2a00000| Untracked 
|  19|0x00000000a2b00000, 0x00000000a2c00000, 0x00000000a2c00000|100%| O|  |TAMS 0x00000000a2b00000, 0x00000000a2b00000| Untracked 
|  20|0x00000000a2c00000, 0x00000000a2d00000, 0x00000000a2d00000|100%| O|  |TAMS 0x00000000a2c00000, 0x00000000a2c00000| Untracked 
|  21|0x00000000a2d00000, 0x00000000a2e00000, 0x00000000a2e00000|100%| O|  |TAMS 0x00000000a2d00000, 0x00000000a2d00000| Untracked 
|  22|0x00000000a2e00000, 0x00000000a2f00000, 0x00000000a2f00000|100%| O|  |TAMS 0x00000000a2e00000, 0x00000000a2e00000| Untracked 
|  23|0x00000000a2f00000, 0x00000000a3000000, 0x00000000a3000000|100%| O|  |TAMS 0x00000000a2f00000, 0x00000000a2f00000| Untracked 
|  24|0x00000000a3000000, 0x00000000a3100000, 0x00000000a3100000|100%| O|  |TAMS 0x00000000a3000000, 0x00000000a3000000| Untracked 
|  25|0x00000000a3100000, 0x00000000a3200000, 0x00000000a3200000|100%| O|  |TAMS 0x00000000a3100000, 0x00000000a3100000| Untracked 
|  26|0x00000000a3200000, 0x00000000a3300000, 0x00000000a3300000|100%| O|  |TAMS 0x00000000a3200000, 0x00000000a3200000| Untracked 
|  27|0x00000000a3300000, 0x00000000a3400000, 0x00000000a3400000|100%| O|  |TAMS 0x00000000a3300000, 0x00000000a3300000| Untracked 
|  28|0x00000000a3400000, 0x00000000a3500000, 0x00000000a3500000|100%| O|  |TAMS 0x00000000a3400000, 0x00000000a3400000| Untracked 
|  29|0x00000000a3500000, 0x00000000a3599200, 0x00000000a3600000| 59%| O|  |TAMS 0x00000000a3500000, 0x00000000a3500000| Untracked 
|  30|0x00000000a3600000, 0x00000000a3600000, 0x00000000a3700000|  0%| F|  |TAMS 0x00000000a3600000, 0x00000000a3600000| Untracked 
|  31|0x00000000a3700000, 0x00000000a3700000, 0x00000000a3800000|  0%| F|  |TAMS 0x00000000a3700000, 0x00000000a3700000| Untracked 
|  32|0x00000000a3800000, 0x00000000a3800000, 0x00000000a3900000|  0%| F|  |TAMS 0x00000000a3800000, 0x00000000a3800000| Untracked 
|  33|0x00000000a3900000, 0x00000000a3900000, 0x00000000a3a00000|  0%| F|  |TAMS 0x00000000a3900000, 0x00000000a3900000| Untracked 
|  34|0x00000000a3a00000, 0x00000000a3a00000, 0x00000000a3b00000|  0%| F|  |TAMS 0x00000000a3a00000, 0x00000000a3a00000| Untracked 
|  35|0x00000000a3b00000, 0x00000000a3b00000, 0x00000000a3c00000|  0%| F|  |TAMS 0x00000000a3b00000, 0x00000000a3b00000| Untracked 
|  36|0x00000000a3c00000, 0x00000000a3c00000, 0x00000000a3d00000|  0%| F|  |TAMS 0x00000000a3c00000, 0x00000000a3c00000| Untracked 
|  37|0x00000000a3d00000, 0x00000000a3d00000, 0x00000000a3e00000|  0%| F|  |TAMS 0x00000000a3d00000, 0x00000000a3d00000| Untracked 
|  38|0x00000000a3e00000, 0x00000000a3e00000, 0x00000000a3f00000|  0%| F|  |TAMS 0x00000000a3e00000, 0x00000000a3e00000| Untracked 
|  39|0x00000000a3f00000, 0x00000000a3f00000, 0x00000000a4000000|  0%| F|  |TAMS 0x00000000a3f00000, 0x00000000a3f00000| Untracked 
|  40|0x00000000a4000000, 0x00000000a4000000, 0x00000000a4100000|  0%| F|  |TAMS 0x00000000a4000000, 0x00000000a4000000| Untracked 
|  41|0x00000000a4100000, 0x00000000a4100000, 0x00000000a4200000|  0%| F|  |TAMS 0x00000000a4100000, 0x00000000a4100000| Untracked 
|  42|0x00000000a4200000, 0x00000000a4200000, 0x00000000a4300000|  0%| F|  |TAMS 0x00000000a4200000, 0x00000000a4200000| Untracked 
|  43|0x00000000a4300000, 0x00000000a43d8d00, 0x00000000a4400000| 84%| S|CS|TAMS 0x00000000a4300000, 0x00000000a4300000| Complete 
|  44|0x00000000a4400000, 0x00000000a4500000, 0x00000000a4500000|100%| S|CS|TAMS 0x00000000a4400000, 0x00000000a4400000| Complete 
|  45|0x00000000a4500000, 0x00000000a4500000, 0x00000000a4600000|  0%| F|  |TAMS 0x00000000a4500000, 0x00000000a4500000| Untracked 
|  46|0x00000000a4600000, 0x00000000a4600000, 0x00000000a4700000|  0%| F|  |TAMS 0x00000000a4600000, 0x00000000a4600000| Untracked 
|  47|0x00000000a4700000, 0x00000000a4700000, 0x00000000a4800000|  0%| F|  |TAMS 0x00000000a4700000, 0x00000000a4700000| Untracked 
|  48|0x00000000a4800000, 0x00000000a4800000, 0x00000000a4900000|  0%| F|  |TAMS 0x00000000a4800000, 0x00000000a4800000| Untracked 
|  49|0x00000000a4900000, 0x00000000a4900000, 0x00000000a4a00000|  0%| F|  |TAMS 0x00000000a4900000, 0x00000000a4900000| Untracked 
|  50|0x00000000a4a00000, 0x00000000a4a00000, 0x00000000a4b00000|  0%| F|  |TAMS 0x00000000a4a00000, 0x00000000a4a00000| Untracked 
|  51|0x00000000a4b00000, 0x00000000a4b00000, 0x00000000a4c00000|  0%| F|  |TAMS 0x00000000a4b00000, 0x00000000a4b00000| Untracked 
|  52|0x00000000a4c00000, 0x00000000a4c00000, 0x00000000a4d00000|  0%| F|  |TAMS 0x00000000a4c00000, 0x00000000a4c00000| Untracked 
|  53|0x00000000a4d00000, 0x00000000a4d00000, 0x00000000a4e00000|  0%| F|  |TAMS 0x00000000a4d00000, 0x00000000a4d00000| Untracked 
|  54|0x00000000a4e00000, 0x00000000a4e00000, 0x00000000a4f00000|  0%| F|  |TAMS 0x00000000a4e00000, 0x00000000a4e00000| Untracked 
|  55|0x00000000a4f00000, 0x00000000a4f00000, 0x00000000a5000000|  0%| F|  |TAMS 0x00000000a4f00000, 0x00000000a4f00000| Untracked 
|  56|0x00000000a5000000, 0x00000000a5000000, 0x00000000a5100000|  0%| F|  |TAMS 0x00000000a5000000, 0x00000000a5000000| Untracked 
|  57|0x00000000a5100000, 0x00000000a5100000, 0x00000000a5200000|  0%| F|  |TAMS 0x00000000a5100000, 0x00000000a5100000| Untracked 
|  58|0x00000000a5200000, 0x00000000a5200000, 0x00000000a5300000|  0%| F|  |TAMS 0x00000000a5200000, 0x00000000a5200000| Untracked 
|  59|0x00000000a5300000, 0x00000000a5300000, 0x00000000a5400000|  0%| F|  |TAMS 0x00000000a5300000, 0x00000000a5300000| Untracked 
|  60|0x00000000a5400000, 0x00000000a5400000, 0x00000000a5500000|  0%| F|  |TAMS 0x00000000a5400000, 0x00000000a5400000| Untracked 
|  61|0x00000000a5500000, 0x00000000a5500000, 0x00000000a5600000|  0%| F|  |TAMS 0x00000000a5500000, 0x00000000a5500000| Untracked 
|  62|0x00000000a5600000, 0x00000000a5600000, 0x00000000a5700000|  0%| F|  |TAMS 0x00000000a5600000, 0x00000000a5600000| Untracked 
|  63|0x00000000a5700000, 0x00000000a5700000, 0x00000000a5800000|  0%| F|  |TAMS 0x00000000a5700000, 0x00000000a5700000| Untracked 
|  64|0x00000000a5800000, 0x00000000a5800000, 0x00000000a5900000|  0%| F|  |TAMS 0x00000000a5800000, 0x00000000a5800000| Untracked 
|  65|0x00000000a5900000, 0x00000000a5900000, 0x00000000a5a00000|  0%| F|  |TAMS 0x00000000a5900000, 0x00000000a5900000| Untracked 
|  66|0x00000000a5a00000, 0x00000000a5a00000, 0x00000000a5b00000|  0%| F|  |TAMS 0x00000000a5a00000, 0x00000000a5a00000| Untracked 
|  67|0x00000000a5b00000, 0x00000000a5b00000, 0x00000000a5c00000|  0%| F|  |TAMS 0x00000000a5b00000, 0x00000000a5b00000| Untracked 
|  68|0x00000000a5c00000, 0x00000000a5c00000, 0x00000000a5d00000|  0%| F|  |TAMS 0x00000000a5c00000, 0x00000000a5c00000| Untracked 
|  69|0x00000000a5d00000, 0x00000000a5d00000, 0x00000000a5e00000|  0%| F|  |TAMS 0x00000000a5d00000, 0x00000000a5d00000| Untracked 
|  70|0x00000000a5e00000, 0x00000000a5e00000, 0x00000000a5f00000|  0%| F|  |TAMS 0x00000000a5e00000, 0x00000000a5e00000| Untracked 
|  71|0x00000000a5f00000, 0x00000000a5f00000, 0x00000000a6000000|  0%| F|  |TAMS 0x00000000a5f00000, 0x00000000a5f00000| Untracked 
|  72|0x00000000a6000000, 0x00000000a6000000, 0x00000000a6100000|  0%| F|  |TAMS 0x00000000a6000000, 0x00000000a6000000| Untracked 
|  73|0x00000000a6100000, 0x00000000a6100000, 0x00000000a6200000|  0%| F|  |TAMS 0x00000000a6100000, 0x00000000a6100000| Untracked 
|  74|0x00000000a6200000, 0x00000000a6200000, 0x00000000a6300000|  0%| F|  |TAMS 0x00000000a6200000, 0x00000000a6200000| Untracked 
|  75|0x00000000a6300000, 0x00000000a63a9e68, 0x00000000a6400000| 66%| E|  |TAMS 0x00000000a6300000, 0x00000000a6300000| Complete 
|  76|0x00000000a6400000, 0x00000000a6500000, 0x00000000a6500000|100%| E|CS|TAMS 0x00000000a6400000, 0x00000000a6400000| Complete 
|  77|0x00000000a6500000, 0x00000000a6600000, 0x00000000a6600000|100%| E|CS|TAMS 0x00000000a6500000, 0x00000000a6500000| Complete 
|  78|0x00000000a6600000, 0x00000000a6700000, 0x00000000a6700000|100%| E|CS|TAMS 0x00000000a6600000, 0x00000000a6600000| Complete 
|  79|0x00000000a6700000, 0x00000000a6800000, 0x00000000a6800000|100%| E|CS|TAMS 0x00000000a6700000, 0x00000000a6700000| Complete 
|  80|0x00000000a6800000, 0x00000000a6900000, 0x00000000a6900000|100%| E|CS|TAMS 0x00000000a6800000, 0x00000000a6800000| Complete 
|  81|0x00000000a6900000, 0x00000000a6a00000, 0x00000000a6a00000|100%| E|CS|TAMS 0x00000000a6900000, 0x00000000a6900000| Complete 
|  82|0x00000000a6a00000, 0x00000000a6b00000, 0x00000000a6b00000|100%| E|CS|TAMS 0x00000000a6a00000, 0x00000000a6a00000| Complete 
|  86|0x00000000a6e00000, 0x00000000a6f00000, 0x00000000a6f00000|100%| E|CS|TAMS 0x00000000a6e00000, 0x00000000a6e00000| Complete 
|  87|0x00000000a6f00000, 0x00000000a7000000, 0x00000000a7000000|100%| E|CS|TAMS 0x00000000a6f00000, 0x00000000a6f00000| Complete 
|  88|0x00000000a7000000, 0x00000000a7100000, 0x00000000a7100000|100%| E|CS|TAMS 0x00000000a7000000, 0x00000000a7000000| Complete 
|  89|0x00000000a7100000, 0x00000000a7200000, 0x00000000a7200000|100%| E|CS|TAMS 0x00000000a7100000, 0x00000000a7100000| Complete 
|  90|0x00000000a7200000, 0x00000000a7300000, 0x00000000a7300000|100%| E|CS|TAMS 0x00000000a7200000, 0x00000000a7200000| Complete 
|  95|0x00000000a7700000, 0x00000000a7800000, 0x00000000a7800000|100%| E|CS|TAMS 0x00000000a7700000, 0x00000000a7700000| Complete 
|1511|0x00000000fff00000, 0x0000000100000000, 0x0000000100000000|100%| O|  |TAMS 0x0000000100000000, 0x00000000fff00000| Untracked 

Card table byte_map: [0x0000023a43d90000,0x0000023a44090000] _byte_map_base: 0x0000023a43884000

Marking Bits (Prev, Next): (CMBitMap*) 0x0000023a2c32af08, (CMBitMap*) 0x0000023a2c32af48
 Prev Bits: [0x0000023a44390000, 0x0000023a45b30000)
 Next Bits: [0x0000023a45b30000, 0x0000023a472d0000)

Polling page: 0x0000023a2a1f0000

Metaspace:

Usage:
  Non-class:     50.43 MB capacity,    49.66 MB ( 98%) used,   622.05 KB (  1%) free+waste,   165.63 KB ( <1%) overhead. 
      Class:      7.88 MB capacity,     7.39 MB ( 94%) used,   425.91 KB (  5%) free+waste,    76.81 KB ( <1%) overhead. 
       Both:     58.32 MB capacity,    57.06 MB ( 98%) used,     1.02 MB (  2%) free+waste,   242.44 KB ( <1%) overhead. 

Virtual space:
  Non-class space:       52.00 MB reserved,      50.50 MB ( 97%) committed 
      Class space:        1.00 GB reserved,       8.00 MB ( <1%) committed 
             Both:        1.05 GB reserved,      58.50 MB (  5%) committed 

Chunk freelists:
   Non-Class:  69.00 KB
       Class:  24.00 KB
        Both:  93.00 KB

MaxMetaspaceSize: 17179869184.00 GB
CompressedClassSpaceSize: 1.00 GB

CodeHeap 'non-profiled nmethods': size=120000Kb used=4403Kb max_used=4403Kb free=115596Kb
 bounds [0x0000023a3c560000, 0x0000023a3c9b0000, 0x0000023a43a90000]
CodeHeap 'profiled nmethods': size=120000Kb used=13596Kb max_used=13596Kb free=106403Kb
 bounds [0x0000023a35030000, 0x0000023a35d80000, 0x0000023a3c560000]
CodeHeap 'non-nmethods': size=5760Kb used=1302Kb max_used=1365Kb free=4457Kb
 bounds [0x0000023a34a90000, 0x0000023a34d00000, 0x0000023a35030000]
 total_blobs=6172 nmethods=5581 adapters=503
 compilation: enabled
              stopped_count=0, restarted_count=0
 full_count=0

Compilation events (20 events):
Event: 78.071 Thread 0x0000023a497ae800 nmethod 6314 0x0000023a3c9a6910 code [0x0000023a3c9a6dc0, 0x0000023a3c9a8cc0]
Event: 78.071 Thread 0x0000023a497ae800 6315       4       java.lang.ClassLoader::postDefineClass (39 bytes)
Event: 78.094 Thread 0x0000023a497ae800 nmethod 6315 0x0000023a3c9a9e90 code [0x0000023a3c9aa1a0, 0x0000023a3c9ab070]
Event: 78.094 Thread 0x0000023a497ae800 6316       4       java.lang.ClassLoader::getNamedPackage (73 bytes)
Event: 78.117 Thread 0x0000023a497ae800 nmethod 6316 0x0000023a3c9ab890 code [0x0000023a3c9abb40, 0x0000023a3c9ac868]
Event: 78.915 Thread 0x0000023a497ae800 6317       4       java.util.TreeMap::put (247 bytes)
Event: 78.915 Thread 0x0000023a497b3000 6318       3       freemarker.template.Template$LineTableBuilder::handleChar (202 bytes)
Event: 78.918 Thread 0x0000023a497b3000 nmethod 6318 0x0000023a35d6e910 code [0x0000023a35d6eca0, 0x0000023a35d70578]
Event: 78.918 Thread 0x0000023a497b3000 6319       3       java.lang.AbstractStringBuilder::setLength (66 bytes)
Event: 78.919 Thread 0x0000023a497b3000 nmethod 6319 0x0000023a35d70e10 code [0x0000023a35d71000, 0x0000023a35d714d8]
Event: 78.919 Thread 0x0000023a497b3000 6320       3       freemarker.core.FMParserTokenManager::jjCheckNAdd (41 bytes)
Event: 78.919 Thread 0x0000023a497b3000 nmethod 6320 0x0000023a35d71690 code [0x0000023a35d71840, 0x0000023a35d71a18]
Event: 78.922 Thread 0x0000023a497b3000 6321       3       java.lang.StringBuilder::setLength (6 bytes)
Event: 78.923 Thread 0x0000023a497b3000 nmethod 6321 0x0000023a35d71b90 code [0x0000023a35d71d40, 0x0000023a35d71e88]
Event: 78.925 Thread 0x0000023a497b3000 6322       3       freemarker.core.SimpleCharStream::readChar (89 bytes)
Event: 78.925 Thread 0x0000023a497b3000 nmethod 6322 0x0000023a35d71f10 code [0x0000023a35d720e0, 0x0000023a35d723f8]
Event: 78.926 Thread 0x0000023a497b3000 6323       3       freemarker.core.SimpleCharStream::UpdateLineColumn (195 bytes)
Event: 78.926 Thread 0x0000023a497b3000 nmethod 6323 0x0000023a35d72590 code [0x0000023a35d72740, 0x0000023a35d72af8]
Event: 78.931 Thread 0x0000023a497b3000 6325       3       freemarker.core.FMParserTokenManager::jjCheckNAddStates (18 bytes)
Event: 78.931 Thread 0x0000023a497b3000 nmethod 6325 0x0000023a35d72c90 code [0x0000023a35d72e40, 0x0000023a35d730a8]

GC Heap History (20 events):
Event: 10.730 GC heap before
{Heap before GC invocations=9 (full 0):
 garbage-first heap   total 63488K, used 47695K [0x00000000a1800000, 0x0000000100000000)
  region size 1024K, 35 young (35840K), 4 survivors (4096K)
 Metaspace       used 30737K, capacity 31496K, committed 31744K, reserved 1077248K
  class space    used 3838K, capacity 4086K, committed 4096K, reserved 1048576K
}
Event: 10.753 GC heap after
{Heap after GC invocations=10 (full 0):
 garbage-first heap   total 63488K, used 18465K [0x00000000a1800000, 0x0000000100000000)
  region size 1024K, 5 young (5120K), 5 survivors (5120K)
 Metaspace       used 30737K, capacity 31496K, committed 31744K, reserved 1077248K
  class space    used 3838K, capacity 4086K, committed 4096K, reserved 1048576K
}
Event: 11.669 GC heap before
{Heap before GC invocations=10 (full 0):
 garbage-first heap   total 63488K, used 47137K [0x00000000a1800000, 0x0000000100000000)
  region size 1024K, 33 young (33792K), 5 survivors (5120K)
 Metaspace       used 34108K, capacity 35016K, committed 35072K, reserved 1079296K
  class space    used 4218K, capacity 4552K, committed 4608K, reserved 1048576K
}
Event: 11.691 GC heap after
{Heap after GC invocations=11 (full 0):
 garbage-first heap   total 63488K, used 21312K [0x00000000a1800000, 0x0000000100000000)
  region size 1024K, 5 young (5120K), 5 survivors (5120K)
 Metaspace       used 34108K, capacity 35016K, committed 35072K, reserved 1079296K
  class space    used 4218K, capacity 4552K, committed 4608K, reserved 1048576K
}
Event: 12.047 GC heap before
{Heap before GC invocations=11 (full 0):
 garbage-first heap   total 63488K, used 34624K [0x00000000a1800000, 0x0000000100000000)
  region size 1024K, 20 young (20480K), 5 survivors (5120K)
 Metaspace       used 34781K, capacity 35641K, committed 35840K, reserved 1081344K
  class space    used 4288K, capacity 4591K, committed 4608K, reserved 1048576K
}
Event: 12.064 GC heap after
{Heap after GC invocations=12 (full 0):
 garbage-first heap   total 76800K, used 21000K [0x00000000a1800000, 0x0000000100000000)
  region size 1024K, 1 young (1024K), 1 survivors (1024K)
 Metaspace       used 34781K, capacity 35641K, committed 35840K, reserved 1081344K
  class space    used 4288K, capacity 4591K, committed 4608K, reserved 1048576K
}
Event: 13.311 GC heap before
{Heap before GC invocations=13 (full 0):
 garbage-first heap   total 76800K, used 58888K [0x00000000a1800000, 0x0000000100000000)
  region size 1024K, 38 young (38912K), 1 survivors (1024K)
 Metaspace       used 35938K, capacity 36846K, committed 37120K, reserved 1081344K
  class space    used 4459K, capacity 4783K, committed 4864K, reserved 1048576K
}
Event: 13.320 GC heap after
{Heap after GC invocations=14 (full 0):
 garbage-first heap   total 76800K, used 21702K [0x00000000a1800000, 0x0000000100000000)
  region size 1024K, 2 young (2048K), 2 survivors (2048K)
 Metaspace       used 35938K, capacity 36846K, committed 37120K, reserved 1081344K
  class space    used 4459K, capacity 4783K, committed 4864K, reserved 1048576K
}
Event: 14.768 GC heap before
{Heap before GC invocations=14 (full 0):
 garbage-first heap   total 76800K, used 59590K [0x00000000a1800000, 0x0000000100000000)
  region size 1024K, 39 young (39936K), 2 survivors (2048K)
 Metaspace       used 39425K, capacity 40453K, committed 40704K, reserved 1085440K
  class space    used 4934K, capacity 5296K, committed 5376K, reserved 1048576K
}
Event: 14.781 GC heap after
{Heap after GC invocations=15 (full 0):
 garbage-first heap   total 76800K, used 23053K [0x00000000a1800000, 0x0000000100000000)
  region size 1024K, 3 young (3072K), 3 survivors (3072K)
 Metaspace       used 39425K, capacity 40453K, committed 40704K, reserved 1085440K
  class space    used 4934K, capacity 5296K, committed 5376K, reserved 1048576K
}
Event: 15.607 GC heap before
{Heap before GC invocations=15 (full 0):
 garbage-first heap   total 76800K, used 60941K [0x00000000a1800000, 0x0000000100000000)
  region size 1024K, 40 young (40960K), 3 survivors (3072K)
 Metaspace       used 42539K, capacity 43531K, committed 43776K, reserved 1087488K
  class space    used 5413K, capacity 5799K, committed 5888K, reserved 1048576K
}
Event: 15.622 GC heap after
{Heap after GC invocations=16 (full 0):
 garbage-first heap   total 76800K, used 24255K [0x00000000a1800000, 0x0000000100000000)
  region size 1024K, 4 young (4096K), 4 survivors (4096K)
 Metaspace       used 42539K, capacity 43531K, committed 43776K, reserved 1087488K
  class space    used 5413K, capacity 5799K, committed 5888K, reserved 1048576K
}
Event: 16.617 GC heap before
{Heap before GC invocations=16 (full 0):
 garbage-first heap   total 76800K, used 61119K [0x00000000a1800000, 0x0000000100000000)
  region size 1024K, 40 young (40960K), 4 survivors (4096K)
 Metaspace       used 45282K, capacity 46328K, committed 46464K, reserved 1089536K
  class space    used 5808K, capacity 6211K, committed 6272K, reserved 1048576K
}
Event: 16.627 GC heap after
{Heap after GC invocations=17 (full 0):
 garbage-first heap   total 76800K, used 26481K [0x00000000a1800000, 0x0000000100000000)
  region size 1024K, 4 young (4096K), 4 survivors (4096K)
 Metaspace       used 45282K, capacity 46328K, committed 46464K, reserved 1089536K
  class space    used 5808K, capacity 6211K, committed 6272K, reserved 1048576K
}
Event: 19.092 GC heap before
{Heap before GC invocations=17 (full 0):
 garbage-first heap   total 76800K, used 61297K [0x00000000a1800000, 0x0000000100000000)
  region size 1024K, 38 young (38912K), 4 survivors (4096K)
 Metaspace       used 49964K, capacity 51117K, committed 51200K, reserved 1093632K
  class space    used 6463K, capacity 6909K, committed 6912K, reserved 1048576K
}
Event: 19.102 GC heap after
{Heap after GC invocations=18 (full 0):
 garbage-first heap   total 76800K, used 28413K [0x00000000a1800000, 0x0000000100000000)
  region size 1024K, 5 young (5120K), 5 survivors (5120K)
 Metaspace       used 49964K, capacity 51117K, committed 51200K, reserved 1093632K
  class space    used 6463K, capacity 6909K, committed 6912K, reserved 1048576K
}
Event: 20.269 GC heap before
{Heap before GC invocations=18 (full 0):
 garbage-first heap   total 76800K, used 60157K [0x00000000a1800000, 0x0000000100000000)
  region size 1024K, 36 young (36864K), 5 survivors (5120K)
 Metaspace       used 51842K, capacity 53117K, committed 53248K, reserved 1095680K
  class space    used 6659K, capacity 7119K, committed 7168K, reserved 1048576K
}
Event: 20.282 GC heap after
{Heap after GC invocations=19 (full 0):
 garbage-first heap   total 76800K, used 31141K [0x00000000a1800000, 0x0000000100000000)
  region size 1024K, 5 young (5120K), 5 survivors (5120K)
 Metaspace       used 51842K, capacity 53117K, committed 53248K, reserved 1095680K
  class space    used 6659K, capacity 7119K, committed 7168K, reserved 1048576K
}
Event: 77.567 GC heap before
{Heap before GC invocations=19 (full 0):
 garbage-first heap   total 76800K, used 59813K [0x00000000a1800000, 0x0000000100000000)
  region size 1024K, 34 young (34816K), 5 survivors (5120K)
 Metaspace       used 56634K, capacity 57922K, committed 57984K, reserved 1099776K
  class space    used 7286K, capacity 7781K, committed 7808K, reserved 1048576K
}
Event: 77.590 GC heap after
{Heap after GC invocations=20 (full 0):
 garbage-first heap   total 92160K, used 32530K [0x00000000a1800000, 0x0000000100000000)
  region size 1024K, 2 young (2048K), 2 survivors (2048K)
 Metaspace       used 56634K, capacity 57922K, committed 57984K, reserved 1099776K
  class space    used 7286K, capacity 7781K, committed 7808K, reserved 1048576K
}

Deoptimization events (20 events):
Event: 61.710 Thread 0x0000023a50d1e800 Uncommon trap: trap_request=0xffffff45 fr.pc=0x0000023a3c6cf3d4 relative=0x0000000000000334
Event: 61.710 Thread 0x0000023a50d1e800 Uncommon trap: reason=unstable_if action=reinterpret pc=0x0000023a3c6cf3d4 method=java.util.HashMap.getNode(ILjava/lang/Object;)Ljava/util/HashMap$Node; @ 129 c2
Event: 61.710 Thread 0x0000023a50d1e800 DEOPT PACKING pc=0x0000023a3c6cf3d4 sp=0x000000d665cfd290
Event: 61.710 Thread 0x0000023a50d1e800 DEOPT UNPACKING pc=0x0000023a34ad912f sp=0x000000d665cfd1b0 mode 2
Event: 61.713 Thread 0x0000023a50d1e800 Uncommon trap: trap_request=0xffffff45 fr.pc=0x0000023a3c8e7610 relative=0x0000000000000290
Event: 61.713 Thread 0x0000023a50d1e800 Uncommon trap: reason=unstable_if action=reinterpret pc=0x0000023a3c8e7610 method=java.lang.Integer.getChars(II[B)I @ 4 c2
Event: 61.713 Thread 0x0000023a50d1e800 DEOPT PACKING pc=0x0000023a3c8e7610 sp=0x000000d665cfcd90
Event: 61.713 Thread 0x0000023a50d1e800 DEOPT UNPACKING pc=0x0000023a34ad912f sp=0x000000d665cfcd20 mode 2
Event: 61.724 Thread 0x0000023a5061b000 Uncommon trap: trap_request=0xffffff45 fr.pc=0x0000023a3c96458c relative=0x0000000000000bcc
Event: 61.724 Thread 0x0000023a5061b000 Uncommon trap: reason=unstable_if action=reinterpret pc=0x0000023a3c96458c method=java.util.concurrent.locks.AbstractQueuedSynchronizer.acquire(Ljava/util/concurrent/locks/AbstractQueuedSynchronizer$Node;IZZZJ)I @ 103 c2
Event: 61.724 Thread 0x0000023a5061b000 DEOPT PACKING pc=0x0000023a3c96458c sp=0x000000d6677fb410
Event: 61.724 Thread 0x0000023a5061b000 DEOPT UNPACKING pc=0x0000023a34ad912f sp=0x000000d6677fb3f0 mode 2
Event: 77.222 Thread 0x0000023a5061d800 Uncommon trap: trap_request=0xffffffde fr.pc=0x0000023a3c8dd894 relative=0x0000000000000d74
Event: 77.222 Thread 0x0000023a5061d800 Uncommon trap: reason=class_check action=maybe_recompile pc=0x0000023a3c8dd894 method=java.util.TreeMap.getEntry(Ljava/lang/Object;)Ljava/util/TreeMap$Entry; @ 26 c2
Event: 77.222 Thread 0x0000023a5061d800 DEOPT PACKING pc=0x0000023a3c8dd894 sp=0x000000d6678fd820
Event: 77.222 Thread 0x0000023a5061d800 DEOPT UNPACKING pc=0x0000023a34ad912f sp=0x000000d6678fd7c8 mode 2
Event: 77.222 Thread 0x0000023a5061d800 Uncommon trap: trap_request=0xffffffde fr.pc=0x0000023a3c8dd894 relative=0x0000000000000d74
Event: 77.222 Thread 0x0000023a5061d800 Uncommon trap: reason=class_check action=maybe_recompile pc=0x0000023a3c8dd894 method=java.util.TreeMap.getEntry(Ljava/lang/Object;)Ljava/util/TreeMap$Entry; @ 26 c2
Event: 77.222 Thread 0x0000023a5061d800 DEOPT PACKING pc=0x0000023a3c8dd894 sp=0x000000d6678fd820
Event: 77.222 Thread 0x0000023a5061d800 DEOPT UNPACKING pc=0x0000023a34ad912f sp=0x000000d6678fd7c8 mode 2

Classes unloaded (0 events):
No events

Classes redefined (0 events):
No events

Internal exceptions (20 events):
Event: 20.253 Thread 0x0000023a2c2ef800 Exception <a 'java/lang/ClassNotFoundException'{0x00000000a435f510}: org/springframework/beans/factory/DisposableBeanCustomizer> (0x00000000a435f510) 
thrown [./open/src/hotspot/share/classfile/systemDictionary.cpp, line 226]
Event: 20.257 Thread 0x0000023a2c2ef800 Exception <a 'java/lang/ClassNotFoundException'{0x00000000a4376478}: java/lang/ObjectCustomizer> (0x00000000a4376478) 
thrown [./open/src/hotspot/share/classfile/systemDictionary.cpp, line 226]
Event: 20.258 Thread 0x0000023a2c2ef800 Exception <a 'java/lang/ClassNotFoundException'{0x00000000a438a980}: org/springframework/cloud/context/scope/GenericScopeCustomizer> (0x00000000a438a980) 
thrown [./open/src/hotspot/share/classfile/systemDictionary.cpp, line 226]
Event: 20.260 Thread 0x0000023a2c2ef800 Exception <a 'java/lang/ClassNotFoundException'{0x00000000a43a5cf0}: org/springframework/beans/factory/config/ScopeCustomizer> (0x00000000a43a5cf0) 
thrown [./open/src/hotspot/share/classfile/systemDictionary.cpp, line 226]
Event: 20.260 Thread 0x0000023a2c2ef800 Exception <a 'java/lang/ClassNotFoundException'{0x00000000a43bb1e8}: org/springframework/beans/factory/config/BeanFactoryPostProcessorCustomizer> (0x00000000a43bb1e8) 
thrown [./open/src/hotspot/share/classfile/systemDictionary.cpp, line 226]
Event: 20.261 Thread 0x0000023a2c2ef800 Exception <a 'java/lang/ClassNotFoundException'{0x00000000a43d0130}: org/springframework/beans/factory/support/BeanDefinitionRegistryPostProcessorCustomizer> (0x00000000a43d0130) 
thrown [./open/src/hotspot/share/classfile/systemDictionary.cpp, line 226]
Event: 20.263 Thread 0x0000023a2c2ef800 Exception <a 'java/lang/ClassNotFoundException'{0x00000000a43e3be8}: org/springframework/beans/factory/config/BeanFactoryPostProcessorCustomizer> (0x00000000a43e3be8) 
thrown [./open/src/hotspot/share/classfile/systemDictionary.cpp, line 226]
Event: 20.264 Thread 0x0000023a2c2ef800 Exception <a 'java/lang/ClassNotFoundException'{0x00000000a43f4bc8}: org/springframework/beans/factory/DisposableBeanCustomizer> (0x00000000a43f4bc8) 
thrown [./open/src/hotspot/share/classfile/systemDictionary.cpp, line 226]
Event: 20.287 Thread 0x0000023a2c2ef800 Exception <a 'java/lang/ClassNotFoundException'{0x00000000a77295e8}: java/lang/ObjectCustomizer> (0x00000000a77295e8) 
thrown [./open/src/hotspot/share/classfile/systemDictionary.cpp, line 226]
Event: 20.288 Thread 0x0000023a2c2ef800 Exception <a 'java/lang/ClassNotFoundException'{0x00000000a7740d80}: org/springframework/cloud/context/properties/ConfigurationPropertiesRebinderCustomizer> (0x00000000a7740d80) 
thrown [./open/src/hotspot/share/classfile/systemDictionary.cpp, line 226]
Event: 20.289 Thread 0x0000023a2c2ef800 Exception <a 'java/lang/ClassNotFoundException'{0x00000000a775b680}: org/springframework/context/ApplicationContextAwareCustomizer> (0x00000000a775b680) 
thrown [./open/src/hotspot/share/classfile/systemDictionary.cpp, line 226]
Event: 20.290 Thread 0x0000023a2c2ef800 Exception <a 'java/lang/ClassNotFoundException'{0x00000000a776b760}: org/springframework/beans/factory/AwareCustomizer> (0x00000000a776b760) 
thrown [./open/src/hotspot/share/classfile/systemDictionary.cpp, line 226]
Event: 20.291 Thread 0x0000023a2c2ef800 Exception <a 'java/lang/ClassNotFoundException'{0x00000000a777b3e8}: org/springframework/context/ApplicationListenerCustomizer> (0x00000000a777b3e8) 
thrown [./open/src/hotspot/share/classfile/systemDictionary.cpp, line 226]
Event: 20.291 Thread 0x0000023a2c2ef800 Exception <a 'java/lang/ClassNotFoundException'{0x00000000a777cc80}: java/util/EventListenerCustomizer> (0x00000000a777cc80) 
thrown [./open/src/hotspot/share/classfile/systemDictionary.cpp, line 226]
Event: 20.292 Thread 0x0000023a2c2ef800 Exception <a 'java/lang/ClassNotFoundException'{0x00000000a7782fe0}: java/lang/ObjectCustomizer> (0x00000000a7782fe0) 
thrown [./open/src/hotspot/share/classfile/systemDictionary.cpp, line 226]
Event: 20.293 Thread 0x0000023a2c2ef800 Exception <a 'java/lang/ClassNotFoundException'{0x00000000a7798408}: org/springframework/jmx/export/metadata/AbstractJmxAttributeCustomizer> (0x00000000a7798408) 
thrown [./open/src/hotspot/share/classfile/systemDictionary.cpp, line 226]
Event: 20.294 Thread 0x0000023a2c2ef800 Exception <a 'java/lang/ClassNotFoundException'{0x00000000a77bf3c8}: org/springframework/jmx/export/metadata/ManagedAttributeCustomizer> (0x00000000a77bf3c8) 
thrown [./open/src/hotspot/share/classfile/systemDictionary.cpp, line 226]
Event: 20.650 Thread 0x0000023a2c2ef800 Exception <a 'java/lang/NoSuchMethodError'{0x00000000a6e881c0}: 'java.lang.Object java.lang.invoke.DirectMethodHandle$Holder.newInvokeSpecial(java.lang.Object, int)'> (0x00000000a6e881c0) 
thrown [./open/src/hotspot/share/interpreter/linkResolver.cpp, line 766]
Event: 60.725 Thread 0x0000023a4b647000 Exception <a 'java/lang/NoSuchMethodError'{0x00000000a53e3668}: 'void java.lang.invoke.DirectMethodHandle$Holder.invokeSpecial(java.lang.Object, java.lang.Object, long)'> (0x00000000a53e3668) 
thrown [./open/src/hotspot/share/interpreter/linkResolver.cpp, line 766]
Event: 77.460 Thread 0x0000023a5061d800 Exception <a 'java/lang/NoSuchMethodError'{0x00000000a459faa0}: 'void java.lang.invoke.DirectMethodHandle$Holder.invokeVirtual(java.lang.Object, java.lang.Object, java.lang.Object, java.lang.Object)'> (0x00000000a459faa0) 
thrown [./open/src/hotspot/share/interpreter/linkResolver.cpp, line 766]

Events (20 events):
Event: 77.249 Executing VM operation: HandshakeOneThread
Event: 77.249 Executing VM operation: HandshakeOneThread done
Event: 77.259 Executing VM operation: HandshakeOneThread
Event: 77.259 Executing VM operation: HandshakeOneThread done
Event: 77.261 loading class java/util/concurrent/CompletionStage
Event: 77.262 loading class java/util/concurrent/CompletionStage done
Event: 77.459 Executing VM operation: HandshakeOneThread
Event: 77.459 Executing VM operation: HandshakeOneThread done
Event: 77.459 Executing VM operation: HandshakeOneThread
Event: 77.459 Executing VM operation: HandshakeOneThread done
Event: 77.461 Executing VM operation: HandshakeOneThread
Event: 77.461 Executing VM operation: HandshakeOneThread done
Event: 77.567 Executing VM operation: G1CollectForAllocation
Event: 77.590 Executing VM operation: G1CollectForAllocation done
Event: 77.655 loading class java/io/FilterReader
Event: 77.655 loading class java/io/FilterReader done
Event: 77.808 loading class javax/swing/tree/TreeNode
Event: 77.850 loading class javax/swing/tree/TreeNode done
Event: 78.915 Executing VM operation: HandshakeOneThread
Event: 78.915 Executing VM operation: HandshakeOneThread done


Dynamic libraries:
0x00007ff744210000 - 0x00007ff74421f000 	C:\Program Files\Java\jdk-14.0.2\bin\java.exe
0x00007ffd52610000 - 0x00007ffd52805000 	C:\WINDOWS\SYSTEM32\ntdll.dll
0x00007ffd52350000 - 0x00007ffd5240d000 	C:\WINDOWS\System32\KERNEL32.DLL
0x00007ffd503a0000 - 0x00007ffd50668000 	C:\WINDOWS\System32\KERNELBASE.dll
0x00007ffd4fd50000 - 0x00007ffd4fe50000 	C:\WINDOWS\System32\ucrtbase.dll
0x00007ffd479b0000 - 0x00007ffd479c8000 	C:\Program Files\Java\jdk-14.0.2\bin\jli.dll
0x00007ffd50eb0000 - 0x00007ffd50f5c000 	C:\WINDOWS\System32\ADVAPI32.dll
0x00007ffd50840000 - 0x00007ffd508de000 	C:\WINDOWS\System32\msvcrt.dll
0x00007ffd52530000 - 0x00007ffd525cb000 	C:\WINDOWS\System32\sechost.dll
0x00007ffd518a0000 - 0x00007ffd519cb000 	C:\WINDOWS\System32\RPCRT4.dll
0x00007ffd51a60000 - 0x00007ffd51c00000 	C:\WINDOWS\System32\USER32.dll
0x00007ffd50370000 - 0x00007ffd50392000 	C:\WINDOWS\System32\win32u.dll
0x00007ffd50e80000 - 0x00007ffd50eaa000 	C:\WINDOWS\System32\GDI32.dll
0x00007ffd4fff0000 - 0x00007ffd500fb000 	C:\WINDOWS\System32\gdi32full.dll
0x00007ffd4fe50000 - 0x00007ffd4feed000 	C:\WINDOWS\System32\msvcp_win.dll
0x00007ffd3eac0000 - 0x00007ffd3ed5a000 	C:\WINDOWS\WinSxS\amd64_microsoft.windows.common-controls_6595b64144ccf1df_6.0.19041.844_none_ca00b6081b84eb1d\COMCTL32.dll
0x00007ffd45140000 - 0x00007ffd4514a000 	C:\WINDOWS\SYSTEM32\VERSION.dll
0x00007ffd48a90000 - 0x00007ffd48aa5000 	C:\Program Files\Java\jdk-14.0.2\bin\VCRUNTIME140.dll
0x00007ffd50810000 - 0x00007ffd50840000 	C:\WINDOWS\System32\IMM32.DLL
0x00007ffd41380000 - 0x00007ffd4141b000 	C:\Program Files\Java\jdk-14.0.2\bin\msvcp140.dll
0x00007ffd22d10000 - 0x00007ffd2382e000 	C:\Program Files\Java\jdk-14.0.2\bin\server\jvm.dll
0x00007ffd50680000 - 0x00007ffd50688000 	C:\WINDOWS\System32\PSAPI.DLL
0x00007ffd42f90000 - 0x00007ffd42f99000 	C:\WINDOWS\SYSTEM32\WSOCK32.dll
0x00007ffd50c50000 - 0x00007ffd50cbb000 	C:\WINDOWS\System32\WS2_32.dll
0x00007ffd43ef0000 - 0x00007ffd43f17000 	C:\WINDOWS\SYSTEM32\WINMM.dll
0x00007ffd4e6a0000 - 0x00007ffd4e6b2000 	C:\WINDOWS\SYSTEM32\kernel.appcore.dll
0x00007ffd479a0000 - 0x00007ffd479aa000 	C:\Program Files\Java\jdk-14.0.2\bin\jimage.dll
0x00007ffd4dc60000 - 0x00007ffd4de44000 	C:\WINDOWS\SYSTEM32\DBGHELP.DLL
0x00007ffd491e0000 - 0x00007ffd4920c000 	C:\WINDOWS\SYSTEM32\dbgcore.DLL
0x00007ffd4fef0000 - 0x00007ffd4ff70000 	C:\WINDOWS\System32\bcryptPrimitives.dll
0x00007ffd47990000 - 0x00007ffd4799e000 	C:\Program Files\Java\jdk-14.0.2\bin\instrument.dll
0x00007ffd41040000 - 0x00007ffd41065000 	C:\Program Files\Java\jdk-14.0.2\bin\java.dll
0x00007ffd46e70000 - 0x00007ffd46e86000 	C:\Program Files\Java\jdk-14.0.2\bin\zip.dll
0x00007ffd51c00000 - 0x00007ffd52342000 	C:\WINDOWS\System32\SHELL32.dll
0x00007ffd4de70000 - 0x00007ffd4e601000 	C:\WINDOWS\SYSTEM32\windows.storage.dll
0x00007ffd51540000 - 0x00007ffd51895000 	C:\WINDOWS\System32\combase.dll
0x00007ffd4f6f0000 - 0x00007ffd4f71c000 	C:\WINDOWS\SYSTEM32\Wldp.dll
0x00007ffd50760000 - 0x00007ffd5080e000 	C:\WINDOWS\System32\SHCORE.dll
0x00007ffd514e0000 - 0x00007ffd51535000 	C:\WINDOWS\System32\shlwapi.dll
0x00007ffd4fc90000 - 0x00007ffd4fcaf000 	C:\WINDOWS\SYSTEM32\profapi.dll
0x00007ffd45cd0000 - 0x00007ffd45ce9000 	C:\Program Files\Java\jdk-14.0.2\bin\net.dll
0x00007ffd4ac70000 - 0x00007ffd4ad7b000 	C:\WINDOWS\SYSTEM32\WINHTTP.dll
0x00007ffd4f460000 - 0x00007ffd4f4ca000 	C:\WINDOWS\system32\mswsock.dll
0x00007ffd410c0000 - 0x00007ffd410d2000 	C:\Program Files\Java\jdk-14.0.2\bin\nio.dll
0x00007ffd41020000 - 0x00007ffd4103a000 	C:\Program Files\JetBrains\IntelliJ IDEA Community Edition 2020.3.3\bin\breakgen64.dll
0x00007ffd45be0000 - 0x00007ffd45bf0000 	C:\Program Files\Java\jdk-14.0.2\bin\verify.dll
0x00007ffd4f150000 - 0x00007ffd4f18b000 	C:\WINDOWS\SYSTEM32\IPHLPAPI.DLL
0x00007ffd50670000 - 0x00007ffd50678000 	C:\WINDOWS\System32\NSI.dll
0x00007ffd48dd0000 - 0x00007ffd48de7000 	C:\WINDOWS\SYSTEM32\dhcpcsvc6.DLL
0x00007ffd49750000 - 0x00007ffd4976d000 	C:\WINDOWS\SYSTEM32\dhcpcsvc.DLL
0x00007ffd4f190000 - 0x00007ffd4f25c000 	C:\WINDOWS\SYSTEM32\DNSAPI.dll
0x00007ffd463b0000 - 0x00007ffd463ba000 	C:\Windows\System32\rasadhlp.dll
0x00007ffd47620000 - 0x00007ffd4769f000 	C:\WINDOWS\System32\fwpuclnt.dll
0x00007ffd4ffc0000 - 0x00007ffd4ffe7000 	C:\WINDOWS\System32\bcrypt.dll
0x00007ffd43c00000 - 0x00007ffd43c09000 	C:\Program Files\Java\jdk-14.0.2\bin\management.dll
0x00007ffd438d0000 - 0x00007ffd438db000 	C:\Program Files\Java\jdk-14.0.2\bin\management_ext.dll
0x00007ffd42970000 - 0x00007ffd42987000 	C:\WINDOWS\system32\napinsp.dll
0x00007ffd42380000 - 0x00007ffd4239b000 	C:\WINDOWS\system32\pnrpnsp.dll
0x00007ffd40340000 - 0x00007ffd40355000 	C:\WINDOWS\system32\wshbth.dll
0x00007ffd49f90000 - 0x00007ffd49fad000 	C:\WINDOWS\system32\NLAapi.dll
0x00007ffd40320000 - 0x00007ffd40332000 	C:\WINDOWS\System32\winrnr.dll
0x00007ffd4f630000 - 0x00007ffd4f648000 	C:\WINDOWS\SYSTEM32\CRYPTSP.dll
0x00007ffd4ee00000 - 0x00007ffd4ee34000 	C:\WINDOWS\system32\rsaenh.dll
0x00007ffd4fba0000 - 0x00007ffd4fbce000 	C:\WINDOWS\SYSTEM32\USERENV.dll
0x00007ffd4f650000 - 0x00007ffd4f65c000 	C:\WINDOWS\SYSTEM32\CRYPTBASE.dll
0x00007ffd41460000 - 0x00007ffd41485000 	C:\Program Files\Java\jdk-14.0.2\bin\sunec.dll

dbghelp: loaded successfully - version: 4.0.5 - missing functions: none
symbol engine: initialized successfully - sym options: 0x614 - pdb path: .;C:\Program Files\Java\jdk-14.0.2\bin;C:\WINDOWS\SYSTEM32;C:\WINDOWS\WinSxS\amd64_microsoft.windows.common-controls_6595b64144ccf1df_6.0.19041.844_none_ca00b6081b84eb1d;C:\Program Files\Java\jdk-14.0.2\bin\server;C:\Program Files\JetBrains\IntelliJ IDEA Community Edition 2020.3.3\bin

VM Arguments:
jvm_args: -javaagent:C:\Program Files\JetBrains\IntelliJ IDEA Community Edition 2020.3.3\lib\idea_rt.jar=52846:C:\Program Files\JetBrains\IntelliJ IDEA Community Edition 2020.3.3\bin -Dfile.encoding=UTF-8 
java_command: com.udacity.eureka.EurekaApplication
java_class_path (initial): E:\SaMeH\Career\Programming\Courses\For Java\Java Web Developer Nanodegree\Part 2\Vehicles APIs\Eureka (Server)\target\classes;C:\Users\ALKODS\.m2\repository\org\springframework\boot\spring-boot-starter\2.1.6.RELEASE\spring-boot-starter-2.1.6.RELEASE.jar;C:\Users\ALKODS\.m2\repository\org\springframework\boot\spring-boot\2.1.6.RELEASE\spring-boot-2.1.6.RELEASE.jar;C:\Users\ALKODS\.m2\repository\org\springframework\spring-context\5.1.4.RELEASE\spring-context-5.1.4.RELEASE.jar;C:\Users\ALKODS\.m2\repository\org\springframework\spring-aop\5.1.4.RELEASE\spring-aop-5.1.4.RELEASE.jar;C:\Users\ALKODS\.m2\repository\org\springframework\spring-beans\5.1.4.RELEASE\spring-beans-5.1.4.RELEASE.jar;C:\Users\ALKODS\.m2\repository\org\springframework\spring-expression\5.1.4.RELEASE\spring-expression-5.1.4.RELEASE.jar;C:\Users\ALKODS\.m2\repository\org\springframework\boot\spring-boot-autoconfigure\2.1.6.RELEASE\spring-boot-autoconfigure-2.1.6.RELEASE.jar;C:\Users\ALKODS\.m2\repository\org\springframework\boot\spring-boot-starter-logging\2.1.6.RELEASE\spring-boot-starter-logging-2.1.6.RELEASE.jar;C:\Users\ALKODS\.m2\repository\ch\qos\logback\logback-classic\1.2.3\logback-classic-1.2.3.jar;C:\Users\ALKODS\.m2\repository\ch\qos\logback\logback-core\1.2.3\logback-core-1.2.3.jar;C:\Users\ALKODS\.m2\repository\org\apache\logging\log4j\log4j-to-slf4j\2.11.2\log4j-to-slf4j-2.11.2.jar;C:\Users\ALKODS\.m2\repository\org\apache\logging\log4j\log4j-api\2.11.1\log4j-api-2.11.1.jar;C:\Users\ALKODS\.m2\repository\org\slf4j\jul-to-slf4j\1.7.26\jul-to-slf4j-1.7.26.jar;C:\Users\ALKODS\.m2\repository\javax\annotation\javax.annotation-api\1.3.2\javax.annotation-api-1.3.2.jar;C:\Users\ALKODS\.m2\repository\org\springframework\spring-core\5.1.8.RELEASE\spring-core-5.1.8.RELEASE.jar;C:\Users\ALKODS\.m2\repository\org\springframework\spring-jcl\5.1.4.RELEASE\spring-jcl-5.1.4.RELEASE.jar;C:\Users\ALKODS\.m2\repository\org\yaml\snakeyaml\1.23\snakeyaml-1.23.jar;C:\Users\ALKODS\.
Launcher Type: SUN_STANDARD

[Global flags]
     intx CICompilerCount                          = 3                                         {product} {ergonomic}
     uint ConcGCThreads                            = 1                                         {product} {ergonomic}
     uint G1ConcRefinementThreads                  = 4                                         {product} {ergonomic}
   size_t G1HeapRegionSize                         = 1048576                                   {product} {ergonomic}
    uintx GCDrainStackTargetSize                   = 64                                        {product} {ergonomic}
   size_t InitialHeapSize                          = 100663296                                 {product} {ergonomic}
   size_t MarkStackSize                            = 4194304                                   {product} {ergonomic}
   size_t MaxHeapSize                              = 1585446912                                {product} {ergonomic}
   size_t MaxNewSize                               = 951058432                                 {product} {ergonomic}
   size_t MinHeapDeltaBytes                        = 1048576                                   {product} {ergonomic}
   size_t MinHeapSize                              = 8388608                                   {product} {ergonomic}
    uintx NonNMethodCodeHeapSize                   = 5832780                                {pd product} {ergonomic}
    uintx NonProfiledCodeHeapSize                  = 122912730                              {pd product} {ergonomic}
    uintx ProfiledCodeHeapSize                     = 122912730                              {pd product} {ergonomic}
    uintx ReservedCodeCacheSize                    = 251658240                              {pd product} {ergonomic}
     bool SegmentedCodeCache                       = true                                      {product} {ergonomic}
   size_t SoftMaxHeapSize                          = 1585446912                             {manageable} {ergonomic}
     bool UseCompressedClassPointers               = true                                 {lp64_product} {ergonomic}
     bool UseCompressedOops                        = true                                 {lp64_product} {ergonomic}
     bool UseG1GC                                  = true                                      {product} {ergonomic}
     bool UseLargePagesIndividualAllocation        = false                                  {pd product} {ergonomic}

Logging:
Log output configuration:
 #0: stdout all=warning uptime,level,tags
 #1: stderr all=off uptime,level,tags

Environment Variables:
PATH=C:\Program Files (x86)\Common Files\Oracle\Java\javapath;C:\WINDOWS\system32;C:\WINDOWS;C:\WINDOWS\System32\Wbem;C:\WINDOWS\System32\WindowsPowerShell\v1.0\;C:\Program Files\Microsoft SQL Server\130\Tools\Binn\;C:\Program Files (x86)\Windows Kits\10\Windows Performance Toolkit\;C:\xampp\php;C:\composer;C:\WINDOWS\System32\OpenSSH\;C:\Program Files\nodejs\;C:\Users\ALKODS\AppData\Local\Programs\Python\Python36\Scripts;C:\Program Files\Git\cmd;C:\Program Files\Git\mingw64\bin;C:\Program Files\Git\usr\bin;C:\Users\ALKODS\AppData\Local\Microsoft\WindowsApps;C:\Users\ALKODS\AppData\Roaming\Composer\vendor\bin;C:\Users\ALKODS\AppData\Roaming\npm;;C:\Users\ALKODS\AppData\Local\Programs\Microsoft VS Code\bin
USERNAME=ALKODS
OS=Windows_NT
PROCESSOR_IDENTIFIER=Intel64 Family 6 Model 58 Stepping 9, GenuineIntel



---------------  S Y S T E M  ---------------

OS: Windows 10 , 64 bit Build 19041 (10.0.19041.928)
OS uptime: 0 days 3:29 hours

CPU:total 4 (initial active 4) (2 cores per cpu, 2 threads per core) family 6 model 58 stepping 9, cmov, cx8, fxsr, mmx, sse, sse2, sse3, ssse3, sse4.1, sse4.2, popcnt, avx, aes, clmul, erms, ht, tsc, tscinvbit, tscinv

Memory: 4k page, system-wide physical 6046M (358M free)
TotalPageFile size 7697M (AvailPageFile size 65M)
current process WorkingSet (physical memory assigned to process): 244M, peak: 298M
current process commit charge ("private bytes"): 285M, peak: 333M

vm_info: Java HotSpot(TM) 64-Bit Server VM (14.0.2+12-46) for windows-amd64 JRE (14.0.2+12-46), built on Jul  9 2020 00:35:52 by "mach5one" with MS VC++ 15.9 (VS2017)

END.
