#
# There is insufficient memory for the Java Runtime Environment to continue.
# Native memory allocation (malloc) failed to allocate 32744 bytes for ChunkPool::allocate
# Possible reasons:
#   The system is out of physical RAM or swap space
#   The process is running with CompressedOops enabled, and the Java Heap may be blocking the growth of the native heap
# Possible solutions:
#   Reduce memory load on the system
#   Increase physical memory or swap space
#   Check if swap backing store is full
#   Decrease Java heap size (-Xmx/-Xms)
#   Decrease number of Java threads
#   Decrease Java thread stack sizes (-Xss)
#   Set larger code cache with -XX:ReservedCodeCacheSize=
#   JVM is running with Unscaled Compressed Oops mode in which the Java heap is
#     placed in the first 4GB address space. The Java Heap base address is the
#     maximum limit for the native heap growth. Please use -XX:HeapBaseMinAddress
#     to set the Java Heap base and to place the Java Heap above 4GB virtual address.
# This output file may be truncated or incomplete.
#
#  Out of Memory Error (./open/src/hotspot/share/memory/arena.cpp:79), pid=8284, tid=9140
#
# JRE version: Java(TM) SE Runtime Environment (14.0.2+12) (build 14.0.2+12-46)
# Java VM: Java HotSpot(TM) 64-Bit Server VM (14.0.2+12-46, mixed mode, sharing, tiered, compressed oops, g1 gc, windows-amd64)
# No core dump will be written. Minidumps are not enabled by default on client versions of Windows
#

---------------  S U M M A R Y ------------

Command Line: -javaagent:C:\Program Files\JetBrains\IntelliJ IDEA Community Edition 2020.3.3\lib\idea_rt.jar=53175:C:\Program Files\JetBrains\IntelliJ IDEA Community Edition 2020.3.3\bin -Dfile.encoding=UTF-8 com.udacity.boogle.maps.BoogleMapsApplication

Host: Intel(R) Core(TM) i5-3337U CPU @ 1.80GHz, 4 cores, 5G,  Windows 10 , 64 bit Build 19041 (10.0.19041.928)
Time: Tue Apr 20 03:52:39 2021 Egypt Standard Time elapsed time: 2 seconds (0d 0h 0m 2s)

---------------  T H R E A D  ---------------

Current thread (0x0000028e67653800):  JavaThread "restartedMain" [_thread_in_vm, id=9140, stack(0x000000b8eb400000,0x000000b8eb500000)]

Stack: [0x000000b8eb400000,0x000000b8eb500000]
Native frames: (J=compiled Java code, j=interpreted, Vv=VM code, C=native code)
V  [jvm.dll+0x5f8a9a]
V  [jvm.dll+0x74247a]
V  [jvm.dll+0x743c2f]
V  [jvm.dll+0x744273]
V  [jvm.dll+0x20d288]
V  [jvm.dll+0xabea6]
V  [jvm.dll+0xac1fc]
V  [jvm.dll+0x1bade9]
V  [jvm.dll+0x1bbc05]
V  [jvm.dll+0x1bc802]
V  [jvm.dll+0x1b0c2e]
V  [jvm.dll+0x4d3642]
V  [jvm.dll+0x6ccdd9]
V  [jvm.dll+0x3b49d0]
V  [jvm.dll+0x3b97bd]
C  [java.dll+0x1970]

Java frames: (J=compiled Java code, j=interpreted, Vv=VM code)
J 742  java.lang.ClassLoader.defineClass1(Ljava/lang/ClassLoader;Ljava/lang/String;[BIILjava/security/ProtectionDomain;Ljava/lang/String;)Ljava/lang/Class; java.base@14.0.2 (0 bytes) @ 0x0000028e5911e58b [0x0000028e5911e4c0+0x00000000000000cb]
J 1113 c1 java.lang.ClassLoader.defineClass(Ljava/lang/String;[BIILjava/security/ProtectionDomain;)Ljava/lang/Class; java.base@14.0.2 (43 bytes) @ 0x0000028e51dc85f4 [0x0000028e51dc8280+0x0000000000000374]
J 940 c1 jdk.internal.loader.BuiltinClassLoader.defineClass(Ljava/lang/String;Ljdk/internal/loader/Resource;)Ljava/lang/Class; java.base@14.0.2 (121 bytes) @ 0x0000028e51d6d284 [0x0000028e51d6c0c0+0x00000000000011c4]
J 711 c1 jdk.internal.loader.BuiltinClassLoader.findClassOnClassPathOrNull(Ljava/lang/String;)Ljava/lang/Class; java.base@14.0.2 (64 bytes) @ 0x0000028e51cfb454 [0x0000028e51cfa580+0x0000000000000ed4]
J 467 c1 jdk.internal.loader.BuiltinClassLoader.loadClassOrNull(Ljava/lang/String;Z)Ljava/lang/Class; java.base@14.0.2 (143 bytes) @ 0x0000028e51c5cf3c [0x0000028e51c5ba40+0x00000000000014fc]
J 615 c1 jdk.internal.loader.ClassLoaders$AppClassLoader.loadClass(Ljava/lang/String;Z)Ljava/lang/Class; java.base@14.0.2 (40 bytes) @ 0x0000028e51cbd5b4 [0x0000028e51cbcf60+0x0000000000000654]
J 612 c1 java.lang.ClassLoader.loadClass(Ljava/lang/String;)Ljava/lang/Class; java.base@14.0.2 (7 bytes) @ 0x0000028e51cbbf6c [0x0000028e51cbbe40+0x000000000000012c]
v  ~StubRoutines::call_stub
j  org.springframework.beans.factory.support.DefaultListableBeanFactory.<init>()V+15
j  org.springframework.context.support.GenericApplicationContext.<init>()V+25
j  org.springframework.web.context.support.GenericWebApplicationContext.<init>()V+1
j  org.springframework.boot.web.servlet.context.ServletWebServerApplicationContext.<init>()V+1
j  org.springframework.boot.web.servlet.context.AnnotationConfigServletWebServerApplicationContext.<init>()V+1
v  ~StubRoutines::call_stub
j  jdk.internal.reflect.NativeConstructorAccessorImpl.newInstance0(Ljava/lang/reflect/Constructor;[Ljava/lang/Object;)Ljava/lang/Object;+0 java.base@14.0.2
j  jdk.internal.reflect.NativeConstructorAccessorImpl.newInstance([Ljava/lang/Object;)Ljava/lang/Object;+85 java.base@14.0.2
J 1457 c1 jdk.internal.reflect.DelegatingConstructorAccessorImpl.newInstance([Ljava/lang/Object;)Ljava/lang/Object; java.base@14.0.2 (9 bytes) @ 0x0000028e51e622ec [0x0000028e51e621c0+0x000000000000012c]
J 1392 c1 java.lang.reflect.Constructor.newInstanceWithCaller([Ljava/lang/Object;ZLjava/lang/Class;)Ljava/lang/Object; java.base@14.0.2 (75 bytes) @ 0x0000028e51e475f4 [0x0000028e51e47380+0x0000000000000274]
j  java.lang.reflect.Constructor.newInstance([Ljava/lang/Object;)Ljava/lang/Object;+30 java.base@14.0.2
j  org.springframework.beans.BeanUtils.instantiateClass(Ljava/lang/reflect/Constructor;[Ljava/lang/Object;)Ljava/lang/Object;+36
j  org.springframework.beans.BeanUtils.instantiateClass(Ljava/lang/Class;)Ljava/lang/Object;+36
j  org.springframework.boot.SpringApplication.createApplicationContext()Lorg/springframework/context/ConfigurableApplicationContext;+88
j  org.springframework.boot.SpringApplication.run([Ljava/lang/String;)Lorg/springframework/context/ConfigurableApplicationContext;+74
j  org.springframework.boot.SpringApplication.run([Ljava/lang/Class;[Ljava/lang/String;)Lorg/springframework/context/ConfigurableApplicationContext;+9
j  org.springframework.boot.SpringApplication.run(Ljava/lang/Class;[Ljava/lang/String;)Lorg/springframework/context/ConfigurableApplicationContext;+9
j  com.udacity.boogle.maps.BoogleMapsApplication.main([Ljava/lang/String;)V+3
v  ~StubRoutines::call_stub
j  jdk.internal.reflect.NativeMethodAccessorImpl.invoke0(Ljava/lang/reflect/Method;Ljava/lang/Object;[Ljava/lang/Object;)Ljava/lang/Object;+0 java.base@14.0.2
j  jdk.internal.reflect.NativeMethodAccessorImpl.invoke(Ljava/lang/Object;[Ljava/lang/Object;)Ljava/lang/Object;+100 java.base@14.0.2
j  jdk.internal.reflect.DelegatingMethodAccessorImpl.invoke(Ljava/lang/Object;[Ljava/lang/Object;)Ljava/lang/Object;+6 java.base@14.0.2
j  java.lang.reflect.Method.invoke(Ljava/lang/Object;[Ljava/lang/Object;)Ljava/lang/Object;+59 java.base@14.0.2
j  org.springframework.boot.devtools.restart.RestartLauncher.run()V+41
v  ~StubRoutines::call_stub

---------------  P R O C E S S  ---------------

Threads class SMR info:
_java_thread_list=0x0000028e676d4a00, length=16, elements={
0x0000028e48e61800, 0x0000028e662e6800, 0x0000028e662e7800, 0x0000028e66305000,
0x0000028e66308000, 0x0000028e6630a800, 0x0000028e6630b800, 0x0000028e6630d000,
0x0000028e6637b800, 0x0000028e662df000, 0x0000028e66df5000, 0x0000028e66fd5800,
0x0000028e67652000, 0x0000028e67653800, 0x0000028e67674000, 0x0000028e67654800
}

Java Threads: ( => current thread )
  0x0000028e48e61800 JavaThread "main" [_thread_blocked, id=10112, stack(0x000000b8e9d00000,0x000000b8e9e00000)]
  0x0000028e662e6800 JavaThread "Reference Handler" daemon [_thread_blocked, id=5288, stack(0x000000b8ea400000,0x000000b8ea500000)]
  0x0000028e662e7800 JavaThread "Finalizer" daemon [_thread_blocked, id=10612, stack(0x000000b8ea500000,0x000000b8ea600000)]
  0x0000028e66305000 JavaThread "Signal Dispatcher" daemon [_thread_blocked, id=4460, stack(0x000000b8ea600000,0x000000b8ea700000)]
  0x0000028e66308000 JavaThread "Attach Listener" daemon [_thread_blocked, id=9664, stack(0x000000b8ea700000,0x000000b8ea800000)]
  0x0000028e6630a800 JavaThread "Service Thread" daemon [_thread_blocked, id=8892, stack(0x000000b8ea800000,0x000000b8ea900000)]
  0x0000028e6630b800 JavaThread "C2 CompilerThread0" daemon [_thread_in_native, id=4256, stack(0x000000b8ea900000,0x000000b8eaa00000)]
  0x0000028e6630d000 JavaThread "C1 CompilerThread0" daemon [_thread_blocked, id=9248, stack(0x000000b8eaa00000,0x000000b8eab00000)]
  0x0000028e6637b800 JavaThread "Sweeper thread" daemon [_thread_blocked, id=868, stack(0x000000b8eab00000,0x000000b8eac00000)]
  0x0000028e662df000 JavaThread "Common-Cleaner" daemon [_thread_blocked, id=3208, stack(0x000000b8eac00000,0x000000b8ead00000)]
  0x0000028e66df5000 JavaThread "Monitor Ctrl-Break" daemon [_thread_in_native, id=8956, stack(0x000000b8ead00000,0x000000b8eae00000)]
  0x0000028e66fd5800 JavaThread "Notification Thread" daemon [_thread_blocked, id=10672, stack(0x000000b8eae00000,0x000000b8eaf00000)]
  0x0000028e67652000 JavaThread "Thread-0" [_thread_blocked, id=1128, stack(0x000000b8eb200000,0x000000b8eb300000)]
=>0x0000028e67653800 JavaThread "restartedMain" [_thread_in_vm, id=9140, stack(0x000000b8eb400000,0x000000b8eb500000)]
  0x0000028e67674000 JavaThread "background-preinit" [_thread_in_vm, id=10736, stack(0x000000b8eb500000,0x000000b8eb600000)]
  0x0000028e67654800 JavaThread "C2 CompilerThread1" daemon [_thread_in_native, id=6824, stack(0x000000b8eb700000,0x000000b8eb800000)]

Other Threads:
  0x0000028e662e3000 VMThread "VM Thread" [stack: 0x000000b8ea300000,0x000000b8ea400000] [id=9044]
  0x0000028e66dbd000 WatcherThread [stack: 0x000000b8eaf00000,0x000000b8eb000000] [id=10768]
  0x0000028e48e99000 GCTaskThread "GC Thread#0" [stack: 0x000000b8e9e00000,0x000000b8e9f00000] [id=4452]
  0x0000028e67397800 GCTaskThread "GC Thread#1" [stack: 0x000000b8eb000000,0x000000b8eb100000] [id=7840]
  0x0000028e67727800 GCTaskThread "GC Thread#2" [stack: 0x000000b8eb300000,0x000000b8eb400000] [id=8508]
  0x0000028e67728000 GCTaskThread "GC Thread#3" [stack: 0x000000b8eb600000,0x000000b8eb700000] [id=7712]
  0x0000028e48ea9800 ConcurrentGCThread "G1 Main Marker" [stack: 0x000000b8e9f00000,0x000000b8ea000000] [id=9272]
  0x0000028e48eaa800 ConcurrentGCThread "G1 Conc#0" [stack: 0x000000b8ea000000,0x000000b8ea100000] [id=6080]
  0x0000028e48f18800 ConcurrentGCThread "G1 Refine#0" [stack: 0x000000b8ea100000,0x000000b8ea200000] [id=9512]
  0x0000028e66d8e800 ConcurrentGCThread "G1 Refine#1" [stack: 0x000000b8eb100000,0x000000b8eb200000] [id=7836]
  0x0000028e48f1a000 ConcurrentGCThread "G1 Young RemSet Sampling" [stack: 0x000000b8ea200000,0x000000b8ea300000] [id=7176]

Threads with active compile tasks:
C2 CompilerThread0     2362 1451       4       jdk.internal.loader.URLClassPath::getResource (74 bytes)
C2 CompilerThread1     2362 1488   !   4       java.net.URL::<init> (543 bytes)

VM state:not at safepoint (normal execution)

VM Mutex/Monitor currently owned by a thread: None

Heap address: 0x00000000a1800000, size: 1512 MB, Compressed Oops mode: 32-bit
Narrow klass base: 0x0000000800000000, Narrow klass shift: 3
Compressed class space size: 1073741824 Address: 0x0000000800b30000

Heap:
 garbage-first heap   total 98304K, used 26266K [0x00000000a1800000, 0x0000000100000000)
  region size 1024K, 24 young (24576K), 1 survivors (1024K)
 Metaspace       used 10090K, capacity 10606K, committed 10752K, reserved 1058816K
  class space    used 1344K, capacity 1480K, committed 1536K, reserved 1048576K
Heap Regions: E=young(eden), S=young(survivor), O=old, HS=humongous(starts), HC=humongous(continues), CS=collection set, F=free, OA=open archive, CA=closed archive, TAMS=top-at-mark-start (previous, next)
|   0|0x00000000a1800000, 0x00000000a1900000, 0x00000000a1900000|100%| O|  |TAMS 0x00000000a1800000, 0x00000000a1800000| Untracked 
|   1|0x00000000a1900000, 0x00000000a1a00000, 0x00000000a1a00000|100%| O|  |TAMS 0x00000000a1900000, 0x00000000a1900000| Untracked 
|   2|0x00000000a1a00000, 0x00000000a1b00000, 0x00000000a1b00000|100%| O|  |TAMS 0x00000000a1a00000, 0x00000000a1a00000| Untracked 
|   3|0x00000000a1b00000, 0x00000000a1bb8a00, 0x00000000a1c00000| 72%| O|  |TAMS 0x00000000a1b00000, 0x00000000a1b00000| Untracked 
|   4|0x00000000a1c00000, 0x00000000a1c00000, 0x00000000a1d00000|  0%| F|  |TAMS 0x00000000a1c00000, 0x00000000a1c00000| Untracked 
|   5|0x00000000a1d00000, 0x00000000a1d00000, 0x00000000a1e00000|  0%| F|  |TAMS 0x00000000a1d00000, 0x00000000a1d00000| Untracked 
|   6|0x00000000a1e00000, 0x00000000a1e00000, 0x00000000a1f00000|  0%| F|  |TAMS 0x00000000a1e00000, 0x00000000a1e00000| Untracked 
|   7|0x00000000a1f00000, 0x00000000a1f00000, 0x00000000a2000000|  0%| F|  |TAMS 0x00000000a1f00000, 0x00000000a1f00000| Untracked 
|   8|0x00000000a2000000, 0x00000000a2000000, 0x00000000a2100000|  0%| F|  |TAMS 0x00000000a2000000, 0x00000000a2000000| Untracked 
|   9|0x00000000a2100000, 0x00000000a2100000, 0x00000000a2200000|  0%| F|  |TAMS 0x00000000a2100000, 0x00000000a2100000| Untracked 
|  10|0x00000000a2200000, 0x00000000a2200000, 0x00000000a2300000|  0%| F|  |TAMS 0x00000000a2200000, 0x00000000a2200000| Untracked 
|  11|0x00000000a2300000, 0x00000000a2300000, 0x00000000a2400000|  0%| F|  |TAMS 0x00000000a2300000, 0x00000000a2300000| Untracked 
|  12|0x00000000a2400000, 0x00000000a2400000, 0x00000000a2500000|  0%| F|  |TAMS 0x00000000a2400000, 0x00000000a2400000| Untracked 
|  13|0x00000000a2500000, 0x00000000a2500000, 0x00000000a2600000|  0%| F|  |TAMS 0x00000000a2500000, 0x00000000a2500000| Untracked 
|  14|0x00000000a2600000, 0x00000000a2600000, 0x00000000a2700000|  0%| F|  |TAMS 0x00000000a2600000, 0x00000000a2600000| Untracked 
|  15|0x00000000a2700000, 0x00000000a2700000, 0x00000000a2800000|  0%| F|  |TAMS 0x00000000a2700000, 0x00000000a2700000| Untracked 
|  16|0x00000000a2800000, 0x00000000a2800000, 0x00000000a2900000|  0%| F|  |TAMS 0x00000000a2800000, 0x00000000a2800000| Untracked 
|  17|0x00000000a2900000, 0x00000000a2900000, 0x00000000a2a00000|  0%| F|  |TAMS 0x00000000a2900000, 0x00000000a2900000| Untracked 
|  18|0x00000000a2a00000, 0x00000000a2a00000, 0x00000000a2b00000|  0%| F|  |TAMS 0x00000000a2a00000, 0x00000000a2a00000| Untracked 
|  19|0x00000000a2b00000, 0x00000000a2b00000, 0x00000000a2c00000|  0%| F|  |TAMS 0x00000000a2b00000, 0x00000000a2b00000| Untracked 
|  20|0x00000000a2c00000, 0x00000000a2c00000, 0x00000000a2d00000|  0%| F|  |TAMS 0x00000000a2c00000, 0x00000000a2c00000| Untracked 
|  21|0x00000000a2d00000, 0x00000000a2d00000, 0x00000000a2e00000|  0%| F|  |TAMS 0x00000000a2d00000, 0x00000000a2d00000| Untracked 
|  22|0x00000000a2e00000, 0x00000000a2e00000, 0x00000000a2f00000|  0%| F|  |TAMS 0x00000000a2e00000, 0x00000000a2e00000| Untracked 
|  23|0x00000000a2f00000, 0x00000000a2f00000, 0x00000000a3000000|  0%| F|  |TAMS 0x00000000a2f00000, 0x00000000a2f00000| Untracked 
|  24|0x00000000a3000000, 0x00000000a3000000, 0x00000000a3100000|  0%| F|  |TAMS 0x00000000a3000000, 0x00000000a3000000| Untracked 
|  25|0x00000000a3100000, 0x00000000a3100000, 0x00000000a3200000|  0%| F|  |TAMS 0x00000000a3100000, 0x00000000a3100000| Untracked 
|  26|0x00000000a3200000, 0x00000000a3200000, 0x00000000a3300000|  0%| F|  |TAMS 0x00000000a3200000, 0x00000000a3200000| Untracked 
|  27|0x00000000a3300000, 0x00000000a3300000, 0x00000000a3400000|  0%| F|  |TAMS 0x00000000a3300000, 0x00000000a3300000| Untracked 
|  28|0x00000000a3400000, 0x00000000a3400000, 0x00000000a3500000|  0%| F|  |TAMS 0x00000000a3400000, 0x00000000a3400000| Untracked 
|  29|0x00000000a3500000, 0x00000000a3500000, 0x00000000a3600000|  0%| F|  |TAMS 0x00000000a3500000, 0x00000000a3500000| Untracked 
|  30|0x00000000a3600000, 0x00000000a3600000, 0x00000000a3700000|  0%| F|  |TAMS 0x00000000a3600000, 0x00000000a3600000| Untracked 
|  31|0x00000000a3700000, 0x00000000a3700000, 0x00000000a3800000|  0%| F|  |TAMS 0x00000000a3700000, 0x00000000a3700000| Untracked 
|  32|0x00000000a3800000, 0x00000000a3800000, 0x00000000a3900000|  0%| F|  |TAMS 0x00000000a3800000, 0x00000000a3800000| Untracked 
|  33|0x00000000a3900000, 0x00000000a3900000, 0x00000000a3a00000|  0%| F|  |TAMS 0x00000000a3900000, 0x00000000a3900000| Untracked 
|  34|0x00000000a3a00000, 0x00000000a3a00000, 0x00000000a3b00000|  0%| F|  |TAMS 0x00000000a3a00000, 0x00000000a3a00000| Untracked 
|  35|0x00000000a3b00000, 0x00000000a3b00000, 0x00000000a3c00000|  0%| F|  |TAMS 0x00000000a3b00000, 0x00000000a3b00000| Untracked 
|  36|0x00000000a3c00000, 0x00000000a3c00000, 0x00000000a3d00000|  0%| F|  |TAMS 0x00000000a3c00000, 0x00000000a3c00000| Untracked 
|  37|0x00000000a3d00000, 0x00000000a3d00000, 0x00000000a3e00000|  0%| F|  |TAMS 0x00000000a3d00000, 0x00000000a3d00000| Untracked 
|  38|0x00000000a3e00000, 0x00000000a3e00000, 0x00000000a3f00000|  0%| F|  |TAMS 0x00000000a3e00000, 0x00000000a3e00000| Untracked 
|  39|0x00000000a3f00000, 0x00000000a3f00000, 0x00000000a4000000|  0%| F|  |TAMS 0x00000000a3f00000, 0x00000000a3f00000| Untracked 
|  40|0x00000000a4000000, 0x00000000a4000000, 0x00000000a4100000|  0%| F|  |TAMS 0x00000000a4000000, 0x00000000a4000000| Untracked 
|  41|0x00000000a4100000, 0x00000000a4100000, 0x00000000a4200000|  0%| F|  |TAMS 0x00000000a4100000, 0x00000000a4100000| Untracked 
|  42|0x00000000a4200000, 0x00000000a4200000, 0x00000000a4300000|  0%| F|  |TAMS 0x00000000a4200000, 0x00000000a4200000| Untracked 
|  43|0x00000000a4300000, 0x00000000a4300000, 0x00000000a4400000|  0%| F|  |TAMS 0x00000000a4300000, 0x00000000a4300000| Untracked 
|  44|0x00000000a4400000, 0x00000000a4400000, 0x00000000a4500000|  0%| F|  |TAMS 0x00000000a4400000, 0x00000000a4400000| Untracked 
|  45|0x00000000a4500000, 0x00000000a4500000, 0x00000000a4600000|  0%| F|  |TAMS 0x00000000a4500000, 0x00000000a4500000| Untracked 
|  46|0x00000000a4600000, 0x00000000a4600000, 0x00000000a4700000|  0%| F|  |TAMS 0x00000000a4600000, 0x00000000a4600000| Untracked 
|  47|0x00000000a4700000, 0x00000000a4700000, 0x00000000a4800000|  0%| F|  |TAMS 0x00000000a4700000, 0x00000000a4700000| Untracked 
|  48|0x00000000a4800000, 0x00000000a4800000, 0x00000000a4900000|  0%| F|  |TAMS 0x00000000a4800000, 0x00000000a4800000| Untracked 
|  49|0x00000000a4900000, 0x00000000a4900000, 0x00000000a4a00000|  0%| F|  |TAMS 0x00000000a4900000, 0x00000000a4900000| Untracked 
|  50|0x00000000a4a00000, 0x00000000a4a00000, 0x00000000a4b00000|  0%| F|  |TAMS 0x00000000a4a00000, 0x00000000a4a00000| Untracked 
|  51|0x00000000a4b00000, 0x00000000a4b00000, 0x00000000a4c00000|  0%| F|  |TAMS 0x00000000a4b00000, 0x00000000a4b00000| Untracked 
|  52|0x00000000a4c00000, 0x00000000a4c00000, 0x00000000a4d00000|  0%| F|  |TAMS 0x00000000a4c00000, 0x00000000a4c00000| Untracked 
|  53|0x00000000a4d00000, 0x00000000a4d00000, 0x00000000a4e00000|  0%| F|  |TAMS 0x00000000a4d00000, 0x00000000a4d00000| Untracked 
|  54|0x00000000a4e00000, 0x00000000a4e00000, 0x00000000a4f00000|  0%| F|  |TAMS 0x00000000a4e00000, 0x00000000a4e00000| Untracked 
|  55|0x00000000a4f00000, 0x00000000a4f00000, 0x00000000a5000000|  0%| F|  |TAMS 0x00000000a4f00000, 0x00000000a4f00000| Untracked 
|  56|0x00000000a5000000, 0x00000000a5000000, 0x00000000a5100000|  0%| F|  |TAMS 0x00000000a5000000, 0x00000000a5000000| Untracked 
|  57|0x00000000a5100000, 0x00000000a5100000, 0x00000000a5200000|  0%| F|  |TAMS 0x00000000a5100000, 0x00000000a5100000| Untracked 
|  58|0x00000000a5200000, 0x00000000a5200000, 0x00000000a5300000|  0%| F|  |TAMS 0x00000000a5200000, 0x00000000a5200000| Untracked 
|  59|0x00000000a5300000, 0x00000000a5300000, 0x00000000a5400000|  0%| F|  |TAMS 0x00000000a5300000, 0x00000000a5300000| Untracked 
|  60|0x00000000a5400000, 0x00000000a5400000, 0x00000000a5500000|  0%| F|  |TAMS 0x00000000a5400000, 0x00000000a5400000| Untracked 
|  61|0x00000000a5500000, 0x00000000a5500000, 0x00000000a5600000|  0%| F|  |TAMS 0x00000000a5500000, 0x00000000a5500000| Untracked 
|  62|0x00000000a5600000, 0x00000000a5600000, 0x00000000a5700000|  0%| F|  |TAMS 0x00000000a5600000, 0x00000000a5600000| Untracked 
|  63|0x00000000a5700000, 0x00000000a5700000, 0x00000000a5800000|  0%| F|  |TAMS 0x00000000a5700000, 0x00000000a5700000| Untracked 
|  64|0x00000000a5800000, 0x00000000a5800000, 0x00000000a5900000|  0%| F|  |TAMS 0x00000000a5800000, 0x00000000a5800000| Untracked 
|  65|0x00000000a5900000, 0x00000000a5900000, 0x00000000a5a00000|  0%| F|  |TAMS 0x00000000a5900000, 0x00000000a5900000| Untracked 
|  66|0x00000000a5a00000, 0x00000000a5a00000, 0x00000000a5b00000|  0%| F|  |TAMS 0x00000000a5a00000, 0x00000000a5a00000| Untracked 
|  67|0x00000000a5b00000, 0x00000000a5b00000, 0x00000000a5c00000|  0%| F|  |TAMS 0x00000000a5b00000, 0x00000000a5b00000| Untracked 
|  68|0x00000000a5c00000, 0x00000000a5c00000, 0x00000000a5d00000|  0%| F|  |TAMS 0x00000000a5c00000, 0x00000000a5c00000| Untracked 
|  69|0x00000000a5d00000, 0x00000000a5d00000, 0x00000000a5e00000|  0%| F|  |TAMS 0x00000000a5d00000, 0x00000000a5d00000| Untracked 
|  70|0x00000000a5e00000, 0x00000000a5e00000, 0x00000000a5f00000|  0%| F|  |TAMS 0x00000000a5e00000, 0x00000000a5e00000| Untracked 
|  71|0x00000000a5f00000, 0x00000000a5f00000, 0x00000000a6000000|  0%| F|  |TAMS 0x00000000a5f00000, 0x00000000a5f00000| Untracked 
|  72|0x00000000a6000000, 0x00000000a6100000, 0x00000000a6100000|100%| E|  |TAMS 0x00000000a6000000, 0x00000000a6000000| Complete 
|  73|0x00000000a6100000, 0x00000000a6200000, 0x00000000a6200000|100%| E|CS|TAMS 0x00000000a6100000, 0x00000000a6100000| Complete 
|  74|0x00000000a6200000, 0x00000000a6300000, 0x00000000a6300000|100%| E|CS|TAMS 0x00000000a6200000, 0x00000000a6200000| Complete 
|  75|0x00000000a6300000, 0x00000000a6400000, 0x00000000a6400000|100%| E|CS|TAMS 0x00000000a6300000, 0x00000000a6300000| Complete 
|  76|0x00000000a6400000, 0x00000000a6500000, 0x00000000a6500000|100%| E|CS|TAMS 0x00000000a6400000, 0x00000000a6400000| Complete 
|  77|0x00000000a6500000, 0x00000000a6600000, 0x00000000a6600000|100%| E|CS|TAMS 0x00000000a6500000, 0x00000000a6500000| Complete 
|  78|0x00000000a6600000, 0x00000000a6700000, 0x00000000a6700000|100%| E|CS|TAMS 0x00000000a6600000, 0x00000000a6600000| Complete 
|  79|0x00000000a6700000, 0x00000000a6800000, 0x00000000a6800000|100%| E|CS|TAMS 0x00000000a6700000, 0x00000000a6700000| Complete 
|  80|0x00000000a6800000, 0x00000000a6900000, 0x00000000a6900000|100%| E|CS|TAMS 0x00000000a6800000, 0x00000000a6800000| Complete 
|  81|0x00000000a6900000, 0x00000000a6a00000, 0x00000000a6a00000|100%| E|CS|TAMS 0x00000000a6900000, 0x00000000a6900000| Complete 
|  82|0x00000000a6a00000, 0x00000000a6b00000, 0x00000000a6b00000|100%| E|CS|TAMS 0x00000000a6a00000, 0x00000000a6a00000| Complete 
|  83|0x00000000a6b00000, 0x00000000a6c00000, 0x00000000a6c00000|100%| E|CS|TAMS 0x00000000a6b00000, 0x00000000a6b00000| Complete 
|  84|0x00000000a6c00000, 0x00000000a6cede50, 0x00000000a6d00000| 92%| S|CS|TAMS 0x00000000a6c00000, 0x00000000a6c00000| Complete 
|  85|0x00000000a6d00000, 0x00000000a6e00000, 0x00000000a6e00000|100%| E|CS|TAMS 0x00000000a6d00000, 0x00000000a6d00000| Complete 
|  86|0x00000000a6e00000, 0x00000000a6f00000, 0x00000000a6f00000|100%| E|CS|TAMS 0x00000000a6e00000, 0x00000000a6e00000| Complete 
|  87|0x00000000a6f00000, 0x00000000a7000000, 0x00000000a7000000|100%| E|CS|TAMS 0x00000000a6f00000, 0x00000000a6f00000| Complete 
|  88|0x00000000a7000000, 0x00000000a7100000, 0x00000000a7100000|100%| E|CS|TAMS 0x00000000a7000000, 0x00000000a7000000| Complete 
|  89|0x00000000a7100000, 0x00000000a7200000, 0x00000000a7200000|100%| E|CS|TAMS 0x00000000a7100000, 0x00000000a7100000| Complete 
|  90|0x00000000a7200000, 0x00000000a7300000, 0x00000000a7300000|100%| E|CS|TAMS 0x00000000a7200000, 0x00000000a7200000| Complete 
|  91|0x00000000a7300000, 0x00000000a7400000, 0x00000000a7400000|100%| E|CS|TAMS 0x00000000a7300000, 0x00000000a7300000| Complete 
|  92|0x00000000a7400000, 0x00000000a7500000, 0x00000000a7500000|100%| E|CS|TAMS 0x00000000a7400000, 0x00000000a7400000| Complete 
|  93|0x00000000a7500000, 0x00000000a7600000, 0x00000000a7600000|100%| E|CS|TAMS 0x00000000a7500000, 0x00000000a7500000| Complete 
|  94|0x00000000a7600000, 0x00000000a7700000, 0x00000000a7700000|100%| E|CS|TAMS 0x00000000a7600000, 0x00000000a7600000| Complete 
|  95|0x00000000a7700000, 0x00000000a7800000, 0x00000000a7800000|100%| E|  |TAMS 0x00000000a7700000, 0x00000000a7700000| Complete 

Card table byte_map: [0x0000028e60910000,0x0000028e60c10000] _byte_map_base: 0x0000028e60404000

Marking Bits (Prev, Next): (CMBitMap*) 0x0000028e48e99ba8, (CMBitMap*) 0x0000028e48e99be8
 Prev Bits: [0x0000028e60f10000, 0x0000028e626b0000)
 Next Bits: [0x0000028e626b0000, 0x0000028e63e50000)

Polling page: 0x0000028e46e10000

Metaspace:

Usage:
  Non-class:      8.91 MB capacity,     8.54 MB ( 96%) used,   354.79 KB (  4%) free+waste,    24.75 KB ( <1%) overhead. 
      Class:      1.45 MB capacity,     1.31 MB ( 91%) used,   122.20 KB (  8%) free+waste,    13.69 KB ( <1%) overhead. 
       Both:     10.36 MB capacity,     9.85 MB ( 95%) used,   476.98 KB (  4%) free+waste,    38.44 KB ( <1%) overhead. 

Virtual space:
  Non-class space:       10.00 MB reserved,       9.00 MB ( 90%) committed 
      Class space:        1.00 GB reserved,       1.50 MB ( <1%) committed 
             Both:        1.01 GB reserved,      10.50 MB (  1%) committed 

Chunk freelists:
   Non-Class:  26.00 KB
       Class:  24.00 KB
        Both:  50.00 KB

MaxMetaspaceSize: 17179869184.00 GB
CompressedClassSpaceSize: 1.00 GB

CodeHeap 'non-profiled nmethods': size=120000Kb used=514Kb max_used=514Kb free=119485Kb
 bounds [0x0000028e590e0000, 0x0000028e59350000, 0x0000028e60610000]
CodeHeap 'profiled nmethods': size=120000Kb used=2809Kb max_used=2809Kb free=117191Kb
 bounds [0x0000028e51bb0000, 0x0000028e51e70000, 0x0000028e590e0000]
CodeHeap 'non-nmethods': size=5760Kb used=1196Kb max_used=1211Kb free=4563Kb
 bounds [0x0000028e51610000, 0x0000028e51880000, 0x0000028e51bb0000]
 total_blobs=1943 nmethods=1485 adapters=371
 compilation: enabled
              stopped_count=0, restarted_count=0
 full_count=0

Compilation events (20 events):
Event: 2.180 Thread 0x0000028e6630d000 1477       3       jdk.internal.reflect.UTF8::utf8Length (81 bytes)
Event: 2.182 Thread 0x0000028e6630d000 nmethod 1477 0x0000028e51e6a710 code [0x0000028e51e6a940, 0x0000028e51e6b1d8]
Event: 2.182 Thread 0x0000028e6630d000 1478   !   3       jdk.internal.reflect.UTF8::encode (191 bytes)
Event: 2.182 Thread 0x0000028e67654800 nmethod 1480 0x0000028e5915ed90 code [0x0000028e5915ef60, 0x0000028e5915f128]
Event: 2.182 Thread 0x0000028e67654800 1481       4       jdk.internal.reflect.ByteVectorImpl::add (38 bytes)
Event: 2.183 Thread 0x0000028e6630d000 nmethod 1478 0x0000028e51e6b590 code [0x0000028e51e6b800, 0x0000028e51e6c3f8]
Event: 2.183 Thread 0x0000028e6630d000 1479       3       jdk.internal.reflect.ClassFileAssembler::emitConstantPoolUTF8 (50 bytes)
Event: 2.184 Thread 0x0000028e67654800 nmethod 1481 0x0000028e5915f290 code [0x0000028e5915f440, 0x0000028e5915f5a8]
Event: 2.184 Thread 0x0000028e6630d000 nmethod 1479 0x0000028e51e6ca90 code [0x0000028e51e6ccc0, 0x0000028e51e6d348]
Event: 2.184 Thread 0x0000028e6630d000 1482       3       jdk.internal.reflect.ByteVectorImpl::get (26 bytes)
Event: 2.184 Thread 0x0000028e6630d000 nmethod 1482 0x0000028e51e6d710 code [0x0000028e51e6d8c0, 0x0000028e51e6daa8]
Event: 2.186 Thread 0x0000028e67654800 1484       4       java.lang.String::<init> (74 bytes)
Event: 2.192 Thread 0x0000028e67654800 nmethod 1484 0x0000028e5915fb90 code [0x0000028e5915fd40, 0x0000028e59160198]
Event: 2.192 Thread 0x0000028e67654800 1485       4       java.lang.StringConcatHelper::prepend (37 bytes)
Event: 2.194 Thread 0x0000028e67654800 nmethod 1485 0x0000028e59160310 code [0x0000028e591604e0, 0x0000028e591606d8]
Event: 2.198 Thread 0x0000028e6630d000 1486       1       java.lang.reflect.Constructor::getSharedParameterTypes (5 bytes)
Event: 2.199 Thread 0x0000028e6630d000 nmethod 1486 0x0000028e59160890 code [0x0000028e59160a20, 0x0000028e59160af8]
Event: 2.201 Thread 0x0000028e6630d000 1487       3       java.util.LinkedHashMap::get (33 bytes)
Event: 2.202 Thread 0x0000028e6630d000 nmethod 1487 0x0000028e51e6dc10 code [0x0000028e51e6dde0, 0x0000028e51e6e248]
Event: 2.204 Thread 0x0000028e67654800 1488   !   4       java.net.URL::<init> (543 bytes)

GC Heap History (4 events):
Event: 1.115 GC heap before
{Heap before GC invocations=0 (full 0):
 garbage-first heap   total 98304K, used 13312K [0x00000000a1800000, 0x0000000100000000)
  region size 1024K, 13 young (13312K), 0 survivors (0K)
 Metaspace       used 3745K, capacity 6042K, committed 6272K, reserved 1056768K
  class space    used 402K, capacity 631K, committed 640K, reserved 1048576K
}
Event: 1.151 GC heap after
{Heap after GC invocations=1 (full 0):
 garbage-first heap   total 98304K, used 3641K [0x00000000a1800000, 0x0000000100000000)
  region size 1024K, 2 young (2048K), 2 survivors (2048K)
 Metaspace       used 3745K, capacity 6042K, committed 6272K, reserved 1056768K
  class space    used 402K, capacity 631K, committed 640K, reserved 1048576K
}
Event: 1.639 GC heap before
{Heap before GC invocations=1 (full 0):
 garbage-first heap   total 98304K, used 14905K [0x00000000a1800000, 0x0000000100000000)
  region size 1024K, 13 young (13312K), 2 survivors (2048K)
 Metaspace       used 5962K, capacity 7140K, committed 7296K, reserved 1056768K
  class space    used 696K, capacity 830K, committed 896K, reserved 1048576K
}
Event: 1.648 GC heap after
{Heap after GC invocations=2 (full 0):
 garbage-first heap   total 98304K, used 4762K [0x00000000a1800000, 0x0000000100000000)
  region size 1024K, 1 young (1024K), 1 survivors (1024K)
 Metaspace       used 5962K, capacity 7140K, committed 7296K, reserved 1056768K
  class space    used 696K, capacity 830K, committed 896K, reserved 1048576K
}

Deoptimization events (20 events):
Event: 1.844 Thread 0x0000028e67653800 DEOPT PACKING pc=0x0000028e51ddb610 sp=0x000000b8eb4fd8e0
Event: 1.844 Thread 0x0000028e67653800 DEOPT UNPACKING pc=0x0000028e5165964e sp=0x000000b8eb4fcdf8 mode 0
Event: 1.871 Thread 0x0000028e67674000 Uncommon trap: trap_request=0xffffffc6 fr.pc=0x0000028e5912c430 relative=0x0000000000000610
Event: 1.871 Thread 0x0000028e67674000 Uncommon trap: reason=bimorphic_or_optimized_type_check action=maybe_recompile pc=0x0000028e5912c430 method=java.util.concurrent.ConcurrentHashMap.get(Ljava/lang/Object;)Ljava/lang/Object; @ 149 c2
Event: 1.871 Thread 0x0000028e67674000 DEOPT PACKING pc=0x0000028e5912c430 sp=0x000000b8eb5fd400
Event: 1.871 Thread 0x0000028e67674000 DEOPT UNPACKING pc=0x0000028e5165912f sp=0x000000b8eb5fd3a0 mode 2
Event: 1.872 Thread 0x0000028e67674000 Uncommon trap: trap_request=0xffffffc6 fr.pc=0x0000028e5912c430 relative=0x0000000000000610
Event: 1.872 Thread 0x0000028e67674000 Uncommon trap: reason=bimorphic_or_optimized_type_check action=maybe_recompile pc=0x0000028e5912c430 method=java.util.concurrent.ConcurrentHashMap.get(Ljava/lang/Object;)Ljava/lang/Object; @ 149 c2
Event: 1.872 Thread 0x0000028e67674000 DEOPT PACKING pc=0x0000028e5912c430 sp=0x000000b8eb5fd400
Event: 1.872 Thread 0x0000028e67674000 DEOPT UNPACKING pc=0x0000028e5165912f sp=0x000000b8eb5fd3a0 mode 2
Event: 1.873 Thread 0x0000028e67674000 Uncommon trap: trap_request=0xffffffc6 fr.pc=0x0000028e5912c430 relative=0x0000000000000610
Event: 1.873 Thread 0x0000028e67674000 Uncommon trap: reason=bimorphic_or_optimized_type_check action=maybe_recompile pc=0x0000028e5912c430 method=java.util.concurrent.ConcurrentHashMap.get(Ljava/lang/Object;)Ljava/lang/Object; @ 149 c2
Event: 1.873 Thread 0x0000028e67674000 DEOPT PACKING pc=0x0000028e5912c430 sp=0x000000b8eb5fd400
Event: 1.873 Thread 0x0000028e67674000 DEOPT UNPACKING pc=0x0000028e5165912f sp=0x000000b8eb5fd3a0 mode 2
Event: 1.874 Thread 0x0000028e67674000 Uncommon trap: trap_request=0xffffffc6 fr.pc=0x0000028e5912c430 relative=0x0000000000000610
Event: 1.874 Thread 0x0000028e67674000 Uncommon trap: reason=bimorphic_or_optimized_type_check action=maybe_recompile pc=0x0000028e5912c430 method=java.util.concurrent.ConcurrentHashMap.get(Ljava/lang/Object;)Ljava/lang/Object; @ 149 c2
Event: 1.874 Thread 0x0000028e67674000 DEOPT PACKING pc=0x0000028e5912c430 sp=0x000000b8eb5fd400
Event: 1.874 Thread 0x0000028e67674000 DEOPT UNPACKING pc=0x0000028e5165912f sp=0x000000b8eb5fd3a0 mode 2
Event: 1.916 Thread 0x0000028e67674000 DEOPT PACKING pc=0x0000028e51ddb610 sp=0x000000b8eb5fe040
Event: 1.916 Thread 0x0000028e67674000 DEOPT UNPACKING pc=0x0000028e5165964e sp=0x000000b8eb5fd558 mode 0

Classes unloaded (0 events):
No events

Classes redefined (0 events):
No events

Internal exceptions (17 events):
Event: 0.611 Thread 0x0000028e48e61800 Exception <a 'java/lang/ClassNotFoundException'{0x00000000a72e33f0}: javax/smartcardio/CardPermission> (0x00000000a72e33f0) 
thrown [./open/src/hotspot/share/classfile/systemDictionary.cpp, line 226]
Event: 0.621 Thread 0x0000028e48e61800 Exception <a 'java/io/FileNotFoundException'{0x00000000a72f1790}> (0x00000000a72f1790) 
thrown [./open/src/hotspot/share/prims/jni.cpp, line 599]
Event: 0.879 Thread 0x0000028e48e61800 Exception <a 'java/lang/NoSuchMethodError'{0x00000000a6eb83d8}: 'int java.lang.invoke.DirectMethodHandle$Holder.invokeStaticInit(java.lang.Object, java.lang.Object)'> (0x00000000a6eb83d8) 
thrown [./open/src/hotspot/share/interpreter/linkResolver.cpp, line 766]
Event: 1.196 Thread 0x0000028e48e61800 Exception <a 'java/lang/NoSuchMethodError'{0x00000000a777b4f0}: 'java.lang.Object java.lang.invoke.DirectMethodHandle$Holder.invokeStaticInit(java.lang.Object, java.lang.Object, java.lang.Object)'> (0x00000000a777b4f0) 
thrown [./open/src/hotspot/share/interpreter/linkResolver.cpp, line 766]
Event: 1.538 Thread 0x0000028e67653800 Exception <a 'java/io/FileNotFoundException'{0x00000000a70efb00}> (0x00000000a70efb00) 
thrown [./open/src/hotspot/share/prims/jni.cpp, line 599]
Event: 1.594 Thread 0x0000028e67653800 Implicit null exception at 0x0000028e5910dbe8 to 0x0000028e5910dc7a
Event: 1.594 Thread 0x0000028e67653800 Implicit null exception at 0x0000028e590ff12f to 0x0000028e590ff1ad
Event: 1.661 Thread 0x0000028e67653800 Exception <a 'java/lang/NoSuchMethodError'{0x00000000a7795f68}: 'void java.lang.invoke.DirectMethodHandle$Holder.invokeSpecial(java.lang.Object, java.lang.Object, java.lang.Object, java.lang.Object)'> (0x00000000a7795f68) 
thrown [./open/src/hotspot/share/interpreter/linkResolver.cpp, line 766]
Event: 1.684 Thread 0x0000028e67653800 Exception <a 'java/lang/NoSuchMethodError'{0x00000000a76c0588}: 'java.lang.Object java.lang.invoke.DirectMethodHandle$Holder.invokeStatic(java.lang.Object, java.lang.Object, int, java.lang.Object)'> (0x00000000a76c0588) 
thrown [./open/src/hotspot/share/interpreter/linkResolver.cpp, line 766]
Event: 1.695 Thread 0x0000028e67653800 Exception <a 'java/lang/NoSuchMethodError'{0x00000000a76c6820}: 'java.lang.Object java.lang.invoke.Invokers$Holder.linkToTargetMethod(java.lang.Object, int, java.lang.Object, java.lang.Object)'> (0x00000000a76c6820) 
thrown [./open/src/hotspot/share/interpreter/linkResolver.cpp, line 766]
Event: 1.696 Thread 0x0000028e67653800 Exception <a 'java/lang/NoSuchMethodError'{0x00000000a76c9f20}: 'void java.lang.invoke.DirectMethodHandle$Holder.invokeSpecial(java.lang.Object, java.lang.Object, java.lang.Object, java.lang.Object, java.lang.Object, java.lang.Object)'> (0x00000000a76c9f20) 
thrown [./open/src/hotspot/share/interpreter/linkResolver.cpp, line 766]
Event: 1.699 Thread 0x0000028e67653800 Exception <a 'java/lang/NoSuchMethodError'{0x00000000a7568bc0}: 'java.lang.Object java.lang.invoke.Invokers$Holder.linkToTargetMethod(java.lang.Object, java.lang.Object, java.lang.Object, java.lang.Object, java.lang.Object, java.lang.Object)'> (0x00000000a7568bc0) 
thrown [./open/src/hotspot/share/interpreter/linkResolver.cpp, line 766]
Event: 1.700 Thread 0x0000028e67653800 Exception <a 'java/lang/NoSuchMethodError'{0x00000000a756c2d8}: 'int java.lang.invoke.DirectMethodHandle$Holder.invokeSpecial(java.lang.Object, java.lang.Object, java.lang.Object, java.lang.Object)'> (0x00000000a756c2d8) 
thrown [./open/src/hotspot/share/interpreter/linkResolver.cpp, line 766]
Event: 1.796 Thread 0x0000028e67653800 Exception <a 'java/lang/NoSuchMethodError'{0x00000000a7291658}: 'void java.lang.invoke.DirectMethodHandle$Holder.invokeStatic(java.lang.Object, java.lang.Object, java.lang.Object, java.lang.Object)'> (0x00000000a7291658) 
thrown [./open/src/hotspot/share/interpreter/linkResolver.cpp, line 766]
Event: 1.874 Thread 0x0000028e67653800 Exception <a 'java/lang/NoSuchMethodError'{0x00000000a6e3e3c8}: 'void java.lang.invoke.DirectMethodHandle$Holder.invokeStaticInit(java.lang.Object, java.lang.Object)'> (0x00000000a6e3e3c8) 
thrown [./open/src/hotspot/share/interpreter/linkResolver.cpp, line 766]
Event: 1.935 Thread 0x0000028e67653800 Exception <a 'java/lang/NoSuchMethodError'{0x00000000a6d99218}: 'java.lang.Object java.lang.invoke.DirectMethodHandle$Holder.invokeVirtual(java.lang.Object, java.lang.Object, java.lang.Object)'> (0x00000000a6d99218) 
thrown [./open/src/hotspot/share/interpreter/linkResolver.cpp, line 766]
Event: 2.142 Thread 0x0000028e67653800 Exception <a 'java/lang/NoSuchMethodError'{0x00000000a62308e8}: 'int java.lang.invoke.DirectMethodHandle$Holder.invokeSpecialIFC(java.lang.Object, java.lang.Object, int)'> (0x00000000a62308e8) 
thrown [./open/src/hotspot/share/interpreter/linkResolver.cpp, line 766]

Events (20 events):
Event: 2.139 loading class java/util/zip/ZipException
Event: 2.139 loading class java/util/zip/ZipException done
Event: 2.143 loading class java/util/regex/Pattern$Curly
Event: 2.143 loading class java/util/regex/Pattern$Curly done
Event: 2.147 loading class java/security/PrivilegedActionException
Event: 2.147 loading class java/security/PrivilegedActionException done
Event: 2.158 Executing VM operation: HandshakeOneThread
Event: 2.158 Executing VM operation: HandshakeOneThread done
Event: 2.158 Executing VM operation: HandshakeOneThread
Event: 2.158 Executing VM operation: HandshakeOneThread done
Event: 2.171 Executing VM operation: HandshakeAllThreads
Event: 2.176 Executing VM operation: HandshakeAllThreads done
Event: 2.199 Executing VM operation: HandshakeOneThread
Event: 2.199 Executing VM operation: HandshakeOneThread done
Event: 2.199 Executing VM operation: HandshakeOneThread
Event: 2.199 Executing VM operation: HandshakeOneThread done
Event: 2.199 loading class java/io/NotSerializableException
Event: 2.199 loading class java/io/ObjectStreamException
Event: 2.199 loading class java/io/ObjectStreamException done
Event: 2.199 loading class java/io/NotSerializableException done


Dynamic libraries:
0x00007ff744210000 - 0x00007ff74421f000 	C:\Program Files\Java\jdk-14.0.2\bin\java.exe
0x00007ffd52610000 - 0x00007ffd52805000 	C:\WINDOWS\SYSTEM32\ntdll.dll
0x00007ffd52350000 - 0x00007ffd5240d000 	C:\WINDOWS\System32\KERNEL32.DLL
0x00007ffd503a0000 - 0x00007ffd50668000 	C:\WINDOWS\System32\KERNELBASE.dll
0x00007ffd4fd50000 - 0x00007ffd4fe50000 	C:\WINDOWS\System32\ucrtbase.dll
0x00007ffd48a90000 - 0x00007ffd48aa5000 	C:\Program Files\Java\jdk-14.0.2\bin\VCRUNTIME140.dll
0x00007ffd479b0000 - 0x00007ffd479c8000 	C:\Program Files\Java\jdk-14.0.2\bin\jli.dll
0x00007ffd50eb0000 - 0x00007ffd50f5c000 	C:\WINDOWS\System32\ADVAPI32.dll
0x00007ffd50840000 - 0x00007ffd508de000 	C:\WINDOWS\System32\msvcrt.dll
0x00007ffd52530000 - 0x00007ffd525cb000 	C:\WINDOWS\System32\sechost.dll
0x00007ffd518a0000 - 0x00007ffd519cb000 	C:\WINDOWS\System32\RPCRT4.dll
0x00007ffd51a60000 - 0x00007ffd51c00000 	C:\WINDOWS\System32\USER32.dll
0x00007ffd50370000 - 0x00007ffd50392000 	C:\WINDOWS\System32\win32u.dll
0x00007ffd3eac0000 - 0x00007ffd3ed5a000 	C:\WINDOWS\WinSxS\amd64_microsoft.windows.common-controls_6595b64144ccf1df_6.0.19041.844_none_ca00b6081b84eb1d\COMCTL32.dll
0x00007ffd50e80000 - 0x00007ffd50eaa000 	C:\WINDOWS\System32\GDI32.dll
0x00007ffd4fff0000 - 0x00007ffd500fb000 	C:\WINDOWS\System32\gdi32full.dll
0x00007ffd4fe50000 - 0x00007ffd4feed000 	C:\WINDOWS\System32\msvcp_win.dll
0x00007ffd45140000 - 0x00007ffd4514a000 	C:\WINDOWS\SYSTEM32\VERSION.dll
0x00007ffd50810000 - 0x00007ffd50840000 	C:\WINDOWS\System32\IMM32.DLL
0x00007ffd41380000 - 0x00007ffd4141b000 	C:\Program Files\Java\jdk-14.0.2\bin\msvcp140.dll
0x00007ffd22d10000 - 0x00007ffd2382e000 	C:\Program Files\Java\jdk-14.0.2\bin\server\jvm.dll
0x00007ffd50680000 - 0x00007ffd50688000 	C:\WINDOWS\System32\PSAPI.DLL
0x00007ffd42f90000 - 0x00007ffd42f99000 	C:\WINDOWS\SYSTEM32\WSOCK32.dll
0x00007ffd50c50000 - 0x00007ffd50cbb000 	C:\WINDOWS\System32\WS2_32.dll
0x00007ffd43ef0000 - 0x00007ffd43f17000 	C:\WINDOWS\SYSTEM32\WINMM.dll
0x00007ffd4e6a0000 - 0x00007ffd4e6b2000 	C:\WINDOWS\SYSTEM32\kernel.appcore.dll
0x00007ffd479a0000 - 0x00007ffd479aa000 	C:\Program Files\Java\jdk-14.0.2\bin\jimage.dll
0x00007ffd4dc60000 - 0x00007ffd4de44000 	C:\WINDOWS\SYSTEM32\DBGHELP.DLL
0x00007ffd491e0000 - 0x00007ffd4920c000 	C:\WINDOWS\SYSTEM32\dbgcore.DLL
0x00007ffd4fef0000 - 0x00007ffd4ff70000 	C:\WINDOWS\System32\bcryptPrimitives.dll
0x00007ffd47990000 - 0x00007ffd4799e000 	C:\Program Files\Java\jdk-14.0.2\bin\instrument.dll
0x00007ffd41040000 - 0x00007ffd41065000 	C:\Program Files\Java\jdk-14.0.2\bin\java.dll
0x00007ffd46e70000 - 0x00007ffd46e86000 	C:\Program Files\Java\jdk-14.0.2\bin\zip.dll
0x00007ffd51c00000 - 0x00007ffd52342000 	C:\WINDOWS\System32\SHELL32.dll
0x00007ffd4de70000 - 0x00007ffd4e601000 	C:\WINDOWS\SYSTEM32\windows.storage.dll
0x00007ffd51540000 - 0x00007ffd51895000 	C:\WINDOWS\System32\combase.dll
0x00007ffd4f6f0000 - 0x00007ffd4f71c000 	C:\WINDOWS\SYSTEM32\Wldp.dll
0x00007ffd50760000 - 0x00007ffd5080e000 	C:\WINDOWS\System32\SHCORE.dll
0x00007ffd514e0000 - 0x00007ffd51535000 	C:\WINDOWS\System32\shlwapi.dll
0x00007ffd4fc90000 - 0x00007ffd4fcaf000 	C:\WINDOWS\SYSTEM32\profapi.dll
0x00007ffd45cd0000 - 0x00007ffd45ce9000 	C:\Program Files\Java\jdk-14.0.2\bin\net.dll
0x00007ffd4ac70000 - 0x00007ffd4ad7b000 	C:\WINDOWS\SYSTEM32\WINHTTP.dll
0x00007ffd4f460000 - 0x00007ffd4f4ca000 	C:\WINDOWS\system32\mswsock.dll
0x00007ffd410c0000 - 0x00007ffd410d2000 	C:\Program Files\Java\jdk-14.0.2\bin\nio.dll
0x00007ffd41020000 - 0x00007ffd4103a000 	C:\Program Files\JetBrains\IntelliJ IDEA Community Edition 2020.3.3\bin\breakgen64.dll
0x00007ffd45be0000 - 0x00007ffd45bf0000 	C:\Program Files\Java\jdk-14.0.2\bin\verify.dll
0x00007ffd43c00000 - 0x00007ffd43c09000 	C:\Program Files\Java\jdk-14.0.2\bin\management.dll
0x00007ffd438d0000 - 0x00007ffd438db000 	C:\Program Files\Java\jdk-14.0.2\bin\management_ext.dll
0x00007ffd42970000 - 0x00007ffd42987000 	C:\WINDOWS\system32\napinsp.dll
0x00007ffd42380000 - 0x00007ffd4239b000 	C:\WINDOWS\system32\pnrpnsp.dll
0x00007ffd40340000 - 0x00007ffd40355000 	C:\WINDOWS\system32\wshbth.dll
0x00007ffd49f90000 - 0x00007ffd49fad000 	C:\WINDOWS\system32\NLAapi.dll
0x00007ffd4f150000 - 0x00007ffd4f18b000 	C:\WINDOWS\SYSTEM32\IPHLPAPI.DLL
0x00007ffd4f190000 - 0x00007ffd4f25c000 	C:\WINDOWS\SYSTEM32\DNSAPI.dll
0x00007ffd50670000 - 0x00007ffd50678000 	C:\WINDOWS\System32\NSI.dll
0x00007ffd40320000 - 0x00007ffd40332000 	C:\WINDOWS\System32\winrnr.dll
0x00007ffd463b0000 - 0x00007ffd463ba000 	C:\Windows\System32\rasadhlp.dll
0x00007ffd47620000 - 0x00007ffd4769f000 	C:\WINDOWS\System32\fwpuclnt.dll
0x00007ffd4ffc0000 - 0x00007ffd4ffe7000 	C:\WINDOWS\System32\bcrypt.dll

dbghelp: loaded successfully - version: 4.0.5 - missing functions: none
symbol engine: initialized successfully - sym options: 0x614 - pdb path: .;C:\Program Files\Java\jdk-14.0.2\bin;C:\WINDOWS\SYSTEM32;C:\WINDOWS\WinSxS\amd64_microsoft.windows.common-controls_6595b64144ccf1df_6.0.19041.844_none_ca00b6081b84eb1d;C:\Program Files\Java\jdk-14.0.2\bin\server;C:\Program Files\JetBrains\IntelliJ IDEA Community Edition 2020.3.3\bin

VM Arguments:
jvm_args: -javaagent:C:\Program Files\JetBrains\IntelliJ IDEA Community Edition 2020.3.3\lib\idea_rt.jar=53175:C:\Program Files\JetBrains\IntelliJ IDEA Community Edition 2020.3.3\bin -Dfile.encoding=UTF-8 
java_command: com.udacity.boogle.maps.BoogleMapsApplication
java_class_path (initial): E:\SaMeH\Career\Programming\Courses\For Java\Java Web Developer Nanodegree\Part 2\Vehicles APIs\boogle-maps\target\classes;C:\Users\ALKODS\.m2\repository\org\springframework\boot\spring-boot-starter-web\2.1.6.RELEASE\spring-boot-starter-web-2.1.6.RELEASE.jar;C:\Users\ALKODS\.m2\repository\org\springframework\boot\spring-boot-starter\2.1.6.RELEASE\spring-boot-starter-2.1.6.RELEASE.jar;C:\Users\ALKODS\.m2\repository\org\springframework\boot\spring-boot-starter-logging\2.1.6.RELEASE\spring-boot-starter-logging-2.1.6.RELEASE.jar;C:\Users\ALKODS\.m2\repository\ch\qos\logback\logback-classic\1.2.3\logback-classic-1.2.3.jar;C:\Users\ALKODS\.m2\repository\ch\qos\logback\logback-core\1.2.3\logback-core-1.2.3.jar;C:\Users\ALKODS\.m2\repository\org\apache\logging\log4j\log4j-to-slf4j\2.11.2\log4j-to-slf4j-2.11.2.jar;C:\Users\ALKODS\.m2\repository\org\apache\logging\log4j\log4j-api\2.11.2\log4j-api-2.11.2.jar;C:\Users\ALKODS\.m2\repository\org\slf4j\jul-to-slf4j\1.7.26\jul-to-slf4j-1.7.26.jar;C:\Users\ALKODS\.m2\repository\javax\annotation\javax.annotation-api\1.3.2\javax.annotation-api-1.3.2.jar;C:\Users\ALKODS\.m2\repository\org\yaml\snakeyaml\1.23\snakeyaml-1.23.jar;C:\Users\ALKODS\.m2\repository\org\springframework\boot\spring-boot-starter-json\2.1.6.RELEASE\spring-boot-starter-json-2.1.6.RELEASE.jar;C:\Users\ALKODS\.m2\repository\com\fasterxml\jackson\core\jackson-databind\2.9.9\jackson-databind-2.9.9.jar;C:\Users\ALKODS\.m2\repository\com\fasterxml\jackson\core\jackson-annotations\2.9.0\jackson-annotations-2.9.0.jar;C:\Users\ALKODS\.m2\repository\com\fasterxml\jackson\core\jackson-core\2.9.9\jackson-core-2.9.9.jar;C:\Users\ALKODS\.m2\repository\com\fasterxml\jackson\datatype\jackson-datatype-jdk8\2.9.9\jackson-datatype-jdk8-2.9.9.jar;C:\Users\ALKODS\.m2\repository\com\fasterxml\jackson\datatype\jackson-datatype-jsr310\2.9.9\jackson-datatype-jsr310-2.9.9.jar;C:\Users\ALKODS\.m2\repository\com\fasterxml\jackson\module\jackson-module-parameter-na
Launcher Type: SUN_STANDARD

[Global flags]
     intx CICompilerCount                          = 3                                         {product} {ergonomic}
     uint ConcGCThreads                            = 1                                         {product} {ergonomic}
     uint G1ConcRefinementThreads                  = 4                                         {product} {ergonomic}
   size_t G1HeapRegionSize                         = 1048576                                   {product} {ergonomic}
    uintx GCDrainStackTargetSize                   = 64                                        {product} {ergonomic}
   size_t InitialHeapSize                          = 100663296                                 {product} {ergonomic}
   size_t MarkStackSize                            = 4194304                                   {product} {ergonomic}
   size_t MaxHeapSize                              = 1585446912                                {product} {ergonomic}
   size_t MaxNewSize                               = 951058432                                 {product} {ergonomic}
   size_t MinHeapDeltaBytes                        = 1048576                                   {product} {ergonomic}
   size_t MinHeapSize                              = 8388608                                   {product} {ergonomic}
    uintx NonNMethodCodeHeapSize                   = 5832780                                {pd product} {ergonomic}
    uintx NonProfiledCodeHeapSize                  = 122912730                              {pd product} {ergonomic}
    uintx ProfiledCodeHeapSize                     = 122912730                              {pd product} {ergonomic}
    uintx ReservedCodeCacheSize                    = 251658240                              {pd product} {ergonomic}
     bool SegmentedCodeCache                       = true                                      {product} {ergonomic}
   size_t SoftMaxHeapSize                          = 1585446912                             {manageable} {ergonomic}
     bool UseCompressedClassPointers               = true                                 {lp64_product} {ergonomic}
     bool UseCompressedOops                        = true                                 {lp64_product} {ergonomic}
     bool UseG1GC                                  = true                                      {product} {ergonomic}
     bool UseLargePagesIndividualAllocation        = false                                  {pd product} {ergonomic}

Logging:
Log output configuration:
 #0: stdout all=warning uptime,level,tags
 #1: stderr all=off uptime,level,tags

Environment Variables:
PATH=C:\Program Files (x86)\Common Files\Oracle\Java\javapath;C:\WINDOWS\system32;C:\WINDOWS;C:\WINDOWS\System32\Wbem;C:\WINDOWS\System32\WindowsPowerShell\v1.0\;C:\Program Files\Microsoft SQL Server\130\Tools\Binn\;C:\Program Files (x86)\Windows Kits\10\Windows Performance Toolkit\;C:\xampp\php;C:\composer;C:\WINDOWS\System32\OpenSSH\;C:\Program Files\nodejs\;C:\Users\ALKODS\AppData\Local\Programs\Python\Python36\Scripts;C:\Program Files\Git\cmd;C:\Program Files\Git\mingw64\bin;C:\Program Files\Git\usr\bin;C:\Users\ALKODS\AppData\Local\Microsoft\WindowsApps;C:\Users\ALKODS\AppData\Roaming\Composer\vendor\bin;C:\Users\ALKODS\AppData\Roaming\npm;;C:\Users\ALKODS\AppData\Local\Programs\Microsoft VS Code\bin
USERNAME=ALKODS
OS=Windows_NT
PROCESSOR_IDENTIFIER=Intel64 Family 6 Model 58 Stepping 9, GenuineIntel



---------------  S Y S T E M  ---------------

OS: Windows 10 , 64 bit Build 19041 (10.0.19041.928)
OS uptime: 0 days 3:36 hours

CPU:total 4 (initial active 4) (2 cores per cpu, 2 threads per core) family 6 model 58 stepping 9, cmov, cx8, fxsr, mmx, sse, sse2, sse3, ssse3, sse4.1, sse4.2, popcnt, avx, aes, clmul, erms, ht, tsc, tscinvbit, tscinv

Memory: 4k page, system-wide physical 6046M (416M free)
TotalPageFile size 7697M (AvailPageFile size 0M)
current process WorkingSet (physical memory assigned to process): 93M, peak: 93M
current process commit charge ("private bytes"): 196M, peak: 197M

vm_info: Java HotSpot(TM) 64-Bit Server VM (14.0.2+12-46) for windows-amd64 JRE (14.0.2+12-46), built on Jul  9 2020 00:35:52 by "mach5one" with MS VC++ 15.9 (VS2017)

END.
